<?xml version="1.0" encoding="UTF-8"?>
<testsuite xmlns:xsi="http://www.w3.org/2001/XMLSchema-instance" xsi:noNamespaceSchemaLocation="https://maven.apache.org/surefire/maven-surefire-plugin/xsd/surefire-test-report-3.0.xsd" version="3.0" name="com.microproductos.maestro.model.ProductoTest" time="0.095" tests="4" errors="0" skipped="0" failures="0">
  <properties>
    <property name="sonar.projectName" value="&apos;micro-maestro&apos;"/>
    <property name="java.specification.version" value="17"/>
    <property name="sun.cpu.isalist" value="amd64"/>
    <property name="sonar.host.url" value="http://localhost:9000"/>
    <property name="sun.jnu.encoding" value="Cp1252"/>
    <property name="java.class.path" value="C:\sonar\maestro\target\test-classes;C:\sonar\maestro\target\classes;C:\Users\Dario\.m2\repository\org\springframework\boot\spring-boot-starter-actuator\3.3.5\spring-boot-starter-actuator-3.3.5.jar;C:\Users\Dario\.m2\repository\org\springframework\boot\spring-boot-starter\3.3.5\spring-boot-starter-3.3.5.jar;C:\Users\Dario\.m2\repository\org\springframework\boot\spring-boot-starter-logging\3.3.5\spring-boot-starter-logging-3.3.5.jar;C:\Users\Dario\.m2\repository\ch\qos\logback\logback-classic\1.5.11\logback-classic-1.5.11.jar;C:\Users\Dario\.m2\repository\ch\qos\logback\logback-core\1.5.11\logback-core-1.5.11.jar;C:\Users\Dario\.m2\repository\org\apache\logging\log4j\log4j-to-slf4j\2.23.1\log4j-to-slf4j-2.23.1.jar;C:\Users\Dario\.m2\repository\org\apache\logging\log4j\log4j-api\2.23.1\log4j-api-2.23.1.jar;C:\Users\Dario\.m2\repository\org\slf4j\jul-to-slf4j\2.0.16\jul-to-slf4j-2.0.16.jar;C:\Users\Dario\.m2\repository\jakarta\annotation\jakarta.annotation-api\2.1.1\jakarta.annotation-api-2.1.1.jar;C:\Users\Dario\.m2\repository\org\yaml\snakeyaml\2.2\snakeyaml-2.2.jar;C:\Users\Dario\.m2\repository\org\springframework\boot\spring-boot-actuator-autoconfigure\3.3.5\spring-boot-actuator-autoconfigure-3.3.5.jar;C:\Users\Dario\.m2\repository\org\springframework\boot\spring-boot-actuator\3.3.5\spring-boot-actuator-3.3.5.jar;C:\Users\Dario\.m2\repository\com\fasterxml\jackson\core\jackson-databind\2.17.2\jackson-databind-2.17.2.jar;C:\Users\Dario\.m2\repository\com\fasterxml\jackson\core\jackson-annotations\2.17.2\jackson-annotations-2.17.2.jar;C:\Users\Dario\.m2\repository\com\fasterxml\jackson\core\jackson-core\2.17.2\jackson-core-2.17.2.jar;C:\Users\Dario\.m2\repository\com\fasterxml\jackson\datatype\jackson-datatype-jsr310\2.17.2\jackson-datatype-jsr310-2.17.2.jar;C:\Users\Dario\.m2\repository\io\micrometer\micrometer-observation\1.13.6\micrometer-observation-1.13.6.jar;C:\Users\Dario\.m2\repository\io\micrometer\micrometer-commons\1.13.6\micrometer-commons-1.13.6.jar;C:\Users\Dario\.m2\repository\io\micrometer\micrometer-jakarta9\1.13.6\micrometer-jakarta9-1.13.6.jar;C:\Users\Dario\.m2\repository\io\micrometer\micrometer-core\1.13.6\micrometer-core-1.13.6.jar;C:\Users\Dario\.m2\repository\org\hdrhistogram\HdrHistogram\2.2.2\HdrHistogram-2.2.2.jar;C:\Users\Dario\.m2\repository\org\latencyutils\LatencyUtils\2.0.3\LatencyUtils-2.0.3.jar;C:\Users\Dario\.m2\repository\org\springframework\boot\spring-boot-starter-data-jpa\3.3.5\spring-boot-starter-data-jpa-3.3.5.jar;C:\Users\Dario\.m2\repository\org\springframework\boot\spring-boot-starter-aop\3.3.5\spring-boot-starter-aop-3.3.5.jar;C:\Users\Dario\.m2\repository\org\aspectj\aspectjweaver\1.9.22.1\aspectjweaver-1.9.22.1.jar;C:\Users\Dario\.m2\repository\org\springframework\boot\spring-boot-starter-jdbc\3.3.5\spring-boot-starter-jdbc-3.3.5.jar;C:\Users\Dario\.m2\repository\com\zaxxer\HikariCP\5.1.0\HikariCP-5.1.0.jar;C:\Users\Dario\.m2\repository\org\springframework\spring-jdbc\6.1.14\spring-jdbc-6.1.14.jar;C:\Users\Dario\.m2\repository\org\hibernate\orm\hibernate-core\6.5.3.Final\hibernate-core-6.5.3.Final.jar;C:\Users\Dario\.m2\repository\jakarta\persistence\jakarta.persistence-api\3.1.0\jakarta.persistence-api-3.1.0.jar;C:\Users\Dario\.m2\repository\jakarta\transaction\jakarta.transaction-api\2.0.1\jakarta.transaction-api-2.0.1.jar;C:\Users\Dario\.m2\repository\org\jboss\logging\jboss-logging\3.5.3.Final\jboss-logging-3.5.3.Final.jar;C:\Users\Dario\.m2\repository\org\hibernate\common\hibernate-commons-annotations\6.0.6.Final\hibernate-commons-annotations-6.0.6.Final.jar;C:\Users\Dario\.m2\repository\io\smallrye\jandex\3.1.2\jandex-3.1.2.jar;C:\Users\Dario\.m2\repository\com\fasterxml\classmate\1.7.0\classmate-1.7.0.jar;C:\Users\Dario\.m2\repository\org\glassfish\jaxb\jaxb-runtime\4.0.5\jaxb-runtime-4.0.5.jar;C:\Users\Dario\.m2\repository\org\glassfish\jaxb\jaxb-core\4.0.5\jaxb-core-4.0.5.jar;C:\Users\Dario\.m2\repository\org\eclipse\angus\angus-activation\2.0.2\angus-activation-2.0.2.jar;C:\Users\Dario\.m2\repository\org\glassfish\jaxb\txw2\4.0.5\txw2-4.0.5.jar;C:\Users\Dario\.m2\repository\com\sun\istack\istack-commons-runtime\4.1.2\istack-commons-runtime-4.1.2.jar;C:\Users\Dario\.m2\repository\jakarta\inject\jakarta.inject-api\2.0.1\jakarta.inject-api-2.0.1.jar;C:\Users\Dario\.m2\repository\org\antlr\antlr4-runtime\4.13.0\antlr4-runtime-4.13.0.jar;C:\Users\Dario\.m2\repository\org\springframework\data\spring-data-jpa\3.3.5\spring-data-jpa-3.3.5.jar;C:\Users\Dario\.m2\repository\org\springframework\data\spring-data-commons\3.3.5\spring-data-commons-3.3.5.jar;C:\Users\Dario\.m2\repository\org\springframework\spring-orm\6.1.14\spring-orm-6.1.14.jar;C:\Users\Dario\.m2\repository\org\springframework\spring-context\6.1.14\spring-context-6.1.14.jar;C:\Users\Dario\.m2\repository\org\springframework\spring-tx\6.1.14\spring-tx-6.1.14.jar;C:\Users\Dario\.m2\repository\org\springframework\spring-beans\6.1.14\spring-beans-6.1.14.jar;C:\Users\Dario\.m2\repository\org\slf4j\slf4j-api\2.0.16\slf4j-api-2.0.16.jar;C:\Users\Dario\.m2\repository\org\springframework\spring-aspects\6.1.14\spring-aspects-6.1.14.jar;C:\Users\Dario\.m2\repository\org\springframework\boot\spring-boot-starter-web\3.3.5\spring-boot-starter-web-3.3.5.jar;C:\Users\Dario\.m2\repository\org\springframework\boot\spring-boot-starter-json\3.3.5\spring-boot-starter-json-3.3.5.jar;C:\Users\Dario\.m2\repository\com\fasterxml\jackson\datatype\jackson-datatype-jdk8\2.17.2\jackson-datatype-jdk8-2.17.2.jar;C:\Users\Dario\.m2\repository\com\fasterxml\jackson\module\jackson-module-parameter-names\2.17.2\jackson-module-parameter-names-2.17.2.jar;C:\Users\Dario\.m2\repository\org\springframework\boot\spring-boot-starter-tomcat\3.3.5\spring-boot-starter-tomcat-3.3.5.jar;C:\Users\Dario\.m2\repository\org\apache\tomcat\embed\tomcat-embed-core\10.1.31\tomcat-embed-core-10.1.31.jar;C:\Users\Dario\.m2\repository\org\apache\tomcat\embed\tomcat-embed-websocket\10.1.31\tomcat-embed-websocket-10.1.31.jar;C:\Users\Dario\.m2\repository\org\springframework\spring-web\6.1.14\spring-web-6.1.14.jar;C:\Users\Dario\.m2\repository\org\springframework\spring-webmvc\6.1.14\spring-webmvc-6.1.14.jar;C:\Users\Dario\.m2\repository\org\springframework\spring-expression\6.1.14\spring-expression-6.1.14.jar;C:\Users\Dario\.m2\repository\org\springframework\boot\spring-boot-devtools\3.3.5\spring-boot-devtools-3.3.5.jar;C:\Users\Dario\.m2\repository\org\springframework\boot\spring-boot\3.3.5\spring-boot-3.3.5.jar;C:\Users\Dario\.m2\repository\org\springframework\boot\spring-boot-autoconfigure\3.3.5\spring-boot-autoconfigure-3.3.5.jar;C:\Users\Dario\.m2\repository\com\oracle\database\jdbc\ucp11\21.9.0.0\ucp11-21.9.0.0.jar;C:\Users\Dario\.m2\repository\com\oracle\database\jdbc\rsi\21.9.0.0\rsi-21.9.0.0.jar;C:\Users\Dario\.m2\repository\com\oracle\database\ha\simplefan\21.9.0.0\simplefan-21.9.0.0.jar;C:\Users\Dario\.m2\repository\com\oracle\database\ha\ons\21.9.0.0\ons-21.9.0.0.jar;C:\Users\Dario\.m2\repository\com\oracle\database\nls\orai18n\21.9.0.0\orai18n-21.9.0.0.jar;C:\Users\Dario\.m2\repository\com\oracle\database\xml\xdb\21.9.0.0\xdb-21.9.0.0.jar;C:\Users\Dario\.m2\repository\com\oracle\database\xml\xmlparserv2\21.9.0.0\xmlparserv2-21.9.0.0.jar;C:\Users\Dario\.m2\repository\com\oracle\database\security\oraclepki\21.5.0.0\oraclepki-21.5.0.0.jar;C:\Users\Dario\.m2\repository\com\oracle\database\security\osdt_cert\21.5.0.0\osdt_cert-21.5.0.0.jar;C:\Users\Dario\.m2\repository\com\oracle\database\security\osdt_core\21.5.0.0\osdt_core-21.5.0.0.jar;C:\Users\Dario\.m2\repository\com\oracle\database\jdbc\ojdbc11\21.5.0.0\ojdbc11-21.5.0.0.jar;C:\Users\Dario\.m2\repository\org\projectlombok\lombok\1.18.34\lombok-1.18.34.jar;C:\Users\Dario\.m2\repository\org\springframework\boot\spring-boot-starter-test\3.3.5\spring-boot-starter-test-3.3.5.jar;C:\Users\Dario\.m2\repository\org\springframework\boot\spring-boot-test\3.3.5\spring-boot-test-3.3.5.jar;C:\Users\Dario\.m2\repository\org\springframework\boot\spring-boot-test-autoconfigure\3.3.5\spring-boot-test-autoconfigure-3.3.5.jar;C:\Users\Dario\.m2\repository\com\jayway\jsonpath\json-path\2.9.0\json-path-2.9.0.jar;C:\Users\Dario\.m2\repository\jakarta\xml\bind\jakarta.xml.bind-api\4.0.2\jakarta.xml.bind-api-4.0.2.jar;C:\Users\Dario\.m2\repository\jakarta\activation\jakarta.activation-api\2.1.3\jakarta.activation-api-2.1.3.jar;C:\Users\Dario\.m2\repository\net\minidev\json-smart\2.5.1\json-smart-2.5.1.jar;C:\Users\Dario\.m2\repository\net\minidev\accessors-smart\2.5.1\accessors-smart-2.5.1.jar;C:\Users\Dario\.m2\repository\org\ow2\asm\asm\9.6\asm-9.6.jar;C:\Users\Dario\.m2\repository\org\assertj\assertj-core\3.25.3\assertj-core-3.25.3.jar;C:\Users\Dario\.m2\repository\org\awaitility\awaitility\4.2.2\awaitility-4.2.2.jar;C:\Users\Dario\.m2\repository\org\junit\jupiter\junit-jupiter\5.10.5\junit-jupiter-5.10.5.jar;C:\Users\Dario\.m2\repository\org\junit\jupiter\junit-jupiter-params\5.10.5\junit-jupiter-params-5.10.5.jar;C:\Users\Dario\.m2\repository\org\junit\jupiter\junit-jupiter-engine\5.10.5\junit-jupiter-engine-5.10.5.jar;C:\Users\Dario\.m2\repository\org\junit\platform\junit-platform-engine\1.10.5\junit-platform-engine-1.10.5.jar;C:\Users\Dario\.m2\repository\org\skyscreamer\jsonassert\1.5.3\jsonassert-1.5.3.jar;C:\Users\Dario\.m2\repository\com\vaadin\external\google\android-json\0.0.20131108.vaadin1\android-json-0.0.20131108.vaadin1.jar;C:\Users\Dario\.m2\repository\org\springframework\spring-core\6.1.14\spring-core-6.1.14.jar;C:\Users\Dario\.m2\repository\org\springframework\spring-jcl\6.1.14\spring-jcl-6.1.14.jar;C:\Users\Dario\.m2\repository\org\springframework\spring-test\6.1.14\spring-test-6.1.14.jar;C:\Users\Dario\.m2\repository\org\xmlunit\xmlunit-core\2.9.1\xmlunit-core-2.9.1.jar;C:\Users\Dario\.m2\repository\jakarta\validation\jakarta.validation-api\3.0.2\jakarta.validation-api-3.0.2.jar;C:\Users\Dario\.m2\repository\org\springframework\boot\spring-boot-starter-validation\3.3.5\spring-boot-starter-validation-3.3.5.jar;C:\Users\Dario\.m2\repository\org\apache\tomcat\embed\tomcat-embed-el\10.1.31\tomcat-embed-el-10.1.31.jar;C:\Users\Dario\.m2\repository\org\hibernate\validator\hibernate-validator\8.0.1.Final\hibernate-validator-8.0.1.Final.jar;C:\Users\Dario\.m2\repository\org\springframework\boot\spring-boot-starter-security\3.3.5\spring-boot-starter-security-3.3.5.jar;C:\Users\Dario\.m2\repository\org\springframework\spring-aop\6.1.14\spring-aop-6.1.14.jar;C:\Users\Dario\.m2\repository\org\springframework\security\spring-security-config\6.3.4\spring-security-config-6.3.4.jar;C:\Users\Dario\.m2\repository\org\springframework\security\spring-security-web\6.3.4\spring-security-web-6.3.4.jar;C:\Users\Dario\.m2\repository\org\hamcrest\hamcrest\2.2\hamcrest-2.2.jar;C:\Users\Dario\.m2\repository\org\springframework\boot\spring-boot-starter-hateoas\3.3.5\spring-boot-starter-hateoas-3.3.5.jar;C:\Users\Dario\.m2\repository\org\springframework\hateoas\spring-hateoas\2.3.3\spring-hateoas-2.3.3.jar;C:\Users\Dario\.m2\repository\org\springframework\plugin\spring-plugin-core\3.0.0\spring-plugin-core-3.0.0.jar;C:\Users\Dario\.m2\repository\org\mockito\mockito-core\5.11.0\mockito-core-5.11.0.jar;C:\Users\Dario\.m2\repository\net\bytebuddy\byte-buddy\1.14.19\byte-buddy-1.14.19.jar;C:\Users\Dario\.m2\repository\net\bytebuddy\byte-buddy-agent\1.14.19\byte-buddy-agent-1.14.19.jar;C:\Users\Dario\.m2\repository\org\objenesis\objenesis\3.3\objenesis-3.3.jar;C:\Users\Dario\.m2\repository\org\mockito\mockito-junit-jupiter\5.11.0\mockito-junit-jupiter-5.11.0.jar;C:\Users\Dario\.m2\repository\org\junit\jupiter\junit-jupiter-api\5.10.5\junit-jupiter-api-5.10.5.jar;C:\Users\Dario\.m2\repository\org\opentest4j\opentest4j\1.3.0\opentest4j-1.3.0.jar;C:\Users\Dario\.m2\repository\org\junit\platform\junit-platform-commons\1.10.5\junit-platform-commons-1.10.5.jar;C:\Users\Dario\.m2\repository\org\apiguardian\apiguardian-api\1.1.2\apiguardian-api-1.1.2.jar;C:\Users\Dario\.m2\repository\org\springframework\security\spring-security-test\6.3.4\spring-security-test-6.3.4.jar;C:\Users\Dario\.m2\repository\org\springframework\security\spring-security-core\6.3.4\spring-security-core-6.3.4.jar;C:\Users\Dario\.m2\repository\org\springframework\security\spring-security-crypto\6.3.4\spring-security-crypto-6.3.4.jar;"/>
    <property name="java.vm.vendor" value="Oracle Corporation"/>
    <property name="sun.arch.data.model" value="64"/>
    <property name="user.variant" value=""/>
    <property name="java.vendor.url" value="https://java.oracle.com/"/>
    <property name="catalina.useNaming" value="false"/>
    <property name="user.timezone" value="America/Santiago"/>
    <property name="org.jboss.logging.provider" value="slf4j"/>
    <property name="os.name" value="Windows 10"/>
    <property name="java.vm.specification.version" value="17"/>
    <property name="sun.java.launcher" value="SUN_STANDARD"/>
    <property name="user.country" value="419"/>
    <property name="sun.boot.library.path" value="C:\Program Files\Java\jdk-17\bin"/>
    <property name="sun.java.command" value="C:\Users\Dario\AppData\Local\Temp\surefire5068276598009695072\surefirebooter-20241213171558646_3.jar C:\Users\Dario\AppData\Local\Temp\surefire5068276598009695072 2024-12-13T17-15-58_463-jvmRun1 surefire-20241213171558646_1tmp surefire_0-20241213171558646_2tmp"/>
    <property name="jdk.debug" value="release"/>
    <property name="surefire.test.class.path" value="C:\sonar\maestro\target\test-classes;C:\sonar\maestro\target\classes;C:\Users\Dario\.m2\repository\org\springframework\boot\spring-boot-starter-actuator\3.3.5\spring-boot-starter-actuator-3.3.5.jar;C:\Users\Dario\.m2\repository\org\springframework\boot\spring-boot-starter\3.3.5\spring-boot-starter-3.3.5.jar;C:\Users\Dario\.m2\repository\org\springframework\boot\spring-boot-starter-logging\3.3.5\spring-boot-starter-logging-3.3.5.jar;C:\Users\Dario\.m2\repository\ch\qos\logback\logback-classic\1.5.11\logback-classic-1.5.11.jar;C:\Users\Dario\.m2\repository\ch\qos\logback\logback-core\1.5.11\logback-core-1.5.11.jar;C:\Users\Dario\.m2\repository\org\apache\logging\log4j\log4j-to-slf4j\2.23.1\log4j-to-slf4j-2.23.1.jar;C:\Users\Dario\.m2\repository\org\apache\logging\log4j\log4j-api\2.23.1\log4j-api-2.23.1.jar;C:\Users\Dario\.m2\repository\org\slf4j\jul-to-slf4j\2.0.16\jul-to-slf4j-2.0.16.jar;C:\Users\Dario\.m2\repository\jakarta\annotation\jakarta.annotation-api\2.1.1\jakarta.annotation-api-2.1.1.jar;C:\Users\Dario\.m2\repository\org\yaml\snakeyaml\2.2\snakeyaml-2.2.jar;C:\Users\Dario\.m2\repository\org\springframework\boot\spring-boot-actuator-autoconfigure\3.3.5\spring-boot-actuator-autoconfigure-3.3.5.jar;C:\Users\Dario\.m2\repository\org\springframework\boot\spring-boot-actuator\3.3.5\spring-boot-actuator-3.3.5.jar;C:\Users\Dario\.m2\repository\com\fasterxml\jackson\core\jackson-databind\2.17.2\jackson-databind-2.17.2.jar;C:\Users\Dario\.m2\repository\com\fasterxml\jackson\core\jackson-annotations\2.17.2\jackson-annotations-2.17.2.jar;C:\Users\Dario\.m2\repository\com\fasterxml\jackson\core\jackson-core\2.17.2\jackson-core-2.17.2.jar;C:\Users\Dario\.m2\repository\com\fasterxml\jackson\datatype\jackson-datatype-jsr310\2.17.2\jackson-datatype-jsr310-2.17.2.jar;C:\Users\Dario\.m2\repository\io\micrometer\micrometer-observation\1.13.6\micrometer-observation-1.13.6.jar;C:\Users\Dario\.m2\repository\io\micrometer\micrometer-commons\1.13.6\micrometer-commons-1.13.6.jar;C:\Users\Dario\.m2\repository\io\micrometer\micrometer-jakarta9\1.13.6\micrometer-jakarta9-1.13.6.jar;C:\Users\Dario\.m2\repository\io\micrometer\micrometer-core\1.13.6\micrometer-core-1.13.6.jar;C:\Users\Dario\.m2\repository\org\hdrhistogram\HdrHistogram\2.2.2\HdrHistogram-2.2.2.jar;C:\Users\Dario\.m2\repository\org\latencyutils\LatencyUtils\2.0.3\LatencyUtils-2.0.3.jar;C:\Users\Dario\.m2\repository\org\springframework\boot\spring-boot-starter-data-jpa\3.3.5\spring-boot-starter-data-jpa-3.3.5.jar;C:\Users\Dario\.m2\repository\org\springframework\boot\spring-boot-starter-aop\3.3.5\spring-boot-starter-aop-3.3.5.jar;C:\Users\Dario\.m2\repository\org\aspectj\aspectjweaver\1.9.22.1\aspectjweaver-1.9.22.1.jar;C:\Users\Dario\.m2\repository\org\springframework\boot\spring-boot-starter-jdbc\3.3.5\spring-boot-starter-jdbc-3.3.5.jar;C:\Users\Dario\.m2\repository\com\zaxxer\HikariCP\5.1.0\HikariCP-5.1.0.jar;C:\Users\Dario\.m2\repository\org\springframework\spring-jdbc\6.1.14\spring-jdbc-6.1.14.jar;C:\Users\Dario\.m2\repository\org\hibernate\orm\hibernate-core\6.5.3.Final\hibernate-core-6.5.3.Final.jar;C:\Users\Dario\.m2\repository\jakarta\persistence\jakarta.persistence-api\3.1.0\jakarta.persistence-api-3.1.0.jar;C:\Users\Dario\.m2\repository\jakarta\transaction\jakarta.transaction-api\2.0.1\jakarta.transaction-api-2.0.1.jar;C:\Users\Dario\.m2\repository\org\jboss\logging\jboss-logging\3.5.3.Final\jboss-logging-3.5.3.Final.jar;C:\Users\Dario\.m2\repository\org\hibernate\common\hibernate-commons-annotations\6.0.6.Final\hibernate-commons-annotations-6.0.6.Final.jar;C:\Users\Dario\.m2\repository\io\smallrye\jandex\3.1.2\jandex-3.1.2.jar;C:\Users\Dario\.m2\repository\com\fasterxml\classmate\1.7.0\classmate-1.7.0.jar;C:\Users\Dario\.m2\repository\org\glassfish\jaxb\jaxb-runtime\4.0.5\jaxb-runtime-4.0.5.jar;C:\Users\Dario\.m2\repository\org\glassfish\jaxb\jaxb-core\4.0.5\jaxb-core-4.0.5.jar;C:\Users\Dario\.m2\repository\org\eclipse\angus\angus-activation\2.0.2\angus-activation-2.0.2.jar;C:\Users\Dario\.m2\repository\org\glassfish\jaxb\txw2\4.0.5\txw2-4.0.5.jar;C:\Users\Dario\.m2\repository\com\sun\istack\istack-commons-runtime\4.1.2\istack-commons-runtime-4.1.2.jar;C:\Users\Dario\.m2\repository\jakarta\inject\jakarta.inject-api\2.0.1\jakarta.inject-api-2.0.1.jar;C:\Users\Dario\.m2\repository\org\antlr\antlr4-runtime\4.13.0\antlr4-runtime-4.13.0.jar;C:\Users\Dario\.m2\repository\org\springframework\data\spring-data-jpa\3.3.5\spring-data-jpa-3.3.5.jar;C:\Users\Dario\.m2\repository\org\springframework\data\spring-data-commons\3.3.5\spring-data-commons-3.3.5.jar;C:\Users\Dario\.m2\repository\org\springframework\spring-orm\6.1.14\spring-orm-6.1.14.jar;C:\Users\Dario\.m2\repository\org\springframework\spring-context\6.1.14\spring-context-6.1.14.jar;C:\Users\Dario\.m2\repository\org\springframework\spring-tx\6.1.14\spring-tx-6.1.14.jar;C:\Users\Dario\.m2\repository\org\springframework\spring-beans\6.1.14\spring-beans-6.1.14.jar;C:\Users\Dario\.m2\repository\org\slf4j\slf4j-api\2.0.16\slf4j-api-2.0.16.jar;C:\Users\Dario\.m2\repository\org\springframework\spring-aspects\6.1.14\spring-aspects-6.1.14.jar;C:\Users\Dario\.m2\repository\org\springframework\boot\spring-boot-starter-web\3.3.5\spring-boot-starter-web-3.3.5.jar;C:\Users\Dario\.m2\repository\org\springframework\boot\spring-boot-starter-json\3.3.5\spring-boot-starter-json-3.3.5.jar;C:\Users\Dario\.m2\repository\com\fasterxml\jackson\datatype\jackson-datatype-jdk8\2.17.2\jackson-datatype-jdk8-2.17.2.jar;C:\Users\Dario\.m2\repository\com\fasterxml\jackson\module\jackson-module-parameter-names\2.17.2\jackson-module-parameter-names-2.17.2.jar;C:\Users\Dario\.m2\repository\org\springframework\boot\spring-boot-starter-tomcat\3.3.5\spring-boot-starter-tomcat-3.3.5.jar;C:\Users\Dario\.m2\repository\org\apache\tomcat\embed\tomcat-embed-core\10.1.31\tomcat-embed-core-10.1.31.jar;C:\Users\Dario\.m2\repository\org\apache\tomcat\embed\tomcat-embed-websocket\10.1.31\tomcat-embed-websocket-10.1.31.jar;C:\Users\Dario\.m2\repository\org\springframework\spring-web\6.1.14\spring-web-6.1.14.jar;C:\Users\Dario\.m2\repository\org\springframework\spring-webmvc\6.1.14\spring-webmvc-6.1.14.jar;C:\Users\Dario\.m2\repository\org\springframework\spring-expression\6.1.14\spring-expression-6.1.14.jar;C:\Users\Dario\.m2\repository\org\springframework\boot\spring-boot-devtools\3.3.5\spring-boot-devtools-3.3.5.jar;C:\Users\Dario\.m2\repository\org\springframework\boot\spring-boot\3.3.5\spring-boot-3.3.5.jar;C:\Users\Dario\.m2\repository\org\springframework\boot\spring-boot-autoconfigure\3.3.5\spring-boot-autoconfigure-3.3.5.jar;C:\Users\Dario\.m2\repository\com\oracle\database\jdbc\ucp11\21.9.0.0\ucp11-21.9.0.0.jar;C:\Users\Dario\.m2\repository\com\oracle\database\jdbc\rsi\21.9.0.0\rsi-21.9.0.0.jar;C:\Users\Dario\.m2\repository\com\oracle\database\ha\simplefan\21.9.0.0\simplefan-21.9.0.0.jar;C:\Users\Dario\.m2\repository\com\oracle\database\ha\ons\21.9.0.0\ons-21.9.0.0.jar;C:\Users\Dario\.m2\repository\com\oracle\database\nls\orai18n\21.9.0.0\orai18n-21.9.0.0.jar;C:\Users\Dario\.m2\repository\com\oracle\database\xml\xdb\21.9.0.0\xdb-21.9.0.0.jar;C:\Users\Dario\.m2\repository\com\oracle\database\xml\xmlparserv2\21.9.0.0\xmlparserv2-21.9.0.0.jar;C:\Users\Dario\.m2\repository\com\oracle\database\security\oraclepki\21.5.0.0\oraclepki-21.5.0.0.jar;C:\Users\Dario\.m2\repository\com\oracle\database\security\osdt_cert\21.5.0.0\osdt_cert-21.5.0.0.jar;C:\Users\Dario\.m2\repository\com\oracle\database\security\osdt_core\21.5.0.0\osdt_core-21.5.0.0.jar;C:\Users\Dario\.m2\repository\com\oracle\database\jdbc\ojdbc11\21.5.0.0\ojdbc11-21.5.0.0.jar;C:\Users\Dario\.m2\repository\org\projectlombok\lombok\1.18.34\lombok-1.18.34.jar;C:\Users\Dario\.m2\repository\org\springframework\boot\spring-boot-starter-test\3.3.5\spring-boot-starter-test-3.3.5.jar;C:\Users\Dario\.m2\repository\org\springframework\boot\spring-boot-test\3.3.5\spring-boot-test-3.3.5.jar;C:\Users\Dario\.m2\repository\org\springframework\boot\spring-boot-test-autoconfigure\3.3.5\spring-boot-test-autoconfigure-3.3.5.jar;C:\Users\Dario\.m2\repository\com\jayway\jsonpath\json-path\2.9.0\json-path-2.9.0.jar;C:\Users\Dario\.m2\repository\jakarta\xml\bind\jakarta.xml.bind-api\4.0.2\jakarta.xml.bind-api-4.0.2.jar;C:\Users\Dario\.m2\repository\jakarta\activation\jakarta.activation-api\2.1.3\jakarta.activation-api-2.1.3.jar;C:\Users\Dario\.m2\repository\net\minidev\json-smart\2.5.1\json-smart-2.5.1.jar;C:\Users\Dario\.m2\repository\net\minidev\accessors-smart\2.5.1\accessors-smart-2.5.1.jar;C:\Users\Dario\.m2\repository\org\ow2\asm\asm\9.6\asm-9.6.jar;C:\Users\Dario\.m2\repository\org\assertj\assertj-core\3.25.3\assertj-core-3.25.3.jar;C:\Users\Dario\.m2\repository\org\awaitility\awaitility\4.2.2\awaitility-4.2.2.jar;C:\Users\Dario\.m2\repository\org\junit\jupiter\junit-jupiter\5.10.5\junit-jupiter-5.10.5.jar;C:\Users\Dario\.m2\repository\org\junit\jupiter\junit-jupiter-params\5.10.5\junit-jupiter-params-5.10.5.jar;C:\Users\Dario\.m2\repository\org\junit\jupiter\junit-jupiter-engine\5.10.5\junit-jupiter-engine-5.10.5.jar;C:\Users\Dario\.m2\repository\org\junit\platform\junit-platform-engine\1.10.5\junit-platform-engine-1.10.5.jar;C:\Users\Dario\.m2\repository\org\skyscreamer\jsonassert\1.5.3\jsonassert-1.5.3.jar;C:\Users\Dario\.m2\repository\com\vaadin\external\google\android-json\0.0.20131108.vaadin1\android-json-0.0.20131108.vaadin1.jar;C:\Users\Dario\.m2\repository\org\springframework\spring-core\6.1.14\spring-core-6.1.14.jar;C:\Users\Dario\.m2\repository\org\springframework\spring-jcl\6.1.14\spring-jcl-6.1.14.jar;C:\Users\Dario\.m2\repository\org\springframework\spring-test\6.1.14\spring-test-6.1.14.jar;C:\Users\Dario\.m2\repository\org\xmlunit\xmlunit-core\2.9.1\xmlunit-core-2.9.1.jar;C:\Users\Dario\.m2\repository\jakarta\validation\jakarta.validation-api\3.0.2\jakarta.validation-api-3.0.2.jar;C:\Users\Dario\.m2\repository\org\springframework\boot\spring-boot-starter-validation\3.3.5\spring-boot-starter-validation-3.3.5.jar;C:\Users\Dario\.m2\repository\org\apache\tomcat\embed\tomcat-embed-el\10.1.31\tomcat-embed-el-10.1.31.jar;C:\Users\Dario\.m2\repository\org\hibernate\validator\hibernate-validator\8.0.1.Final\hibernate-validator-8.0.1.Final.jar;C:\Users\Dario\.m2\repository\org\springframework\boot\spring-boot-starter-security\3.3.5\spring-boot-starter-security-3.3.5.jar;C:\Users\Dario\.m2\repository\org\springframework\spring-aop\6.1.14\spring-aop-6.1.14.jar;C:\Users\Dario\.m2\repository\org\springframework\security\spring-security-config\6.3.4\spring-security-config-6.3.4.jar;C:\Users\Dario\.m2\repository\org\springframework\security\spring-security-web\6.3.4\spring-security-web-6.3.4.jar;C:\Users\Dario\.m2\repository\org\hamcrest\hamcrest\2.2\hamcrest-2.2.jar;C:\Users\Dario\.m2\repository\org\springframework\boot\spring-boot-starter-hateoas\3.3.5\spring-boot-starter-hateoas-3.3.5.jar;C:\Users\Dario\.m2\repository\org\springframework\hateoas\spring-hateoas\2.3.3\spring-hateoas-2.3.3.jar;C:\Users\Dario\.m2\repository\org\springframework\plugin\spring-plugin-core\3.0.0\spring-plugin-core-3.0.0.jar;C:\Users\Dario\.m2\repository\org\mockito\mockito-core\5.11.0\mockito-core-5.11.0.jar;C:\Users\Dario\.m2\repository\net\bytebuddy\byte-buddy\1.14.19\byte-buddy-1.14.19.jar;C:\Users\Dario\.m2\repository\net\bytebuddy\byte-buddy-agent\1.14.19\byte-buddy-agent-1.14.19.jar;C:\Users\Dario\.m2\repository\org\objenesis\objenesis\3.3\objenesis-3.3.jar;C:\Users\Dario\.m2\repository\org\mockito\mockito-junit-jupiter\5.11.0\mockito-junit-jupiter-5.11.0.jar;C:\Users\Dario\.m2\repository\org\junit\jupiter\junit-jupiter-api\5.10.5\junit-jupiter-api-5.10.5.jar;C:\Users\Dario\.m2\repository\org\opentest4j\opentest4j\1.3.0\opentest4j-1.3.0.jar;C:\Users\Dario\.m2\repository\org\junit\platform\junit-platform-commons\1.10.5\junit-platform-commons-1.10.5.jar;C:\Users\Dario\.m2\repository\org\apiguardian\apiguardian-api\1.1.2\apiguardian-api-1.1.2.jar;C:\Users\Dario\.m2\repository\org\springframework\security\spring-security-test\6.3.4\spring-security-test-6.3.4.jar;C:\Users\Dario\.m2\repository\org\springframework\security\spring-security-core\6.3.4\spring-security-core-6.3.4.jar;C:\Users\Dario\.m2\repository\org\springframework\security\spring-security-crypto\6.3.4\spring-security-crypto-6.3.4.jar;"/>
    <property name="sun.cpu.endian" value="little"/>
    <property name="user.home" value="C:\Users\Dario"/>
    <property name="user.language" value="es"/>
    <property name="java.specification.vendor" value="Oracle Corporation"/>
    <property name="java.version.date" value="2024-10-15"/>
    <property name="java.home" value="C:\Program Files\Java\jdk-17"/>
    <property name="file.separator" value="\"/>
    <property name="basedir" value="C:\sonar\maestro"/>
    <property name="java.vm.compressedOopsMode" value="Zero based"/>
    <property name="line.separator" value="&#10;"/>
    <property name="java.vm.specification.vendor" value="Oracle Corporation"/>
    <property name="java.specification.name" value="Java Platform API Specification"/>
    <property name="FILE_LOG_CHARSET" value="windows-1252"/>
    <property name="java.awt.headless" value="true"/>
    <property name="surefire.real.class.path" value="C:\Users\Dario\AppData\Local\Temp\surefire5068276598009695072\surefirebooter-20241213171558646_3.jar"/>
    <property name="user.script" value=""/>
    <property name="sun.management.compiler" value="HotSpot 64-Bit Tiered Compilers"/>
    <property name="java.runtime.version" value="17.0.13+10-LTS-268"/>
    <property name="user.name" value="Dario"/>
    <property name="path.separator" value=";"/>
    <property name="os.version" value="10.0"/>
    <property name="java.runtime.name" value="Java(TM) SE Runtime Environment"/>
    <property name="file.encoding" value="Cp1252"/>
    <property name="java.vm.name" value="Java HotSpot(TM) 64-Bit Server VM"/>
    <property name="localRepository" value="C:\Users\Dario\.m2\repository"/>
    <property name="java.vendor.url.bug" value="https://bugreport.java.com/bugreport/"/>
    <property name="java.io.tmpdir" value="C:\Users\Dario\AppData\Local\Temp\"/>
    <property name="sonar.token" value="sqp_3a79ea4919e511256aaa99f56c26f0cc92ddf742"/>
    <property name="com.zaxxer.hikari.pool_number" value="3"/>
    <property name="catalina.home" value="C:\Users\Dario\AppData\Local\Temp\tomcat.8082.12345567176693847180"/>
    <property name="java.version" value="17.0.13"/>
    <property name="user.dir" value="C:\sonar\maestro"/>
    <property name="os.arch" value="amd64"/>
    <property name="java.vm.specification.name" value="Java Virtual Machine Specification"/>
    <property name="PID" value="23116"/>
    <property name="sun.os.patch.level" value=""/>
    <property name="CONSOLE_LOG_CHARSET" value="windows-1252"/>
    <property name="catalina.base" value="C:\Users\Dario\AppData\Local\Temp\tomcat.8082.12345567176693847180"/>
    <property name="native.encoding" value="Cp1252"/>
    <property name="sonar.projectKey" value="micro-maestro"/>
    <property name="java.library.path" value="C:\Program Files\Java\jdk-17\bin;C:\Windows\Sun\Java\bin;C:\Windows\system32;C:\Windows;C:\Program Files\Common Files\Oracle\Java\javapath;C:\Windows\system32;C:\Windows;C:\Windows\System32\Wbem;C:\Windows\System32\WindowsPowerShell\v1.0\;C:\Windows\System32\OpenSSH\;C:\Program Files\Git\cmd;C:\Program Files\Java\jdk-17\bin;C:\apache-maven-3.9.9\bin;C:\Program Files\Docker\Docker\resources\bin;C:\Program Files\nodejs\;C:\npm-global;C:\npm-global\bin;C:\Program Files\Java\jdk-17;C:\Users\Dario\AppData\Local\Microsoft\WindowsApps;C:\Users\Dario\AppData\Local\Programs\Microsoft VS Code\bin;C:\Users\Dario\AppData\Roaming\npm;."/>
    <property name="java.vm.info" value="mixed mode, sharing"/>
    <property name="java.vendor" value="Oracle Corporation"/>
    <property name="java.vm.version" value="17.0.13+10-LTS-268"/>
    <property name="java.specification.maintenance.version" value="1"/>
    <property name="sun.io.unicode.encoding" value="UnicodeLittle"/>
    <property name="java.class.version" value="61.0"/>
    <property name="LOGGED_APPLICATION_NAME" value="[maestro] "/>
  </properties>
  <testcase name="testProductoPrecioNegativo" classname="com.microproductos.maestro.model.ProductoTest" time="0.047">
    <system-out><![CDATA[2024-12-13T17:16:22.367-03:00 DEBUG 23116 --- [maestro] [           main] o.h.v.i.xml.config.ValidationXmlParser   : Trying to load META-INF/validation.xml for XML based Validator configuration.
2024-12-13T17:16:22.367-03:00 DEBUG 23116 --- [maestro] [           main] o.h.v.i.xml.config.ResourceLoaderHelper  : Trying to load META-INF/validation.xml via TCCL
2024-12-13T17:16:22.368-03:00 DEBUG 23116 --- [maestro] [           main] o.h.v.i.xml.config.ResourceLoaderHelper  : Trying to load META-INF/validation.xml via Hibernate Validator's class loader
2024-12-13T17:16:22.368-03:00 DEBUG 23116 --- [maestro] [           main] o.h.v.i.xml.config.ValidationXmlParser   : No META-INF/validation.xml found. Using annotation based configuration only.
2024-12-13T17:16:22.368-03:00 DEBUG 23116 --- [maestro] [           main] o.h.v.i.e.resolver.TraversableResolvers  : Found jakarta.persistence.Persistence on classpath containing 'getPersistenceUtil'. Assuming JPA 2 environment. Trying to instantiate JPA aware TraversableResolver
2024-12-13T17:16:22.368-03:00 DEBUG 23116 --- [maestro] [           main] o.h.v.i.e.resolver.TraversableResolvers  : Instantiated JPA aware TraversableResolver of type org.hibernate.validator.internal.engine.resolver.JPATraversableResolver.
2024-12-13T17:16:22.369-03:00 DEBUG 23116 --- [maestro] [           main] .h.v.m.ResourceBundleMessageInterpolator : Loaded expression factory via original TCCL
2024-12-13T17:16:22.374-03:00 DEBUG 23116 --- [maestro] [           main] .i.e.ValidatorFactoryConfigurationHelper : HV000252: Using org.hibernate.validator.internal.engine.DefaultPropertyNodeNameProvider as property node name provider.
2024-12-13T17:16:22.374-03:00 DEBUG 23116 --- [maestro] [           main] .i.e.ValidatorFactoryConfigurationHelper : HV000234: Using org.hibernate.validator.messageinterpolation.ResourceBundleMessageInterpolator as ValidatorFactory-scoped message interpolator.
2024-12-13T17:16:22.375-03:00 DEBUG 23116 --- [maestro] [           main] .i.e.ValidatorFactoryConfigurationHelper : HV000234: Using org.hibernate.validator.internal.engine.resolver.JPATraversableResolver as ValidatorFactory-scoped traversable resolver.
2024-12-13T17:16:22.375-03:00 DEBUG 23116 --- [maestro] [           main] .i.e.ValidatorFactoryConfigurationHelper : HV000234: Using org.hibernate.validator.internal.util.ExecutableParameterNameProvider as ValidatorFactory-scoped parameter name provider.
2024-12-13T17:16:22.375-03:00 DEBUG 23116 --- [maestro] [           main] .i.e.ValidatorFactoryConfigurationHelper : HV000234: Using org.hibernate.validator.internal.engine.DefaultClockProvider as ValidatorFactory-scoped clock provider.
2024-12-13T17:16:22.375-03:00 DEBUG 23116 --- [maestro] [           main] .i.e.ValidatorFactoryConfigurationHelper : HV000234: Using org.hibernate.validator.internal.engine.scripting.DefaultScriptEvaluatorFactory as ValidatorFactory-scoped script evaluator factory.
]]></system-out>
  </testcase>
  <testcase name="testProductoValido" classname="com.microproductos.maestro.model.ProductoTest" time="0.019">
    <system-out><![CDATA[2024-12-13T17:16:22.416-03:00 DEBUG 23116 --- [maestro] [           main] o.h.v.i.xml.config.ValidationXmlParser   : Trying to load META-INF/validation.xml for XML based Validator configuration.
2024-12-13T17:16:22.416-03:00 DEBUG 23116 --- [maestro] [           main] o.h.v.i.xml.config.ResourceLoaderHelper  : Trying to load META-INF/validation.xml via TCCL
2024-12-13T17:16:22.418-03:00 DEBUG 23116 --- [maestro] [           main] o.h.v.i.xml.config.ResourceLoaderHelper  : Trying to load META-INF/validation.xml via Hibernate Validator's class loader
2024-12-13T17:16:22.418-03:00 DEBUG 23116 --- [maestro] [           main] o.h.v.i.xml.config.ValidationXmlParser   : No META-INF/validation.xml found. Using annotation based configuration only.
2024-12-13T17:16:22.419-03:00 DEBUG 23116 --- [maestro] [           main] o.h.v.i.e.resolver.TraversableResolvers  : Found jakarta.persistence.Persistence on classpath containing 'getPersistenceUtil'. Assuming JPA 2 environment. Trying to instantiate JPA aware TraversableResolver
2024-12-13T17:16:22.419-03:00 DEBUG 23116 --- [maestro] [           main] o.h.v.i.e.resolver.TraversableResolvers  : Instantiated JPA aware TraversableResolver of type org.hibernate.validator.internal.engine.resolver.JPATraversableResolver.
2024-12-13T17:16:22.420-03:00 DEBUG 23116 --- [maestro] [           main] .h.v.m.ResourceBundleMessageInterpolator : Loaded expression factory via original TCCL
2024-12-13T17:16:22.424-03:00 DEBUG 23116 --- [maestro] [           main] .i.e.ValidatorFactoryConfigurationHelper : HV000252: Using org.hibernate.validator.internal.engine.DefaultPropertyNodeNameProvider as property node name provider.
2024-12-13T17:16:22.424-03:00 DEBUG 23116 --- [maestro] [           main] .i.e.ValidatorFactoryConfigurationHelper : HV000234: Using org.hibernate.validator.messageinterpolation.ResourceBundleMessageInterpolator as ValidatorFactory-scoped message interpolator.
2024-12-13T17:16:22.424-03:00 DEBUG 23116 --- [maestro] [           main] .i.e.ValidatorFactoryConfigurationHelper : HV000234: Using org.hibernate.validator.internal.engine.resolver.JPATraversableResolver as ValidatorFactory-scoped traversable resolver.
2024-12-13T17:16:22.425-03:00 DEBUG 23116 --- [maestro] [           main] .i.e.ValidatorFactoryConfigurationHelper : HV000234: Using org.hibernate.validator.internal.util.ExecutableParameterNameProvider as ValidatorFactory-scoped parameter name provider.
2024-12-13T17:16:22.425-03:00 DEBUG 23116 --- [maestro] [           main] .i.e.ValidatorFactoryConfigurationHelper : HV000234: Using org.hibernate.validator.internal.engine.DefaultClockProvider as ValidatorFactory-scoped clock provider.
2024-12-13T17:16:22.425-03:00 DEBUG 23116 --- [maestro] [           main] .i.e.ValidatorFactoryConfigurationHelper : HV000234: Using org.hibernate.validator.internal.engine.scripting.DefaultScriptEvaluatorFactory as ValidatorFactory-scoped script evaluator factory.
]]></system-out>
  </testcase>
  <testcase name="testProductoNombreNulo" classname="com.microproductos.maestro.model.ProductoTest" time="0.011">
    <system-out><![CDATA[2024-12-13T17:16:22.436-03:00 DEBUG 23116 --- [maestro] [           main] o.h.v.i.xml.config.ValidationXmlParser   : Trying to load META-INF/validation.xml for XML based Validator configuration.
2024-12-13T17:16:22.436-03:00 DEBUG 23116 --- [maestro] [           main] o.h.v.i.xml.config.ResourceLoaderHelper  : Trying to load META-INF/validation.xml via TCCL
2024-12-13T17:16:22.436-03:00 DEBUG 23116 --- [maestro] [           main] o.h.v.i.xml.config.ResourceLoaderHelper  : Trying to load META-INF/validation.xml via Hibernate Validator's class loader
2024-12-13T17:16:22.436-03:00 DEBUG 23116 --- [maestro] [           main] o.h.v.i.xml.config.ValidationXmlParser   : No META-INF/validation.xml found. Using annotation based configuration only.
2024-12-13T17:16:22.436-03:00 DEBUG 23116 --- [maestro] [           main] o.h.v.i.e.resolver.TraversableResolvers  : Found jakarta.persistence.Persistence on classpath containing 'getPersistenceUtil'. Assuming JPA 2 environment. Trying to instantiate JPA aware TraversableResolver
2024-12-13T17:16:22.436-03:00 DEBUG 23116 --- [maestro] [           main] o.h.v.i.e.resolver.TraversableResolvers  : Instantiated JPA aware TraversableResolver of type org.hibernate.validator.internal.engine.resolver.JPATraversableResolver.
2024-12-13T17:16:22.437-03:00 DEBUG 23116 --- [maestro] [           main] .h.v.m.ResourceBundleMessageInterpolator : Loaded expression factory via original TCCL
2024-12-13T17:16:22.438-03:00 DEBUG 23116 --- [maestro] [           main] .i.e.ValidatorFactoryConfigurationHelper : HV000252: Using org.hibernate.validator.internal.engine.DefaultPropertyNodeNameProvider as property node name provider.
2024-12-13T17:16:22.441-03:00 DEBUG 23116 --- [maestro] [           main] .i.e.ValidatorFactoryConfigurationHelper : HV000234: Using org.hibernate.validator.messageinterpolation.ResourceBundleMessageInterpolator as ValidatorFactory-scoped message interpolator.
2024-12-13T17:16:22.441-03:00 DEBUG 23116 --- [maestro] [           main] .i.e.ValidatorFactoryConfigurationHelper : HV000234: Using org.hibernate.validator.internal.engine.resolver.JPATraversableResolver as ValidatorFactory-scoped traversable resolver.
2024-12-13T17:16:22.441-03:00 DEBUG 23116 --- [maestro] [           main] .i.e.ValidatorFactoryConfigurationHelper : HV000234: Using org.hibernate.validator.internal.util.ExecutableParameterNameProvider as ValidatorFactory-scoped parameter name provider.
2024-12-13T17:16:22.441-03:00 DEBUG 23116 --- [maestro] [           main] .i.e.ValidatorFactoryConfigurationHelper : HV000234: Using org.hibernate.validator.internal.engine.DefaultClockProvider as ValidatorFactory-scoped clock provider.
2024-12-13T17:16:22.441-03:00 DEBUG 23116 --- [maestro] [           main] .i.e.ValidatorFactoryConfigurationHelper : HV000234: Using org.hibernate.validator.internal.engine.scripting.DefaultScriptEvaluatorFactory as ValidatorFactory-scoped script evaluator factory.
]]></system-out>
  </testcase>
  <testcase name="testProductoImagenNula" classname="com.microproductos.maestro.model.ProductoTest" time="0.015">
    <system-out><![CDATA[2024-12-13T17:16:22.447-03:00 DEBUG 23116 --- [maestro] [           main] o.h.v.i.xml.config.ValidationXmlParser   : Trying to load META-INF/validation.xml for XML based Validator configuration.
2024-12-13T17:16:22.447-03:00 DEBUG 23116 --- [maestro] [           main] o.h.v.i.xml.config.ResourceLoaderHelper  : Trying to load META-INF/validation.xml via TCCL
2024-12-13T17:16:22.448-03:00 DEBUG 23116 --- [maestro] [           main] o.h.v.i.xml.config.ResourceLoaderHelper  : Trying to load META-INF/validation.xml via Hibernate Validator's class loader
2024-12-13T17:16:22.448-03:00 DEBUG 23116 --- [maestro] [           main] o.h.v.i.xml.config.ValidationXmlParser   : No META-INF/validation.xml found. Using annotation based configuration only.
2024-12-13T17:16:22.448-03:00 DEBUG 23116 --- [maestro] [           main] o.h.v.i.e.resolver.TraversableResolvers  : Found jakarta.persistence.Persistence on classpath containing 'getPersistenceUtil'. Assuming JPA 2 environment. Trying to instantiate JPA aware TraversableResolver
2024-12-13T17:16:22.448-03:00 DEBUG 23116 --- [maestro] [           main] o.h.v.i.e.resolver.TraversableResolvers  : Instantiated JPA aware TraversableResolver of type org.hibernate.validator.internal.engine.resolver.JPATraversableResolver.
2024-12-13T17:16:22.448-03:00 DEBUG 23116 --- [maestro] [           main] .h.v.m.ResourceBundleMessageInterpolator : Loaded expression factory via original TCCL
2024-12-13T17:16:22.450-03:00 DEBUG 23116 --- [maestro] [           main] .i.e.ValidatorFactoryConfigurationHelper : HV000252: Using org.hibernate.validator.internal.engine.DefaultPropertyNodeNameProvider as property node name provider.
2024-12-13T17:16:22.450-03:00 DEBUG 23116 --- [maestro] [           main] .i.e.ValidatorFactoryConfigurationHelper : HV000234: Using org.hibernate.validator.messageinterpolation.ResourceBundleMessageInterpolator as ValidatorFactory-scoped message interpolator.
2024-12-13T17:16:22.451-03:00 DEBUG 23116 --- [maestro] [           main] .i.e.ValidatorFactoryConfigurationHelper : HV000234: Using org.hibernate.validator.internal.engine.resolver.JPATraversableResolver as ValidatorFactory-scoped traversable resolver.
2024-12-13T17:16:22.452-03:00 DEBUG 23116 --- [maestro] [           main] .i.e.ValidatorFactoryConfigurationHelper : HV000234: Using org.hibernate.validator.internal.util.ExecutableParameterNameProvider as ValidatorFactory-scoped parameter name provider.
2024-12-13T17:16:22.452-03:00 DEBUG 23116 --- [maestro] [           main] .i.e.ValidatorFactoryConfigurationHelper : HV000234: Using org.hibernate.validator.internal.engine.DefaultClockProvider as ValidatorFactory-scoped clock provider.
2024-12-13T17:16:22.452-03:00 DEBUG 23116 --- [maestro] [           main] .i.e.ValidatorFactoryConfigurationHelper : HV000234: Using org.hibernate.validator.internal.engine.scripting.DefaultScriptEvaluatorFactory as ValidatorFactory-scoped script evaluator factory.
]]></system-out>
  </testcase>
</testsuite>