<?xml version="1.0" encoding="UTF-8"?>
<testsuite xmlns:xsi="http://www.w3.org/2001/XMLSchema-instance" xsi:noNamespaceSchemaLocation="https://maven.apache.org/surefire/maven-surefire-plugin/xsd/surefire-test-report-3.0.xsd" version="3.0" name="com.microproductos.maestro.repository.ProductoRepositoryTest" time="1.051" tests="5" errors="0" skipped="0" failures="0">
  <properties>
    <property name="sonar.projectName" value="&apos;micro-maestro&apos;"/>
    <property name="java.specification.version" value="17"/>
    <property name="sun.cpu.isalist" value="amd64"/>
    <property name="sonar.host.url" value="http://localhost:9000"/>
    <property name="sun.jnu.encoding" value="Cp1252"/>
    <property name="java.class.path" value="C:\sonar\maestro\target\test-classes;C:\sonar\maestro\target\classes;C:\Users\Dario\.m2\repository\org\springframework\boot\spring-boot-starter-actuator\3.3.5\spring-boot-starter-actuator-3.3.5.jar;C:\Users\Dario\.m2\repository\org\springframework\boot\spring-boot-starter\3.3.5\spring-boot-starter-3.3.5.jar;C:\Users\Dario\.m2\repository\org\springframework\boot\spring-boot-starter-logging\3.3.5\spring-boot-starter-logging-3.3.5.jar;C:\Users\Dario\.m2\repository\ch\qos\logback\logback-classic\1.5.11\logback-classic-1.5.11.jar;C:\Users\Dario\.m2\repository\ch\qos\logback\logback-core\1.5.11\logback-core-1.5.11.jar;C:\Users\Dario\.m2\repository\org\apache\logging\log4j\log4j-to-slf4j\2.23.1\log4j-to-slf4j-2.23.1.jar;C:\Users\Dario\.m2\repository\org\apache\logging\log4j\log4j-api\2.23.1\log4j-api-2.23.1.jar;C:\Users\Dario\.m2\repository\org\slf4j\jul-to-slf4j\2.0.16\jul-to-slf4j-2.0.16.jar;C:\Users\Dario\.m2\repository\jakarta\annotation\jakarta.annotation-api\2.1.1\jakarta.annotation-api-2.1.1.jar;C:\Users\Dario\.m2\repository\org\yaml\snakeyaml\2.2\snakeyaml-2.2.jar;C:\Users\Dario\.m2\repository\org\springframework\boot\spring-boot-actuator-autoconfigure\3.3.5\spring-boot-actuator-autoconfigure-3.3.5.jar;C:\Users\Dario\.m2\repository\org\springframework\boot\spring-boot-actuator\3.3.5\spring-boot-actuator-3.3.5.jar;C:\Users\Dario\.m2\repository\com\fasterxml\jackson\core\jackson-databind\2.17.2\jackson-databind-2.17.2.jar;C:\Users\Dario\.m2\repository\com\fasterxml\jackson\core\jackson-annotations\2.17.2\jackson-annotations-2.17.2.jar;C:\Users\Dario\.m2\repository\com\fasterxml\jackson\core\jackson-core\2.17.2\jackson-core-2.17.2.jar;C:\Users\Dario\.m2\repository\com\fasterxml\jackson\datatype\jackson-datatype-jsr310\2.17.2\jackson-datatype-jsr310-2.17.2.jar;C:\Users\Dario\.m2\repository\io\micrometer\micrometer-observation\1.13.6\micrometer-observation-1.13.6.jar;C:\Users\Dario\.m2\repository\io\micrometer\micrometer-commons\1.13.6\micrometer-commons-1.13.6.jar;C:\Users\Dario\.m2\repository\io\micrometer\micrometer-jakarta9\1.13.6\micrometer-jakarta9-1.13.6.jar;C:\Users\Dario\.m2\repository\io\micrometer\micrometer-core\1.13.6\micrometer-core-1.13.6.jar;C:\Users\Dario\.m2\repository\org\hdrhistogram\HdrHistogram\2.2.2\HdrHistogram-2.2.2.jar;C:\Users\Dario\.m2\repository\org\latencyutils\LatencyUtils\2.0.3\LatencyUtils-2.0.3.jar;C:\Users\Dario\.m2\repository\org\springframework\boot\spring-boot-starter-data-jpa\3.3.5\spring-boot-starter-data-jpa-3.3.5.jar;C:\Users\Dario\.m2\repository\org\springframework\boot\spring-boot-starter-aop\3.3.5\spring-boot-starter-aop-3.3.5.jar;C:\Users\Dario\.m2\repository\org\aspectj\aspectjweaver\1.9.22.1\aspectjweaver-1.9.22.1.jar;C:\Users\Dario\.m2\repository\org\springframework\boot\spring-boot-starter-jdbc\3.3.5\spring-boot-starter-jdbc-3.3.5.jar;C:\Users\Dario\.m2\repository\com\zaxxer\HikariCP\5.1.0\HikariCP-5.1.0.jar;C:\Users\Dario\.m2\repository\org\springframework\spring-jdbc\6.1.14\spring-jdbc-6.1.14.jar;C:\Users\Dario\.m2\repository\org\hibernate\orm\hibernate-core\6.5.3.Final\hibernate-core-6.5.3.Final.jar;C:\Users\Dario\.m2\repository\jakarta\persistence\jakarta.persistence-api\3.1.0\jakarta.persistence-api-3.1.0.jar;C:\Users\Dario\.m2\repository\jakarta\transaction\jakarta.transaction-api\2.0.1\jakarta.transaction-api-2.0.1.jar;C:\Users\Dario\.m2\repository\org\jboss\logging\jboss-logging\3.5.3.Final\jboss-logging-3.5.3.Final.jar;C:\Users\Dario\.m2\repository\org\hibernate\common\hibernate-commons-annotations\6.0.6.Final\hibernate-commons-annotations-6.0.6.Final.jar;C:\Users\Dario\.m2\repository\io\smallrye\jandex\3.1.2\jandex-3.1.2.jar;C:\Users\Dario\.m2\repository\com\fasterxml\classmate\1.7.0\classmate-1.7.0.jar;C:\Users\Dario\.m2\repository\org\glassfish\jaxb\jaxb-runtime\4.0.5\jaxb-runtime-4.0.5.jar;C:\Users\Dario\.m2\repository\org\glassfish\jaxb\jaxb-core\4.0.5\jaxb-core-4.0.5.jar;C:\Users\Dario\.m2\repository\org\eclipse\angus\angus-activation\2.0.2\angus-activation-2.0.2.jar;C:\Users\Dario\.m2\repository\org\glassfish\jaxb\txw2\4.0.5\txw2-4.0.5.jar;C:\Users\Dario\.m2\repository\com\sun\istack\istack-commons-runtime\4.1.2\istack-commons-runtime-4.1.2.jar;C:\Users\Dario\.m2\repository\jakarta\inject\jakarta.inject-api\2.0.1\jakarta.inject-api-2.0.1.jar;C:\Users\Dario\.m2\repository\org\antlr\antlr4-runtime\4.13.0\antlr4-runtime-4.13.0.jar;C:\Users\Dario\.m2\repository\org\springframework\data\spring-data-jpa\3.3.5\spring-data-jpa-3.3.5.jar;C:\Users\Dario\.m2\repository\org\springframework\data\spring-data-commons\3.3.5\spring-data-commons-3.3.5.jar;C:\Users\Dario\.m2\repository\org\springframework\spring-orm\6.1.14\spring-orm-6.1.14.jar;C:\Users\Dario\.m2\repository\org\springframework\spring-context\6.1.14\spring-context-6.1.14.jar;C:\Users\Dario\.m2\repository\org\springframework\spring-tx\6.1.14\spring-tx-6.1.14.jar;C:\Users\Dario\.m2\repository\org\springframework\spring-beans\6.1.14\spring-beans-6.1.14.jar;C:\Users\Dario\.m2\repository\org\slf4j\slf4j-api\2.0.16\slf4j-api-2.0.16.jar;C:\Users\Dario\.m2\repository\org\springframework\spring-aspects\6.1.14\spring-aspects-6.1.14.jar;C:\Users\Dario\.m2\repository\org\springframework\boot\spring-boot-starter-web\3.3.5\spring-boot-starter-web-3.3.5.jar;C:\Users\Dario\.m2\repository\org\springframework\boot\spring-boot-starter-json\3.3.5\spring-boot-starter-json-3.3.5.jar;C:\Users\Dario\.m2\repository\com\fasterxml\jackson\datatype\jackson-datatype-jdk8\2.17.2\jackson-datatype-jdk8-2.17.2.jar;C:\Users\Dario\.m2\repository\com\fasterxml\jackson\module\jackson-module-parameter-names\2.17.2\jackson-module-parameter-names-2.17.2.jar;C:\Users\Dario\.m2\repository\org\springframework\boot\spring-boot-starter-tomcat\3.3.5\spring-boot-starter-tomcat-3.3.5.jar;C:\Users\Dario\.m2\repository\org\apache\tomcat\embed\tomcat-embed-core\10.1.31\tomcat-embed-core-10.1.31.jar;C:\Users\Dario\.m2\repository\org\apache\tomcat\embed\tomcat-embed-websocket\10.1.31\tomcat-embed-websocket-10.1.31.jar;C:\Users\Dario\.m2\repository\org\springframework\spring-web\6.1.14\spring-web-6.1.14.jar;C:\Users\Dario\.m2\repository\org\springframework\spring-webmvc\6.1.14\spring-webmvc-6.1.14.jar;C:\Users\Dario\.m2\repository\org\springframework\spring-expression\6.1.14\spring-expression-6.1.14.jar;C:\Users\Dario\.m2\repository\org\springframework\boot\spring-boot-devtools\3.3.5\spring-boot-devtools-3.3.5.jar;C:\Users\Dario\.m2\repository\org\springframework\boot\spring-boot\3.3.5\spring-boot-3.3.5.jar;C:\Users\Dario\.m2\repository\org\springframework\boot\spring-boot-autoconfigure\3.3.5\spring-boot-autoconfigure-3.3.5.jar;C:\Users\Dario\.m2\repository\com\oracle\database\jdbc\ucp11\21.9.0.0\ucp11-21.9.0.0.jar;C:\Users\Dario\.m2\repository\com\oracle\database\jdbc\rsi\21.9.0.0\rsi-21.9.0.0.jar;C:\Users\Dario\.m2\repository\com\oracle\database\ha\simplefan\21.9.0.0\simplefan-21.9.0.0.jar;C:\Users\Dario\.m2\repository\com\oracle\database\ha\ons\21.9.0.0\ons-21.9.0.0.jar;C:\Users\Dario\.m2\repository\com\oracle\database\nls\orai18n\21.9.0.0\orai18n-21.9.0.0.jar;C:\Users\Dario\.m2\repository\com\oracle\database\xml\xdb\21.9.0.0\xdb-21.9.0.0.jar;C:\Users\Dario\.m2\repository\com\oracle\database\xml\xmlparserv2\21.9.0.0\xmlparserv2-21.9.0.0.jar;C:\Users\Dario\.m2\repository\com\oracle\database\security\oraclepki\21.5.0.0\oraclepki-21.5.0.0.jar;C:\Users\Dario\.m2\repository\com\oracle\database\security\osdt_cert\21.5.0.0\osdt_cert-21.5.0.0.jar;C:\Users\Dario\.m2\repository\com\oracle\database\security\osdt_core\21.5.0.0\osdt_core-21.5.0.0.jar;C:\Users\Dario\.m2\repository\com\oracle\database\jdbc\ojdbc11\21.5.0.0\ojdbc11-21.5.0.0.jar;C:\Users\Dario\.m2\repository\org\projectlombok\lombok\1.18.34\lombok-1.18.34.jar;C:\Users\Dario\.m2\repository\org\springframework\boot\spring-boot-starter-test\3.3.5\spring-boot-starter-test-3.3.5.jar;C:\Users\Dario\.m2\repository\org\springframework\boot\spring-boot-test\3.3.5\spring-boot-test-3.3.5.jar;C:\Users\Dario\.m2\repository\org\springframework\boot\spring-boot-test-autoconfigure\3.3.5\spring-boot-test-autoconfigure-3.3.5.jar;C:\Users\Dario\.m2\repository\com\jayway\jsonpath\json-path\2.9.0\json-path-2.9.0.jar;C:\Users\Dario\.m2\repository\jakarta\xml\bind\jakarta.xml.bind-api\4.0.2\jakarta.xml.bind-api-4.0.2.jar;C:\Users\Dario\.m2\repository\jakarta\activation\jakarta.activation-api\2.1.3\jakarta.activation-api-2.1.3.jar;C:\Users\Dario\.m2\repository\net\minidev\json-smart\2.5.1\json-smart-2.5.1.jar;C:\Users\Dario\.m2\repository\net\minidev\accessors-smart\2.5.1\accessors-smart-2.5.1.jar;C:\Users\Dario\.m2\repository\org\ow2\asm\asm\9.6\asm-9.6.jar;C:\Users\Dario\.m2\repository\org\assertj\assertj-core\3.25.3\assertj-core-3.25.3.jar;C:\Users\Dario\.m2\repository\org\awaitility\awaitility\4.2.2\awaitility-4.2.2.jar;C:\Users\Dario\.m2\repository\org\junit\jupiter\junit-jupiter\5.10.5\junit-jupiter-5.10.5.jar;C:\Users\Dario\.m2\repository\org\junit\jupiter\junit-jupiter-params\5.10.5\junit-jupiter-params-5.10.5.jar;C:\Users\Dario\.m2\repository\org\junit\jupiter\junit-jupiter-engine\5.10.5\junit-jupiter-engine-5.10.5.jar;C:\Users\Dario\.m2\repository\org\junit\platform\junit-platform-engine\1.10.5\junit-platform-engine-1.10.5.jar;C:\Users\Dario\.m2\repository\org\skyscreamer\jsonassert\1.5.3\jsonassert-1.5.3.jar;C:\Users\Dario\.m2\repository\com\vaadin\external\google\android-json\0.0.20131108.vaadin1\android-json-0.0.20131108.vaadin1.jar;C:\Users\Dario\.m2\repository\org\springframework\spring-core\6.1.14\spring-core-6.1.14.jar;C:\Users\Dario\.m2\repository\org\springframework\spring-jcl\6.1.14\spring-jcl-6.1.14.jar;C:\Users\Dario\.m2\repository\org\springframework\spring-test\6.1.14\spring-test-6.1.14.jar;C:\Users\Dario\.m2\repository\org\xmlunit\xmlunit-core\2.9.1\xmlunit-core-2.9.1.jar;C:\Users\Dario\.m2\repository\jakarta\validation\jakarta.validation-api\3.0.2\jakarta.validation-api-3.0.2.jar;C:\Users\Dario\.m2\repository\org\springframework\boot\spring-boot-starter-validation\3.3.5\spring-boot-starter-validation-3.3.5.jar;C:\Users\Dario\.m2\repository\org\apache\tomcat\embed\tomcat-embed-el\10.1.31\tomcat-embed-el-10.1.31.jar;C:\Users\Dario\.m2\repository\org\hibernate\validator\hibernate-validator\8.0.1.Final\hibernate-validator-8.0.1.Final.jar;C:\Users\Dario\.m2\repository\org\springframework\boot\spring-boot-starter-security\3.3.5\spring-boot-starter-security-3.3.5.jar;C:\Users\Dario\.m2\repository\org\springframework\spring-aop\6.1.14\spring-aop-6.1.14.jar;C:\Users\Dario\.m2\repository\org\springframework\security\spring-security-config\6.3.4\spring-security-config-6.3.4.jar;C:\Users\Dario\.m2\repository\org\springframework\security\spring-security-web\6.3.4\spring-security-web-6.3.4.jar;C:\Users\Dario\.m2\repository\org\hamcrest\hamcrest\2.2\hamcrest-2.2.jar;C:\Users\Dario\.m2\repository\org\springframework\boot\spring-boot-starter-hateoas\3.3.5\spring-boot-starter-hateoas-3.3.5.jar;C:\Users\Dario\.m2\repository\org\springframework\hateoas\spring-hateoas\2.3.3\spring-hateoas-2.3.3.jar;C:\Users\Dario\.m2\repository\org\springframework\plugin\spring-plugin-core\3.0.0\spring-plugin-core-3.0.0.jar;C:\Users\Dario\.m2\repository\org\mockito\mockito-core\5.11.0\mockito-core-5.11.0.jar;C:\Users\Dario\.m2\repository\net\bytebuddy\byte-buddy\1.14.19\byte-buddy-1.14.19.jar;C:\Users\Dario\.m2\repository\net\bytebuddy\byte-buddy-agent\1.14.19\byte-buddy-agent-1.14.19.jar;C:\Users\Dario\.m2\repository\org\objenesis\objenesis\3.3\objenesis-3.3.jar;C:\Users\Dario\.m2\repository\org\mockito\mockito-junit-jupiter\5.11.0\mockito-junit-jupiter-5.11.0.jar;C:\Users\Dario\.m2\repository\org\junit\jupiter\junit-jupiter-api\5.10.5\junit-jupiter-api-5.10.5.jar;C:\Users\Dario\.m2\repository\org\opentest4j\opentest4j\1.3.0\opentest4j-1.3.0.jar;C:\Users\Dario\.m2\repository\org\junit\platform\junit-platform-commons\1.10.5\junit-platform-commons-1.10.5.jar;C:\Users\Dario\.m2\repository\org\apiguardian\apiguardian-api\1.1.2\apiguardian-api-1.1.2.jar;C:\Users\Dario\.m2\repository\org\springframework\security\spring-security-test\6.3.4\spring-security-test-6.3.4.jar;C:\Users\Dario\.m2\repository\org\springframework\security\spring-security-core\6.3.4\spring-security-core-6.3.4.jar;C:\Users\Dario\.m2\repository\org\springframework\security\spring-security-crypto\6.3.4\spring-security-crypto-6.3.4.jar;"/>
    <property name="java.vm.vendor" value="Oracle Corporation"/>
    <property name="sun.arch.data.model" value="64"/>
    <property name="user.variant" value=""/>
    <property name="java.vendor.url" value="https://java.oracle.com/"/>
    <property name="catalina.useNaming" value="false"/>
    <property name="user.timezone" value="America/Santiago"/>
    <property name="org.jboss.logging.provider" value="slf4j"/>
    <property name="os.name" value="Windows 10"/>
    <property name="java.vm.specification.version" value="17"/>
    <property name="sun.java.launcher" value="SUN_STANDARD"/>
    <property name="user.country" value="419"/>
    <property name="sun.boot.library.path" value="C:\Program Files\Java\jdk-17\bin"/>
    <property name="sun.java.command" value="C:\Users\Dario\AppData\Local\Temp\surefire5068276598009695072\surefirebooter-20241213171558646_3.jar C:\Users\Dario\AppData\Local\Temp\surefire5068276598009695072 2024-12-13T17-15-58_463-jvmRun1 surefire-20241213171558646_1tmp surefire_0-20241213171558646_2tmp"/>
    <property name="jdk.debug" value="release"/>
    <property name="surefire.test.class.path" value="C:\sonar\maestro\target\test-classes;C:\sonar\maestro\target\classes;C:\Users\Dario\.m2\repository\org\springframework\boot\spring-boot-starter-actuator\3.3.5\spring-boot-starter-actuator-3.3.5.jar;C:\Users\Dario\.m2\repository\org\springframework\boot\spring-boot-starter\3.3.5\spring-boot-starter-3.3.5.jar;C:\Users\Dario\.m2\repository\org\springframework\boot\spring-boot-starter-logging\3.3.5\spring-boot-starter-logging-3.3.5.jar;C:\Users\Dario\.m2\repository\ch\qos\logback\logback-classic\1.5.11\logback-classic-1.5.11.jar;C:\Users\Dario\.m2\repository\ch\qos\logback\logback-core\1.5.11\logback-core-1.5.11.jar;C:\Users\Dario\.m2\repository\org\apache\logging\log4j\log4j-to-slf4j\2.23.1\log4j-to-slf4j-2.23.1.jar;C:\Users\Dario\.m2\repository\org\apache\logging\log4j\log4j-api\2.23.1\log4j-api-2.23.1.jar;C:\Users\Dario\.m2\repository\org\slf4j\jul-to-slf4j\2.0.16\jul-to-slf4j-2.0.16.jar;C:\Users\Dario\.m2\repository\jakarta\annotation\jakarta.annotation-api\2.1.1\jakarta.annotation-api-2.1.1.jar;C:\Users\Dario\.m2\repository\org\yaml\snakeyaml\2.2\snakeyaml-2.2.jar;C:\Users\Dario\.m2\repository\org\springframework\boot\spring-boot-actuator-autoconfigure\3.3.5\spring-boot-actuator-autoconfigure-3.3.5.jar;C:\Users\Dario\.m2\repository\org\springframework\boot\spring-boot-actuator\3.3.5\spring-boot-actuator-3.3.5.jar;C:\Users\Dario\.m2\repository\com\fasterxml\jackson\core\jackson-databind\2.17.2\jackson-databind-2.17.2.jar;C:\Users\Dario\.m2\repository\com\fasterxml\jackson\core\jackson-annotations\2.17.2\jackson-annotations-2.17.2.jar;C:\Users\Dario\.m2\repository\com\fasterxml\jackson\core\jackson-core\2.17.2\jackson-core-2.17.2.jar;C:\Users\Dario\.m2\repository\com\fasterxml\jackson\datatype\jackson-datatype-jsr310\2.17.2\jackson-datatype-jsr310-2.17.2.jar;C:\Users\Dario\.m2\repository\io\micrometer\micrometer-observation\1.13.6\micrometer-observation-1.13.6.jar;C:\Users\Dario\.m2\repository\io\micrometer\micrometer-commons\1.13.6\micrometer-commons-1.13.6.jar;C:\Users\Dario\.m2\repository\io\micrometer\micrometer-jakarta9\1.13.6\micrometer-jakarta9-1.13.6.jar;C:\Users\Dario\.m2\repository\io\micrometer\micrometer-core\1.13.6\micrometer-core-1.13.6.jar;C:\Users\Dario\.m2\repository\org\hdrhistogram\HdrHistogram\2.2.2\HdrHistogram-2.2.2.jar;C:\Users\Dario\.m2\repository\org\latencyutils\LatencyUtils\2.0.3\LatencyUtils-2.0.3.jar;C:\Users\Dario\.m2\repository\org\springframework\boot\spring-boot-starter-data-jpa\3.3.5\spring-boot-starter-data-jpa-3.3.5.jar;C:\Users\Dario\.m2\repository\org\springframework\boot\spring-boot-starter-aop\3.3.5\spring-boot-starter-aop-3.3.5.jar;C:\Users\Dario\.m2\repository\org\aspectj\aspectjweaver\1.9.22.1\aspectjweaver-1.9.22.1.jar;C:\Users\Dario\.m2\repository\org\springframework\boot\spring-boot-starter-jdbc\3.3.5\spring-boot-starter-jdbc-3.3.5.jar;C:\Users\Dario\.m2\repository\com\zaxxer\HikariCP\5.1.0\HikariCP-5.1.0.jar;C:\Users\Dario\.m2\repository\org\springframework\spring-jdbc\6.1.14\spring-jdbc-6.1.14.jar;C:\Users\Dario\.m2\repository\org\hibernate\orm\hibernate-core\6.5.3.Final\hibernate-core-6.5.3.Final.jar;C:\Users\Dario\.m2\repository\jakarta\persistence\jakarta.persistence-api\3.1.0\jakarta.persistence-api-3.1.0.jar;C:\Users\Dario\.m2\repository\jakarta\transaction\jakarta.transaction-api\2.0.1\jakarta.transaction-api-2.0.1.jar;C:\Users\Dario\.m2\repository\org\jboss\logging\jboss-logging\3.5.3.Final\jboss-logging-3.5.3.Final.jar;C:\Users\Dario\.m2\repository\org\hibernate\common\hibernate-commons-annotations\6.0.6.Final\hibernate-commons-annotations-6.0.6.Final.jar;C:\Users\Dario\.m2\repository\io\smallrye\jandex\3.1.2\jandex-3.1.2.jar;C:\Users\Dario\.m2\repository\com\fasterxml\classmate\1.7.0\classmate-1.7.0.jar;C:\Users\Dario\.m2\repository\org\glassfish\jaxb\jaxb-runtime\4.0.5\jaxb-runtime-4.0.5.jar;C:\Users\Dario\.m2\repository\org\glassfish\jaxb\jaxb-core\4.0.5\jaxb-core-4.0.5.jar;C:\Users\Dario\.m2\repository\org\eclipse\angus\angus-activation\2.0.2\angus-activation-2.0.2.jar;C:\Users\Dario\.m2\repository\org\glassfish\jaxb\txw2\4.0.5\txw2-4.0.5.jar;C:\Users\Dario\.m2\repository\com\sun\istack\istack-commons-runtime\4.1.2\istack-commons-runtime-4.1.2.jar;C:\Users\Dario\.m2\repository\jakarta\inject\jakarta.inject-api\2.0.1\jakarta.inject-api-2.0.1.jar;C:\Users\Dario\.m2\repository\org\antlr\antlr4-runtime\4.13.0\antlr4-runtime-4.13.0.jar;C:\Users\Dario\.m2\repository\org\springframework\data\spring-data-jpa\3.3.5\spring-data-jpa-3.3.5.jar;C:\Users\Dario\.m2\repository\org\springframework\data\spring-data-commons\3.3.5\spring-data-commons-3.3.5.jar;C:\Users\Dario\.m2\repository\org\springframework\spring-orm\6.1.14\spring-orm-6.1.14.jar;C:\Users\Dario\.m2\repository\org\springframework\spring-context\6.1.14\spring-context-6.1.14.jar;C:\Users\Dario\.m2\repository\org\springframework\spring-tx\6.1.14\spring-tx-6.1.14.jar;C:\Users\Dario\.m2\repository\org\springframework\spring-beans\6.1.14\spring-beans-6.1.14.jar;C:\Users\Dario\.m2\repository\org\slf4j\slf4j-api\2.0.16\slf4j-api-2.0.16.jar;C:\Users\Dario\.m2\repository\org\springframework\spring-aspects\6.1.14\spring-aspects-6.1.14.jar;C:\Users\Dario\.m2\repository\org\springframework\boot\spring-boot-starter-web\3.3.5\spring-boot-starter-web-3.3.5.jar;C:\Users\Dario\.m2\repository\org\springframework\boot\spring-boot-starter-json\3.3.5\spring-boot-starter-json-3.3.5.jar;C:\Users\Dario\.m2\repository\com\fasterxml\jackson\datatype\jackson-datatype-jdk8\2.17.2\jackson-datatype-jdk8-2.17.2.jar;C:\Users\Dario\.m2\repository\com\fasterxml\jackson\module\jackson-module-parameter-names\2.17.2\jackson-module-parameter-names-2.17.2.jar;C:\Users\Dario\.m2\repository\org\springframework\boot\spring-boot-starter-tomcat\3.3.5\spring-boot-starter-tomcat-3.3.5.jar;C:\Users\Dario\.m2\repository\org\apache\tomcat\embed\tomcat-embed-core\10.1.31\tomcat-embed-core-10.1.31.jar;C:\Users\Dario\.m2\repository\org\apache\tomcat\embed\tomcat-embed-websocket\10.1.31\tomcat-embed-websocket-10.1.31.jar;C:\Users\Dario\.m2\repository\org\springframework\spring-web\6.1.14\spring-web-6.1.14.jar;C:\Users\Dario\.m2\repository\org\springframework\spring-webmvc\6.1.14\spring-webmvc-6.1.14.jar;C:\Users\Dario\.m2\repository\org\springframework\spring-expression\6.1.14\spring-expression-6.1.14.jar;C:\Users\Dario\.m2\repository\org\springframework\boot\spring-boot-devtools\3.3.5\spring-boot-devtools-3.3.5.jar;C:\Users\Dario\.m2\repository\org\springframework\boot\spring-boot\3.3.5\spring-boot-3.3.5.jar;C:\Users\Dario\.m2\repository\org\springframework\boot\spring-boot-autoconfigure\3.3.5\spring-boot-autoconfigure-3.3.5.jar;C:\Users\Dario\.m2\repository\com\oracle\database\jdbc\ucp11\21.9.0.0\ucp11-21.9.0.0.jar;C:\Users\Dario\.m2\repository\com\oracle\database\jdbc\rsi\21.9.0.0\rsi-21.9.0.0.jar;C:\Users\Dario\.m2\repository\com\oracle\database\ha\simplefan\21.9.0.0\simplefan-21.9.0.0.jar;C:\Users\Dario\.m2\repository\com\oracle\database\ha\ons\21.9.0.0\ons-21.9.0.0.jar;C:\Users\Dario\.m2\repository\com\oracle\database\nls\orai18n\21.9.0.0\orai18n-21.9.0.0.jar;C:\Users\Dario\.m2\repository\com\oracle\database\xml\xdb\21.9.0.0\xdb-21.9.0.0.jar;C:\Users\Dario\.m2\repository\com\oracle\database\xml\xmlparserv2\21.9.0.0\xmlparserv2-21.9.0.0.jar;C:\Users\Dario\.m2\repository\com\oracle\database\security\oraclepki\21.5.0.0\oraclepki-21.5.0.0.jar;C:\Users\Dario\.m2\repository\com\oracle\database\security\osdt_cert\21.5.0.0\osdt_cert-21.5.0.0.jar;C:\Users\Dario\.m2\repository\com\oracle\database\security\osdt_core\21.5.0.0\osdt_core-21.5.0.0.jar;C:\Users\Dario\.m2\repository\com\oracle\database\jdbc\ojdbc11\21.5.0.0\ojdbc11-21.5.0.0.jar;C:\Users\Dario\.m2\repository\org\projectlombok\lombok\1.18.34\lombok-1.18.34.jar;C:\Users\Dario\.m2\repository\org\springframework\boot\spring-boot-starter-test\3.3.5\spring-boot-starter-test-3.3.5.jar;C:\Users\Dario\.m2\repository\org\springframework\boot\spring-boot-test\3.3.5\spring-boot-test-3.3.5.jar;C:\Users\Dario\.m2\repository\org\springframework\boot\spring-boot-test-autoconfigure\3.3.5\spring-boot-test-autoconfigure-3.3.5.jar;C:\Users\Dario\.m2\repository\com\jayway\jsonpath\json-path\2.9.0\json-path-2.9.0.jar;C:\Users\Dario\.m2\repository\jakarta\xml\bind\jakarta.xml.bind-api\4.0.2\jakarta.xml.bind-api-4.0.2.jar;C:\Users\Dario\.m2\repository\jakarta\activation\jakarta.activation-api\2.1.3\jakarta.activation-api-2.1.3.jar;C:\Users\Dario\.m2\repository\net\minidev\json-smart\2.5.1\json-smart-2.5.1.jar;C:\Users\Dario\.m2\repository\net\minidev\accessors-smart\2.5.1\accessors-smart-2.5.1.jar;C:\Users\Dario\.m2\repository\org\ow2\asm\asm\9.6\asm-9.6.jar;C:\Users\Dario\.m2\repository\org\assertj\assertj-core\3.25.3\assertj-core-3.25.3.jar;C:\Users\Dario\.m2\repository\org\awaitility\awaitility\4.2.2\awaitility-4.2.2.jar;C:\Users\Dario\.m2\repository\org\junit\jupiter\junit-jupiter\5.10.5\junit-jupiter-5.10.5.jar;C:\Users\Dario\.m2\repository\org\junit\jupiter\junit-jupiter-params\5.10.5\junit-jupiter-params-5.10.5.jar;C:\Users\Dario\.m2\repository\org\junit\jupiter\junit-jupiter-engine\5.10.5\junit-jupiter-engine-5.10.5.jar;C:\Users\Dario\.m2\repository\org\junit\platform\junit-platform-engine\1.10.5\junit-platform-engine-1.10.5.jar;C:\Users\Dario\.m2\repository\org\skyscreamer\jsonassert\1.5.3\jsonassert-1.5.3.jar;C:\Users\Dario\.m2\repository\com\vaadin\external\google\android-json\0.0.20131108.vaadin1\android-json-0.0.20131108.vaadin1.jar;C:\Users\Dario\.m2\repository\org\springframework\spring-core\6.1.14\spring-core-6.1.14.jar;C:\Users\Dario\.m2\repository\org\springframework\spring-jcl\6.1.14\spring-jcl-6.1.14.jar;C:\Users\Dario\.m2\repository\org\springframework\spring-test\6.1.14\spring-test-6.1.14.jar;C:\Users\Dario\.m2\repository\org\xmlunit\xmlunit-core\2.9.1\xmlunit-core-2.9.1.jar;C:\Users\Dario\.m2\repository\jakarta\validation\jakarta.validation-api\3.0.2\jakarta.validation-api-3.0.2.jar;C:\Users\Dario\.m2\repository\org\springframework\boot\spring-boot-starter-validation\3.3.5\spring-boot-starter-validation-3.3.5.jar;C:\Users\Dario\.m2\repository\org\apache\tomcat\embed\tomcat-embed-el\10.1.31\tomcat-embed-el-10.1.31.jar;C:\Users\Dario\.m2\repository\org\hibernate\validator\hibernate-validator\8.0.1.Final\hibernate-validator-8.0.1.Final.jar;C:\Users\Dario\.m2\repository\org\springframework\boot\spring-boot-starter-security\3.3.5\spring-boot-starter-security-3.3.5.jar;C:\Users\Dario\.m2\repository\org\springframework\spring-aop\6.1.14\spring-aop-6.1.14.jar;C:\Users\Dario\.m2\repository\org\springframework\security\spring-security-config\6.3.4\spring-security-config-6.3.4.jar;C:\Users\Dario\.m2\repository\org\springframework\security\spring-security-web\6.3.4\spring-security-web-6.3.4.jar;C:\Users\Dario\.m2\repository\org\hamcrest\hamcrest\2.2\hamcrest-2.2.jar;C:\Users\Dario\.m2\repository\org\springframework\boot\spring-boot-starter-hateoas\3.3.5\spring-boot-starter-hateoas-3.3.5.jar;C:\Users\Dario\.m2\repository\org\springframework\hateoas\spring-hateoas\2.3.3\spring-hateoas-2.3.3.jar;C:\Users\Dario\.m2\repository\org\springframework\plugin\spring-plugin-core\3.0.0\spring-plugin-core-3.0.0.jar;C:\Users\Dario\.m2\repository\org\mockito\mockito-core\5.11.0\mockito-core-5.11.0.jar;C:\Users\Dario\.m2\repository\net\bytebuddy\byte-buddy\1.14.19\byte-buddy-1.14.19.jar;C:\Users\Dario\.m2\repository\net\bytebuddy\byte-buddy-agent\1.14.19\byte-buddy-agent-1.14.19.jar;C:\Users\Dario\.m2\repository\org\objenesis\objenesis\3.3\objenesis-3.3.jar;C:\Users\Dario\.m2\repository\org\mockito\mockito-junit-jupiter\5.11.0\mockito-junit-jupiter-5.11.0.jar;C:\Users\Dario\.m2\repository\org\junit\jupiter\junit-jupiter-api\5.10.5\junit-jupiter-api-5.10.5.jar;C:\Users\Dario\.m2\repository\org\opentest4j\opentest4j\1.3.0\opentest4j-1.3.0.jar;C:\Users\Dario\.m2\repository\org\junit\platform\junit-platform-commons\1.10.5\junit-platform-commons-1.10.5.jar;C:\Users\Dario\.m2\repository\org\apiguardian\apiguardian-api\1.1.2\apiguardian-api-1.1.2.jar;C:\Users\Dario\.m2\repository\org\springframework\security\spring-security-test\6.3.4\spring-security-test-6.3.4.jar;C:\Users\Dario\.m2\repository\org\springframework\security\spring-security-core\6.3.4\spring-security-core-6.3.4.jar;C:\Users\Dario\.m2\repository\org\springframework\security\spring-security-crypto\6.3.4\spring-security-crypto-6.3.4.jar;"/>
    <property name="sun.cpu.endian" value="little"/>
    <property name="user.home" value="C:\Users\Dario"/>
    <property name="user.language" value="es"/>
    <property name="java.specification.vendor" value="Oracle Corporation"/>
    <property name="java.version.date" value="2024-10-15"/>
    <property name="java.home" value="C:\Program Files\Java\jdk-17"/>
    <property name="file.separator" value="\"/>
    <property name="basedir" value="C:\sonar\maestro"/>
    <property name="java.vm.compressedOopsMode" value="Zero based"/>
    <property name="line.separator" value="&#10;"/>
    <property name="java.vm.specification.vendor" value="Oracle Corporation"/>
    <property name="java.specification.name" value="Java Platform API Specification"/>
    <property name="FILE_LOG_CHARSET" value="windows-1252"/>
    <property name="java.awt.headless" value="true"/>
    <property name="surefire.real.class.path" value="C:\Users\Dario\AppData\Local\Temp\surefire5068276598009695072\surefirebooter-20241213171558646_3.jar"/>
    <property name="user.script" value=""/>
    <property name="sun.management.compiler" value="HotSpot 64-Bit Tiered Compilers"/>
    <property name="java.runtime.version" value="17.0.13+10-LTS-268"/>
    <property name="user.name" value="Dario"/>
    <property name="path.separator" value=";"/>
    <property name="os.version" value="10.0"/>
    <property name="java.runtime.name" value="Java(TM) SE Runtime Environment"/>
    <property name="file.encoding" value="Cp1252"/>
    <property name="java.vm.name" value="Java HotSpot(TM) 64-Bit Server VM"/>
    <property name="localRepository" value="C:\Users\Dario\.m2\repository"/>
    <property name="java.vendor.url.bug" value="https://bugreport.java.com/bugreport/"/>
    <property name="java.io.tmpdir" value="C:\Users\Dario\AppData\Local\Temp\"/>
    <property name="sonar.token" value="sqp_3a79ea4919e511256aaa99f56c26f0cc92ddf742"/>
    <property name="com.zaxxer.hikari.pool_number" value="3"/>
    <property name="catalina.home" value="C:\Users\Dario\AppData\Local\Temp\tomcat.8082.12345567176693847180"/>
    <property name="java.version" value="17.0.13"/>
    <property name="user.dir" value="C:\sonar\maestro"/>
    <property name="os.arch" value="amd64"/>
    <property name="java.vm.specification.name" value="Java Virtual Machine Specification"/>
    <property name="PID" value="23116"/>
    <property name="sun.os.patch.level" value=""/>
    <property name="CONSOLE_LOG_CHARSET" value="windows-1252"/>
    <property name="catalina.base" value="C:\Users\Dario\AppData\Local\Temp\tomcat.8082.12345567176693847180"/>
    <property name="native.encoding" value="Cp1252"/>
    <property name="sonar.projectKey" value="micro-maestro"/>
    <property name="java.library.path" value="C:\Program Files\Java\jdk-17\bin;C:\Windows\Sun\Java\bin;C:\Windows\system32;C:\Windows;C:\Program Files\Common Files\Oracle\Java\javapath;C:\Windows\system32;C:\Windows;C:\Windows\System32\Wbem;C:\Windows\System32\WindowsPowerShell\v1.0\;C:\Windows\System32\OpenSSH\;C:\Program Files\Git\cmd;C:\Program Files\Java\jdk-17\bin;C:\apache-maven-3.9.9\bin;C:\Program Files\Docker\Docker\resources\bin;C:\Program Files\nodejs\;C:\npm-global;C:\npm-global\bin;C:\Program Files\Java\jdk-17;C:\Users\Dario\AppData\Local\Microsoft\WindowsApps;C:\Users\Dario\AppData\Local\Programs\Microsoft VS Code\bin;C:\Users\Dario\AppData\Roaming\npm;."/>
    <property name="java.vm.info" value="mixed mode, sharing"/>
    <property name="java.vendor" value="Oracle Corporation"/>
    <property name="java.vm.version" value="17.0.13+10-LTS-268"/>
    <property name="java.specification.maintenance.version" value="1"/>
    <property name="sun.io.unicode.encoding" value="UnicodeLittle"/>
    <property name="java.class.version" value="61.0"/>
    <property name="LOGGED_APPLICATION_NAME" value="[maestro] "/>
  </properties>
  <testcase name="testUpdateProducto" classname="com.microproductos.maestro.repository.ProductoRepositoryTest" time="0.629">
    <system-out><![CDATA[2024-12-13T17:16:22.464-03:00 DEBUG 23116 --- [maestro] [           main] .b.t.c.SpringBootTestContextBootstrapper : Neither @ContextConfiguration nor @ContextHierarchy found for test class [ProductoRepositoryTest]: using SpringBootContextLoader
2024-12-13T17:16:22.465-03:00 DEBUG 23116 --- [maestro] [           main] o.s.t.c.support.AbstractContextLoader    : Could not detect default resource locations for test class [com.microproductos.maestro.repository.ProductoRepositoryTest]: no resource found for suffixes {-context.xml, Context.groovy}.
2024-12-13T17:16:22.466-03:00  INFO 23116 --- [maestro] [           main] t.c.s.AnnotationConfigContextLoaderUtils : Could not detect default configuration classes for test class [com.microproductos.maestro.repository.ProductoRepositoryTest]: ProductoRepositoryTest does not declare any static, non-private, non-final, nested classes annotated with @Configuration.
2024-12-13T17:16:22.466-03:00 DEBUG 23116 --- [maestro] [           main] .b.t.c.SpringBootTestContextBootstrapper : Using ContextCustomizerFactory implementations for test class [ProductoRepositoryTest]: [ImportsContextCustomizerFactory, ExcludeFilterContextCustomizerFactory, HttpGraphQlTesterContextCustomizerFactory, DuplicateJsonObjectContextCustomizerFactory, MockitoContextCustomizerFactory, TestRestTemplateContextCustomizerFactory, WebTestClientContextCustomizerFactory, DisableReactorResourceFactoryGlobalResourcesContextCustomizerFactory, OnFailureConditionReportContextCustomizerFactory, OverrideAutoConfigurationContextCustomizerFactory, ObservabilityContextCustomizerFactory, TypeExcludeFiltersContextCustomizerFactory, PropertyMappingContextCustomizerFactory, WebDriverContextCustomizerFactory, MockServerContainerContextCustomizerFactory, DynamicPropertiesContextCustomizerFactory]
2024-12-13T17:16:22.467-03:00 DEBUG 23116 --- [maestro] [           main] .b.t.c.SpringBootTestContextBootstrapper : Using ContextCustomizers for test class [ProductoRepositoryTest]: [ExcludeFilterContextCustomizer, DuplicateJsonObjectContextCustomizer, MockitoContextCustomizer, TestRestTemplateContextCustomizer, DisableReactorResourceFactoryGlobalResourcesContextCustomizerCustomizer, OnFailureConditionReportContextCustomizer, DisableObservabilityContextCustomizer, PropertyMappingContextCustomizer, WebDriverContextCustomizer]
2024-12-13T17:16:22.482-03:00 DEBUG 23116 --- [maestro] [           main] ssPathScanningCandidateComponentProvider : Identified candidate component class: file [C:\sonar\maestro\target\classes\com\microproductos\maestro\MaestroApplication.class]
2024-12-13T17:16:22.482-03:00  INFO 23116 --- [maestro] [           main] .b.t.c.SpringBootTestContextBootstrapper : Found @SpringBootConfiguration com.microproductos.maestro.MaestroApplication for test class com.microproductos.maestro.repository.ProductoRepositoryTest
2024-12-13T17:16:22.484-03:00 DEBUG 23116 --- [maestro] [           main] .s.t.c.u.TestContextSpringFactoriesUtils : Skipping candidate TestExecutionListener [org.springframework.test.context.observation.MicrometerObservationRegistryTestExecutionListener] due to a missing dependency. Specify custom TestExecutionListener classes or make the default TestExecutionListener classes and their required dependencies available. Offending class: io.micrometer.context.ThreadLocalAccessor. MicrometerObservationRegistryTestExecutionListener requires io.micrometer:micrometer-observation:1.10.8 or higher and io.micrometer:context-propagation:1.0.3 or higher.
2024-12-13T17:16:22.484-03:00 DEBUG 23116 --- [maestro] [           main] .b.t.c.SpringBootTestContextBootstrapper : Using TestExecutionListeners for test class [ProductoRepositoryTest]: [ServletTestExecutionListener, DirtiesContextBeforeModesTestExecutionListener, ApplicationEventsTestExecutionListener, MockitoTestExecutionListener, DependencyInjectionTestExecutionListener, DirtiesContextTestExecutionListener, TransactionalTestExecutionListener, SqlScriptsTestExecutionListener, EventPublishingTestExecutionListener, WithSecurityContextTestExecutionListener, ReactorContextTestExecutionListener, ResetMocksTestExecutionListener, RestDocsTestExecutionListener, MockRestServiceServerResetTestExecutionListener, MockMvcPrintOnlyOnFailureTestExecutionListener, WebDriverTestExecutionListener, MockWebServiceServerTestExecutionListener]
2024-12-13T17:16:22.485-03:00 DEBUG 23116 --- [maestro] [           main] sContextBeforeModesTestExecutionListener : Before test class: class [ProductoRepositoryTest], class annotated with @DirtiesContext [false] with mode [null]
2024-12-13T17:16:22.485-03:00 DEBUG 23116 --- [maestro] [           main] org.springframework.test.context.cache   : Spring test ApplicationContext cache statistics: [DefaultContextCache@3af9164b size = 2, maxSize = 32, parentContextCount = 0, hitCount = 157, missCount = 2, failureCount = 0]
2024-12-13T17:16:22.486-03:00 DEBUG 23116 --- [maestro] [           main] org.springframework.test.context.cache   : Spring test ApplicationContext cache statistics: [DefaultContextCache@3af9164b size = 2, maxSize = 32, parentContextCount = 0, hitCount = 158, missCount = 2, failureCount = 0]
2024-12-13T17:16:22.486-03:00 DEBUG 23116 --- [maestro] [           main] o.s.t.c.w.ServletTestExecutionListener   : Setting up MockHttpServletRequest, MockHttpServletResponse, ServletWebRequest, and RequestContextHolder for test class com.microproductos.maestro.repository.ProductoRepositoryTest
2024-12-13T17:16:22.486-03:00 DEBUG 23116 --- [maestro] [           main] DependencyInjectionTestExecutionListener : Performing dependency injection for test class com.microproductos.maestro.repository.ProductoRepositoryTest
2024-12-13T17:16:22.486-03:00 DEBUG 23116 --- [maestro] [           main] org.springframework.test.context.cache   : Spring test ApplicationContext cache statistics: [DefaultContextCache@3af9164b size = 2, maxSize = 32, parentContextCount = 0, hitCount = 159, missCount = 2, failureCount = 0]
2024-12-13T17:16:22.487-03:00 DEBUG 23116 --- [maestro] [           main] org.springframework.test.context.cache   : Spring test ApplicationContext cache statistics: [DefaultContextCache@3af9164b size = 2, maxSize = 32, parentContextCount = 0, hitCount = 160, missCount = 2, failureCount = 0]
2024-12-13T17:16:22.488-03:00 DEBUG 23116 --- [maestro] [           main] sContextBeforeModesTestExecutionListener : Before test method: class [ProductoRepositoryTest], method [testUpdateProducto], class annotated with @DirtiesContext [false] with mode [null], method annotated with @DirtiesContext [false] with mode [null]
2024-12-13T17:16:22.488-03:00 DEBUG 23116 --- [maestro] [           main] org.springframework.test.context.cache   : Spring test ApplicationContext cache statistics: [DefaultContextCache@3af9164b size = 2, maxSize = 32, parentContextCount = 0, hitCount = 161, missCount = 2, failureCount = 0]
2024-12-13T17:16:22.489-03:00 DEBUG 23116 --- [maestro] [           main] org.springframework.test.context.cache   : Spring test ApplicationContext cache statistics: [DefaultContextCache@3af9164b size = 2, maxSize = 32, parentContextCount = 0, hitCount = 162, missCount = 2, failureCount = 0]
2024-12-13T17:16:22.503-03:00 DEBUG 23116 --- [maestro] [           main] o.s.orm.jpa.JpaTransactionManager        : Creating new transaction with name [org.springframework.data.jpa.repository.support.SimpleJpaRepository.save]: PROPAGATION_REQUIRED,ISOLATION_DEFAULT
2024-12-13T17:16:22.504-03:00 DEBUG 23116 --- [maestro] [           main] o.s.orm.jpa.JpaTransactionManager        : Opened new EntityManager [SessionImpl(2044741492<open>)] for JPA transaction
2024-12-13T17:16:22.508-03:00 DEBUG 23116 --- [maestro] [           main] o.h.e.t.internal.TransactionImpl         : On TransactionImpl creation, JpaCompliance#isJpaTransactionComplianceEnabled == false
2024-12-13T17:16:22.509-03:00 DEBUG 23116 --- [maestro] [           main] o.h.e.t.internal.TransactionImpl         : begin
2024-12-13T17:16:22.852-03:00 DEBUG 23116 --- [maestro] [           main] o.s.orm.jpa.JpaTransactionManager        : Exposing JPA transaction as JDBC [org.springframework.orm.jpa.vendor.HibernateJpaDialect$HibernateConnectionHandle@305828b9]
2024-12-13T17:16:22.859-03:00 DEBUG 23116 --- [maestro] [           main] o.h.j.internal.PersistenceUnitUtilImpl   : jakarta.persistence.PersistenceUnitUtil.getIdentifier is only intended to work with enhanced entities (although Hibernate also adapts this support to its proxies); however the passed entity was not enhanced (nor a proxy).. may not be able to read identifier
2024-12-13T17:16:22.881-03:00 DEBUG 23116 --- [maestro] [           main] org.hibernate.engine.spi.ActionQueue     : Executing identity-insert immediately
2024-12-13T17:16:22.899-03:00 DEBUG 23116 --- [maestro] [           main] org.hibernate.SQL                        : 
    insert 
    into
        producto
        (image, nombre, precio, id) 
    values
        (?, ?, ?, default)
Hibernate: 
    insert 
    into
        producto
        (image, nombre, precio, id) 
    values
        (?, ?, ?, default)
2024-12-13T17:16:22.951-03:00 DEBUG 23116 --- [maestro] [           main] org.hibernate.orm.results                : Initializer list is empty
2024-12-13T17:16:22.960-03:00 DEBUG 23116 --- [maestro] [           main] org.hibernate.orm.results.loading        : Calling top-level assembler (0 / 1) : org.hibernate.sql.results.graph.basic.BasicResultAssembler@f96569a
2024-12-13T17:16:22.960-03:00 DEBUG 23116 --- [maestro] [           main] org.hibernate.orm.results                : Extracted JDBC value [0] - [39]
2024-12-13T17:16:22.962-03:00 DEBUG 23116 --- [maestro] [           main] o.h.id.IdentifierGeneratorHelper         : Extracted generated values [com.microproductos.maestro.model.Producto]: [Ljava.lang.Object;@40ba4a5d
2024-12-13T17:16:22.972-03:00 DEBUG 23116 --- [maestro] [           main] o.s.orm.jpa.JpaTransactionManager        : Initiating transaction commit
2024-12-13T17:16:22.972-03:00 DEBUG 23116 --- [maestro] [           main] o.s.orm.jpa.JpaTransactionManager        : Committing JPA transaction on EntityManager [SessionImpl(2044741492<open>)]
2024-12-13T17:16:22.972-03:00 DEBUG 23116 --- [maestro] [           main] o.h.e.t.internal.TransactionImpl         : committing
2024-12-13T17:16:22.974-03:00 DEBUG 23116 --- [maestro] [           main] o.h.e.i.AbstractFlushingEventListener    : Processing flush-time cascades
2024-12-13T17:16:22.975-03:00 DEBUG 23116 --- [maestro] [           main] o.h.e.i.AbstractFlushingEventListener    : Dirty checking collections
2024-12-13T17:16:22.984-03:00 DEBUG 23116 --- [maestro] [           main] o.h.e.i.AbstractFlushingEventListener    : Flushed: 0 insertions, 0 updates, 0 deletions to 1 objects
2024-12-13T17:16:22.984-03:00 DEBUG 23116 --- [maestro] [           main] o.h.e.i.AbstractFlushingEventListener    : Flushed: 0 (re)creations, 0 updates, 0 removals to 0 collections
2024-12-13T17:16:22.986-03:00 DEBUG 23116 --- [maestro] [           main] o.hibernate.internal.util.EntityPrinter  : Listing entities:
2024-12-13T17:16:22.986-03:00 DEBUG 23116 --- [maestro] [           main] o.hibernate.internal.util.EntityPrinter  : com.microproductos.maestro.model.Producto{image=/images/producto1.jpg, precio=100.0, id=39, nombre=Producto 1}
2024-12-13T17:16:22.997-03:00 DEBUG 23116 --- [maestro] [           main] o.s.orm.jpa.JpaTransactionManager        : Closing JPA EntityManager [SessionImpl(2044741492<open>)] after transaction
2024-12-13T17:16:22.998-03:00 DEBUG 23116 --- [maestro] [           main] org.springframework.test.context.cache   : Spring test ApplicationContext cache statistics: [DefaultContextCache@3af9164b size = 2, maxSize = 32, parentContextCount = 0, hitCount = 163, missCount = 2, failureCount = 0]
2024-12-13T17:16:22.998-03:00 DEBUG 23116 --- [maestro] [           main] o.s.orm.jpa.JpaTransactionManager        : Creating new transaction with name [org.springframework.data.jpa.repository.support.SimpleJpaRepository.save]: PROPAGATION_REQUIRED,ISOLATION_DEFAULT
2024-12-13T17:16:22.998-03:00 DEBUG 23116 --- [maestro] [           main] o.s.orm.jpa.JpaTransactionManager        : Opened new EntityManager [SessionImpl(265554262<open>)] for JPA transaction
2024-12-13T17:16:22.998-03:00 DEBUG 23116 --- [maestro] [           main] o.h.e.t.internal.TransactionImpl         : On TransactionImpl creation, JpaCompliance#isJpaTransactionComplianceEnabled == false
2024-12-13T17:16:22.998-03:00 DEBUG 23116 --- [maestro] [           main] o.h.e.t.internal.TransactionImpl         : begin
2024-12-13T17:16:22.998-03:00 DEBUG 23116 --- [maestro] [           main] o.s.orm.jpa.JpaTransactionManager        : Exposing JPA transaction as JDBC [org.springframework.orm.jpa.vendor.HibernateJpaDialect$HibernateConnectionHandle@48c68d28]
2024-12-13T17:16:22.998-03:00 DEBUG 23116 --- [maestro] [           main] o.h.j.internal.PersistenceUnitUtilImpl   : jakarta.persistence.PersistenceUnitUtil.getIdentifier is only intended to work with enhanced entities (although Hibernate also adapts this support to its proxies); however the passed entity was not enhanced (nor a proxy).. may not be able to read identifier
2024-12-13T17:16:23.007-03:00 DEBUG 23116 --- [maestro] [           main] org.hibernate.orm.sql.ast.create         : Created new SQL alias : p1_0
2024-12-13T17:16:23.007-03:00 DEBUG 23116 --- [maestro] [           main] org.hibernate.orm.sql.ast.create         : Registration of TableGroup [StandardTableGroup(com.microproductos.maestro.model.Producto)] with identifierForTableGroup [com.microproductos.maestro.model.Producto] for NavigablePath [com.microproductos.maestro.model.Producto] 
2024-12-13T17:16:23.007-03:00 DEBUG 23116 --- [maestro] [           main] org.hibernate.orm.results.graph.AST      : DomainResult Graph:
 \-EntityResultImpl [com.microproductos.maestro.model.Producto]
 |  +-BasicFetch [com.microproductos.maestro.model.Producto.image]
 |  +-BasicFetch [com.microproductos.maestro.model.Producto.nombre]
 |  \-BasicFetch [com.microproductos.maestro.model.Producto.precio]

2024-12-13T17:16:23.007-03:00 DEBUG 23116 --- [maestro] [           main] org.hibernate.orm.sql.ast.tree           : SQL AST Tree:
    SelectStatement {
      FromClause {
        StandardTableGroup (p1 : com.microproductos.maestro.model.Producto) {
          primaryTableReference : producto as p1_0
        }
      }
    }

2024-12-13T17:16:23.018-03:00 DEBUG 23116 --- [maestro] [           main] org.hibernate.orm.sql.exec               : Skipping reading Query result cache data: cache-enabled = false, cache-mode = IGNORE
2024-12-13T17:16:23.029-03:00 DEBUG 23116 --- [maestro] [           main] org.hibernate.orm.results                : Initializer list:
	  com.microproductos.maestro.model.Producto -> EntityResultInitializer(com.microproductos.maestro.model.Producto)@36870667 (SingleTableEntityPersister(com.microproductos.maestro.model.Producto))

2024-12-13T17:16:23.031-03:00 DEBUG 23116 --- [maestro] [           main] org.hibernate.SQL                        : 
    select
        p1_0.id,
        p1_0.image,
        p1_0.nombre,
        p1_0.precio 
    from
        producto p1_0 
    where
        p1_0.id=?
Hibernate: 
    select
        p1_0.id,
        p1_0.image,
        p1_0.nombre,
        p1_0.precio 
    from
        producto p1_0 
    where
        p1_0.id=?
2024-12-13T17:16:23.065-03:00 DEBUG 23116 --- [maestro] [           main] o.hibernate.orm.results.loading.entity   : (EntityResultInitializer) Hydrated EntityKey (com.microproductos.maestro.model.Producto): 39
2024-12-13T17:16:23.066-03:00 DEBUG 23116 --- [maestro] [           main] o.hibernate.orm.results.loading.entity   : (EntityResultInitializer) Created new entity instance [com.microproductos.maestro.model.Producto#39] : 750675422
2024-12-13T17:16:23.067-03:00 DEBUG 23116 --- [maestro] [           main] org.hibernate.orm.results                : Extracted JDBC value [1] - [/images/producto1.jpg]
2024-12-13T17:16:23.067-03:00 DEBUG 23116 --- [maestro] [           main] org.hibernate.orm.results                : Extracted JDBC value [2] - [Producto 1]
2024-12-13T17:16:23.067-03:00 DEBUG 23116 --- [maestro] [           main] org.hibernate.orm.results                : Extracted JDBC value [3] - [100.0]
2024-12-13T17:16:23.067-03:00 DEBUG 23116 --- [maestro] [           main] o.hibernate.orm.results.loading.entity   : (EntityResultInitializer) Done materializing entityInstance : com.microproductos.maestro.model.Producto#39
2024-12-13T17:16:23.067-03:00 DEBUG 23116 --- [maestro] [           main] org.hibernate.orm.results.loading        : Calling top-level assembler (0 / 1) : org.hibernate.sql.results.graph.entity.internal.EntityAssembler@33b1cb1c
2024-12-13T17:16:23.068-03:00 DEBUG 23116 --- [maestro] [           main] o.s.orm.jpa.JpaTransactionManager        : Initiating transaction commit
2024-12-13T17:16:23.069-03:00 DEBUG 23116 --- [maestro] [           main] o.s.orm.jpa.JpaTransactionManager        : Committing JPA transaction on EntityManager [SessionImpl(265554262<open>)]
2024-12-13T17:16:23.069-03:00 DEBUG 23116 --- [maestro] [           main] o.h.e.t.internal.TransactionImpl         : committing
2024-12-13T17:16:23.069-03:00 DEBUG 23116 --- [maestro] [           main] o.h.e.i.AbstractFlushingEventListener    : Processing flush-time cascades
2024-12-13T17:16:23.069-03:00 DEBUG 23116 --- [maestro] [           main] o.h.e.i.AbstractFlushingEventListener    : Dirty checking collections
2024-12-13T17:16:23.071-03:00 DEBUG 23116 --- [maestro] [           main] o.h.e.i.AbstractFlushingEventListener    : Flushed: 0 insertions, 1 updates, 0 deletions to 1 objects
2024-12-13T17:16:23.071-03:00 DEBUG 23116 --- [maestro] [           main] o.h.e.i.AbstractFlushingEventListener    : Flushed: 0 (re)creations, 0 updates, 0 removals to 0 collections
2024-12-13T17:16:23.071-03:00 DEBUG 23116 --- [maestro] [           main] o.hibernate.internal.util.EntityPrinter  : Listing entities:
2024-12-13T17:16:23.071-03:00 DEBUG 23116 --- [maestro] [           main] o.hibernate.internal.util.EntityPrinter  : com.microproductos.maestro.model.Producto{image=/images/producto1.jpg, precio=150.0, id=39, nombre=Producto 1}
2024-12-13T17:16:23.076-03:00 DEBUG 23116 --- [maestro] [           main] org.hibernate.SQL                        : 
    update
        producto 
    set
        image=?,
        nombre=?,
        precio=? 
    where
        id=?
Hibernate: 
    update
        producto 
    set
        image=?,
        nombre=?,
        precio=? 
    where
        id=?
2024-12-13T17:16:23.091-03:00 DEBUG 23116 --- [maestro] [           main] o.s.orm.jpa.JpaTransactionManager        : Closing JPA EntityManager [SessionImpl(265554262<open>)] after transaction
2024-12-13T17:16:23.092-03:00 DEBUG 23116 --- [maestro] [           main] o.s.orm.jpa.JpaTransactionManager        : Creating new transaction with name [org.springframework.data.jpa.repository.support.SimpleJpaRepository.findById]: PROPAGATION_REQUIRED,ISOLATION_DEFAULT,readOnly
2024-12-13T17:16:23.092-03:00 DEBUG 23116 --- [maestro] [           main] o.s.orm.jpa.JpaTransactionManager        : Opened new EntityManager [SessionImpl(1685500527<open>)] for JPA transaction
2024-12-13T17:16:23.095-03:00 DEBUG 23116 --- [maestro] [           main] o.s.jdbc.datasource.DataSourceUtils      : Setting JDBC Connection [HikariProxyConnection@2074047677 wrapping oracle.jdbc.driver.T4CConnection@37e851a3] read-only
2024-12-13T17:16:23.095-03:00 DEBUG 23116 --- [maestro] [           main] o.h.e.t.internal.TransactionImpl         : On TransactionImpl creation, JpaCompliance#isJpaTransactionComplianceEnabled == false
2024-12-13T17:16:23.095-03:00 DEBUG 23116 --- [maestro] [           main] o.h.e.t.internal.TransactionImpl         : begin
2024-12-13T17:16:23.095-03:00 DEBUG 23116 --- [maestro] [           main] o.s.orm.jpa.JpaTransactionManager        : Exposing JPA transaction as JDBC [org.springframework.orm.jpa.vendor.HibernateJpaDialect$HibernateConnectionHandle@481d09c0]
2024-12-13T17:16:23.098-03:00 DEBUG 23116 --- [maestro] [           main] org.hibernate.orm.sql.exec               : Skipping reading Query result cache data: cache-enabled = false, cache-mode = IGNORE
2024-12-13T17:16:23.098-03:00 DEBUG 23116 --- [maestro] [           main] org.hibernate.orm.results                : Initializer list:
	  com.microproductos.maestro.model.Producto -> EntityResultInitializer(com.microproductos.maestro.model.Producto)@1265666155 (SingleTableEntityPersister(com.microproductos.maestro.model.Producto))

2024-12-13T17:16:23.098-03:00 DEBUG 23116 --- [maestro] [           main] org.hibernate.SQL                        : 
    select
        p1_0.id,
        p1_0.image,
        p1_0.nombre,
        p1_0.precio 
    from
        producto p1_0 
    where
        p1_0.id=?
Hibernate: 
    select
        p1_0.id,
        p1_0.image,
        p1_0.nombre,
        p1_0.precio 
    from
        producto p1_0 
    where
        p1_0.id=?
2024-12-13T17:16:23.109-03:00 DEBUG 23116 --- [maestro] [           main] o.hibernate.orm.results.loading.entity   : (EntityResultInitializer) Hydrated EntityKey (com.microproductos.maestro.model.Producto): 39
2024-12-13T17:16:23.109-03:00 DEBUG 23116 --- [maestro] [           main] o.hibernate.orm.results.loading.entity   : (EntityResultInitializer) Created new entity instance [com.microproductos.maestro.model.Producto#39] : 797524712
2024-12-13T17:16:23.110-03:00 DEBUG 23116 --- [maestro] [           main] org.hibernate.orm.results                : Extracted JDBC value [1] - [/images/producto1.jpg]
2024-12-13T17:16:23.110-03:00 DEBUG 23116 --- [maestro] [           main] org.hibernate.orm.results                : Extracted JDBC value [2] - [Producto 1]
2024-12-13T17:16:23.110-03:00 DEBUG 23116 --- [maestro] [           main] org.hibernate.orm.results                : Extracted JDBC value [3] - [150.0]
2024-12-13T17:16:23.110-03:00 DEBUG 23116 --- [maestro] [           main] o.hibernate.orm.results.loading.entity   : (EntityResultInitializer) Done materializing entityInstance : com.microproductos.maestro.model.Producto#39
2024-12-13T17:16:23.110-03:00 DEBUG 23116 --- [maestro] [           main] org.hibernate.orm.results.loading        : Calling top-level assembler (0 / 1) : org.hibernate.sql.results.graph.entity.internal.EntityAssembler@60f5b4a2
2024-12-13T17:16:23.110-03:00 DEBUG 23116 --- [maestro] [           main] o.s.orm.jpa.JpaTransactionManager        : Initiating transaction commit
2024-12-13T17:16:23.110-03:00 DEBUG 23116 --- [maestro] [           main] o.s.orm.jpa.JpaTransactionManager        : Committing JPA transaction on EntityManager [SessionImpl(1685500527<open>)]
2024-12-13T17:16:23.110-03:00 DEBUG 23116 --- [maestro] [           main] o.h.e.t.internal.TransactionImpl         : committing
2024-12-13T17:16:23.114-03:00 DEBUG 23116 --- [maestro] [           main] o.s.jdbc.datasource.DataSourceUtils      : Resetting read-only flag of JDBC Connection [HikariProxyConnection@2074047677 wrapping oracle.jdbc.driver.T4CConnection@37e851a3]
2024-12-13T17:16:23.114-03:00 DEBUG 23116 --- [maestro] [           main] o.s.orm.jpa.JpaTransactionManager        : Closing JPA EntityManager [SessionImpl(1685500527<open>)] after transaction
2024-12-13T17:16:23.115-03:00 DEBUG 23116 --- [maestro] [           main] org.springframework.test.context.cache   : Spring test ApplicationContext cache statistics: [DefaultContextCache@3af9164b size = 2, maxSize = 32, parentContextCount = 0, hitCount = 164, missCount = 2, failureCount = 0]
2024-12-13T17:16:23.115-03:00 DEBUG 23116 --- [maestro] [           main] org.springframework.test.context.cache   : Spring test ApplicationContext cache statistics: [DefaultContextCache@3af9164b size = 2, maxSize = 32, parentContextCount = 0, hitCount = 165, missCount = 2, failureCount = 0]
2024-12-13T17:16:23.115-03:00 DEBUG 23116 --- [maestro] [           main] org.springframework.test.context.cache   : Spring test ApplicationContext cache statistics: [DefaultContextCache@3af9164b size = 2, maxSize = 32, parentContextCount = 0, hitCount = 166, missCount = 2, failureCount = 0]
2024-12-13T17:16:23.115-03:00 DEBUG 23116 --- [maestro] [           main] org.springframework.test.context.cache   : Spring test ApplicationContext cache statistics: [DefaultContextCache@3af9164b size = 2, maxSize = 32, parentContextCount = 0, hitCount = 167, missCount = 2, failureCount = 0]
2024-12-13T17:16:23.115-03:00 DEBUG 23116 --- [maestro] [           main] org.springframework.test.context.cache   : Spring test ApplicationContext cache statistics: [DefaultContextCache@3af9164b size = 2, maxSize = 32, parentContextCount = 0, hitCount = 168, missCount = 2, failureCount = 0]
2024-12-13T17:16:23.116-03:00 DEBUG 23116 --- [maestro] [           main] org.springframework.test.context.cache   : Spring test ApplicationContext cache statistics: [DefaultContextCache@3af9164b size = 2, maxSize = 32, parentContextCount = 0, hitCount = 169, missCount = 2, failureCount = 0]
2024-12-13T17:16:23.116-03:00 DEBUG 23116 --- [maestro] [           main] org.springframework.test.context.cache   : Spring test ApplicationContext cache statistics: [DefaultContextCache@3af9164b size = 2, maxSize = 32, parentContextCount = 0, hitCount = 170, missCount = 2, failureCount = 0]
2024-12-13T17:16:23.116-03:00 DEBUG 23116 --- [maestro] [           main] .c.s.DirtiesContextTestExecutionListener : After test method: class [ProductoRepositoryTest], method [testUpdateProducto], class annotated with @DirtiesContext [false] with mode [null], method annotated with @DirtiesContext [false] with mode [null]
2024-12-13T17:16:23.116-03:00 DEBUG 23116 --- [maestro] [           main] o.s.t.c.w.ServletTestExecutionListener   : Resetting RequestContextHolder for test class com.microproductos.maestro.repository.ProductoRepositoryTest
]]></system-out>
  </testcase>
  <testcase name="testFindAllProductos" classname="com.microproductos.maestro.repository.ProductoRepositoryTest" time="0.237">
    <system-out><![CDATA[2024-12-13T17:16:23.117-03:00 DEBUG 23116 --- [maestro] [           main] org.springframework.test.context.cache   : Spring test ApplicationContext cache statistics: [DefaultContextCache@3af9164b size = 2, maxSize = 32, parentContextCount = 0, hitCount = 171, missCount = 2, failureCount = 0]
2024-12-13T17:16:23.117-03:00 DEBUG 23116 --- [maestro] [           main] o.s.t.c.w.ServletTestExecutionListener   : Setting up MockHttpServletRequest, MockHttpServletResponse, ServletWebRequest, and RequestContextHolder for test class com.microproductos.maestro.repository.ProductoRepositoryTest
2024-12-13T17:16:23.117-03:00 DEBUG 23116 --- [maestro] [           main] DependencyInjectionTestExecutionListener : Performing dependency injection for test class com.microproductos.maestro.repository.ProductoRepositoryTest
2024-12-13T17:16:23.117-03:00 DEBUG 23116 --- [maestro] [           main] org.springframework.test.context.cache   : Spring test ApplicationContext cache statistics: [DefaultContextCache@3af9164b size = 2, maxSize = 32, parentContextCount = 0, hitCount = 172, missCount = 2, failureCount = 0]
2024-12-13T17:16:23.117-03:00 DEBUG 23116 --- [maestro] [           main] org.springframework.test.context.cache   : Spring test ApplicationContext cache statistics: [DefaultContextCache@3af9164b size = 2, maxSize = 32, parentContextCount = 0, hitCount = 173, missCount = 2, failureCount = 0]
2024-12-13T17:16:23.118-03:00 DEBUG 23116 --- [maestro] [           main] sContextBeforeModesTestExecutionListener : Before test method: class [ProductoRepositoryTest], method [testFindAllProductos], class annotated with @DirtiesContext [false] with mode [null], method annotated with @DirtiesContext [false] with mode [null]
2024-12-13T17:16:23.118-03:00 DEBUG 23116 --- [maestro] [           main] org.springframework.test.context.cache   : Spring test ApplicationContext cache statistics: [DefaultContextCache@3af9164b size = 2, maxSize = 32, parentContextCount = 0, hitCount = 174, missCount = 2, failureCount = 0]
2024-12-13T17:16:23.118-03:00 DEBUG 23116 --- [maestro] [           main] org.springframework.test.context.cache   : Spring test ApplicationContext cache statistics: [DefaultContextCache@3af9164b size = 2, maxSize = 32, parentContextCount = 0, hitCount = 175, missCount = 2, failureCount = 0]
2024-12-13T17:16:23.119-03:00 DEBUG 23116 --- [maestro] [           main] o.s.orm.jpa.JpaTransactionManager        : Creating new transaction with name [org.springframework.data.jpa.repository.support.SimpleJpaRepository.save]: PROPAGATION_REQUIRED,ISOLATION_DEFAULT
2024-12-13T17:16:23.119-03:00 DEBUG 23116 --- [maestro] [           main] o.s.orm.jpa.JpaTransactionManager        : Opened new EntityManager [SessionImpl(791697012<open>)] for JPA transaction
2024-12-13T17:16:23.119-03:00 DEBUG 23116 --- [maestro] [           main] o.h.e.t.internal.TransactionImpl         : On TransactionImpl creation, JpaCompliance#isJpaTransactionComplianceEnabled == false
2024-12-13T17:16:23.119-03:00 DEBUG 23116 --- [maestro] [           main] o.h.e.t.internal.TransactionImpl         : begin
2024-12-13T17:16:23.119-03:00 DEBUG 23116 --- [maestro] [           main] o.s.orm.jpa.JpaTransactionManager        : Exposing JPA transaction as JDBC [org.springframework.orm.jpa.vendor.HibernateJpaDialect$HibernateConnectionHandle@383f7f3a]
2024-12-13T17:16:23.119-03:00 DEBUG 23116 --- [maestro] [           main] o.h.j.internal.PersistenceUnitUtilImpl   : jakarta.persistence.PersistenceUnitUtil.getIdentifier is only intended to work with enhanced entities (although Hibernate also adapts this support to its proxies); however the passed entity was not enhanced (nor a proxy).. may not be able to read identifier
2024-12-13T17:16:23.119-03:00 DEBUG 23116 --- [maestro] [           main] org.hibernate.engine.spi.ActionQueue     : Executing identity-insert immediately
2024-12-13T17:16:23.120-03:00 DEBUG 23116 --- [maestro] [           main] org.hibernate.SQL                        : 
    insert 
    into
        producto
        (image, nombre, precio, id) 
    values
        (?, ?, ?, default)
Hibernate: 
    insert 
    into
        producto
        (image, nombre, precio, id) 
    values
        (?, ?, ?, default)
2024-12-13T17:16:23.129-03:00 DEBUG 23116 --- [maestro] [           main] org.hibernate.orm.results                : Initializer list is empty
2024-12-13T17:16:23.129-03:00 DEBUG 23116 --- [maestro] [           main] org.hibernate.orm.results.loading        : Calling top-level assembler (0 / 1) : org.hibernate.sql.results.graph.basic.BasicResultAssembler@7b88cc0e
2024-12-13T17:16:23.129-03:00 DEBUG 23116 --- [maestro] [           main] org.hibernate.orm.results                : Extracted JDBC value [0] - [40]
2024-12-13T17:16:23.129-03:00 DEBUG 23116 --- [maestro] [           main] o.h.id.IdentifierGeneratorHelper         : Extracted generated values [com.microproductos.maestro.model.Producto]: [Ljava.lang.Object;@7ed8a98a
2024-12-13T17:16:23.129-03:00 DEBUG 23116 --- [maestro] [           main] o.s.orm.jpa.JpaTransactionManager        : Initiating transaction commit
2024-12-13T17:16:23.129-03:00 DEBUG 23116 --- [maestro] [           main] o.s.orm.jpa.JpaTransactionManager        : Committing JPA transaction on EntityManager [SessionImpl(791697012<open>)]
2024-12-13T17:16:23.129-03:00 DEBUG 23116 --- [maestro] [           main] o.h.e.t.internal.TransactionImpl         : committing
2024-12-13T17:16:23.129-03:00 DEBUG 23116 --- [maestro] [           main] o.h.e.i.AbstractFlushingEventListener    : Processing flush-time cascades
2024-12-13T17:16:23.130-03:00 DEBUG 23116 --- [maestro] [           main] o.h.e.i.AbstractFlushingEventListener    : Dirty checking collections
2024-12-13T17:16:23.130-03:00 DEBUG 23116 --- [maestro] [           main] o.h.e.i.AbstractFlushingEventListener    : Flushed: 0 insertions, 0 updates, 0 deletions to 1 objects
2024-12-13T17:16:23.130-03:00 DEBUG 23116 --- [maestro] [           main] o.h.e.i.AbstractFlushingEventListener    : Flushed: 0 (re)creations, 0 updates, 0 removals to 0 collections
2024-12-13T17:16:23.130-03:00 DEBUG 23116 --- [maestro] [           main] o.hibernate.internal.util.EntityPrinter  : Listing entities:
2024-12-13T17:16:23.130-03:00 DEBUG 23116 --- [maestro] [           main] o.hibernate.internal.util.EntityPrinter  : com.microproductos.maestro.model.Producto{image=/images/producto1.jpg, precio=100.0, id=40, nombre=Producto 1}
2024-12-13T17:16:23.139-03:00 DEBUG 23116 --- [maestro] [           main] o.s.orm.jpa.JpaTransactionManager        : Closing JPA EntityManager [SessionImpl(791697012<open>)] after transaction
2024-12-13T17:16:23.139-03:00 DEBUG 23116 --- [maestro] [           main] org.springframework.test.context.cache   : Spring test ApplicationContext cache statistics: [DefaultContextCache@3af9164b size = 2, maxSize = 32, parentContextCount = 0, hitCount = 176, missCount = 2, failureCount = 0]
2024-12-13T17:16:23.139-03:00 DEBUG 23116 --- [maestro] [           main] o.s.orm.jpa.JpaTransactionManager        : Creating new transaction with name [org.springframework.data.jpa.repository.support.SimpleJpaRepository.save]: PROPAGATION_REQUIRED,ISOLATION_DEFAULT
2024-12-13T17:16:23.140-03:00 DEBUG 23116 --- [maestro] [           main] o.s.orm.jpa.JpaTransactionManager        : Opened new EntityManager [SessionImpl(646338082<open>)] for JPA transaction
2024-12-13T17:16:23.140-03:00 DEBUG 23116 --- [maestro] [           main] o.h.e.t.internal.TransactionImpl         : On TransactionImpl creation, JpaCompliance#isJpaTransactionComplianceEnabled == false
2024-12-13T17:16:23.140-03:00 DEBUG 23116 --- [maestro] [           main] o.h.e.t.internal.TransactionImpl         : begin
2024-12-13T17:16:23.140-03:00 DEBUG 23116 --- [maestro] [           main] o.s.orm.jpa.JpaTransactionManager        : Exposing JPA transaction as JDBC [org.springframework.orm.jpa.vendor.HibernateJpaDialect$HibernateConnectionHandle@23647d8c]
2024-12-13T17:16:23.140-03:00 DEBUG 23116 --- [maestro] [           main] o.h.j.internal.PersistenceUnitUtilImpl   : jakarta.persistence.PersistenceUnitUtil.getIdentifier is only intended to work with enhanced entities (although Hibernate also adapts this support to its proxies); however the passed entity was not enhanced (nor a proxy).. may not be able to read identifier
2024-12-13T17:16:23.140-03:00 DEBUG 23116 --- [maestro] [           main] org.hibernate.engine.spi.ActionQueue     : Executing identity-insert immediately
2024-12-13T17:16:23.141-03:00 DEBUG 23116 --- [maestro] [           main] org.hibernate.SQL                        : 
    insert 
    into
        producto
        (image, nombre, precio, id) 
    values
        (?, ?, ?, default)
Hibernate: 
    insert 
    into
        producto
        (image, nombre, precio, id) 
    values
        (?, ?, ?, default)
2024-12-13T17:16:23.167-03:00 DEBUG 23116 --- [maestro] [           main] org.hibernate.orm.results                : Initializer list is empty
2024-12-13T17:16:23.167-03:00 DEBUG 23116 --- [maestro] [           main] org.hibernate.orm.results.loading        : Calling top-level assembler (0 / 1) : org.hibernate.sql.results.graph.basic.BasicResultAssembler@59c16ece
2024-12-13T17:16:23.168-03:00 DEBUG 23116 --- [maestro] [           main] org.hibernate.orm.results                : Extracted JDBC value [0] - [41]
2024-12-13T17:16:23.168-03:00 DEBUG 23116 --- [maestro] [           main] o.h.id.IdentifierGeneratorHelper         : Extracted generated values [com.microproductos.maestro.model.Producto]: [Ljava.lang.Object;@553ecda1
2024-12-13T17:16:23.168-03:00 DEBUG 23116 --- [maestro] [           main] o.s.orm.jpa.JpaTransactionManager        : Initiating transaction commit
2024-12-13T17:16:23.168-03:00 DEBUG 23116 --- [maestro] [           main] o.s.orm.jpa.JpaTransactionManager        : Committing JPA transaction on EntityManager [SessionImpl(646338082<open>)]
2024-12-13T17:16:23.168-03:00 DEBUG 23116 --- [maestro] [           main] o.h.e.t.internal.TransactionImpl         : committing
2024-12-13T17:16:23.168-03:00 DEBUG 23116 --- [maestro] [           main] o.h.e.i.AbstractFlushingEventListener    : Processing flush-time cascades
2024-12-13T17:16:23.168-03:00 DEBUG 23116 --- [maestro] [           main] o.h.e.i.AbstractFlushingEventListener    : Dirty checking collections
2024-12-13T17:16:23.168-03:00 DEBUG 23116 --- [maestro] [           main] o.h.e.i.AbstractFlushingEventListener    : Flushed: 0 insertions, 0 updates, 0 deletions to 1 objects
2024-12-13T17:16:23.168-03:00 DEBUG 23116 --- [maestro] [           main] o.h.e.i.AbstractFlushingEventListener    : Flushed: 0 (re)creations, 0 updates, 0 removals to 0 collections
2024-12-13T17:16:23.168-03:00 DEBUG 23116 --- [maestro] [           main] o.hibernate.internal.util.EntityPrinter  : Listing entities:
2024-12-13T17:16:23.168-03:00 DEBUG 23116 --- [maestro] [           main] o.hibernate.internal.util.EntityPrinter  : com.microproductos.maestro.model.Producto{image=/images/producto2.jpg, precio=200.0, id=41, nombre=Producto 2}
2024-12-13T17:16:23.176-03:00 DEBUG 23116 --- [maestro] [           main] o.s.orm.jpa.JpaTransactionManager        : Closing JPA EntityManager [SessionImpl(646338082<open>)] after transaction
2024-12-13T17:16:23.176-03:00 DEBUG 23116 --- [maestro] [           main] o.s.orm.jpa.JpaTransactionManager        : Creating new transaction with name [org.springframework.data.jpa.repository.support.SimpleJpaRepository.findAll]: PROPAGATION_REQUIRED,ISOLATION_DEFAULT,readOnly
2024-12-13T17:16:23.176-03:00 DEBUG 23116 --- [maestro] [           main] o.s.orm.jpa.JpaTransactionManager        : Opened new EntityManager [SessionImpl(541696734<open>)] for JPA transaction
2024-12-13T17:16:23.176-03:00 DEBUG 23116 --- [maestro] [           main] o.s.jdbc.datasource.DataSourceUtils      : Setting JDBC Connection [HikariProxyConnection@1640129242 wrapping oracle.jdbc.driver.T4CConnection@37e851a3] read-only
2024-12-13T17:16:23.176-03:00 DEBUG 23116 --- [maestro] [           main] o.h.e.t.internal.TransactionImpl         : On TransactionImpl creation, JpaCompliance#isJpaTransactionComplianceEnabled == false
2024-12-13T17:16:23.176-03:00 DEBUG 23116 --- [maestro] [           main] o.h.e.t.internal.TransactionImpl         : begin
2024-12-13T17:16:23.176-03:00 DEBUG 23116 --- [maestro] [           main] o.s.orm.jpa.JpaTransactionManager        : Exposing JPA transaction as JDBC [org.springframework.orm.jpa.vendor.HibernateJpaDialect$HibernateConnectionHandle@3327d732]
2024-12-13T17:16:23.290-03:00 DEBUG 23116 --- [maestro] [           main] org.hibernate.orm.sql.ast.create         : Created new SQL alias : p1_0
2024-12-13T17:16:23.291-03:00 DEBUG 23116 --- [maestro] [           main] org.hibernate.orm.sql.ast.create         : Registration of TableGroup [StandardTableGroup(com.microproductos.maestro.model.Producto(1))] with identifierForTableGroup [com.microproductos.maestro.model.Producto] for NavigablePath [com.microproductos.maestro.model.Producto] 
2024-12-13T17:16:23.304-03:00 DEBUG 23116 --- [maestro] [           main] org.hibernate.orm.results.graph.AST      : DomainResult Graph:
 \-EntityResultImpl [com.microproductos.maestro.model.Producto(1)]
 |  +-BasicFetch [com.microproductos.maestro.model.Producto(1).image]
 |  +-BasicFetch [com.microproductos.maestro.model.Producto(1).nombre]
 |  \-BasicFetch [com.microproductos.maestro.model.Producto(1).precio]

2024-12-13T17:16:23.305-03:00 DEBUG 23116 --- [maestro] [           main] org.hibernate.orm.sql.ast.tree           : SQL AST Tree:
    SelectStatement {
      FromClause {
        StandardTableGroup (p1 : com.microproductos.maestro.model.Producto(1)) {
          primaryTableReference : producto as p1_0
        }
      }
    }

2024-12-13T17:16:23.309-03:00 DEBUG 23116 --- [maestro] [           main] org.hibernate.orm.sql.exec               : Skipping reading Query result cache data: cache-enabled = false, cache-mode = NORMAL
2024-12-13T17:16:23.309-03:00 DEBUG 23116 --- [maestro] [           main] org.hibernate.orm.results                : Initializer list:
	  com.microproductos.maestro.model.Producto(1) -> EntityResultInitializer(com.microproductos.maestro.model.Producto(1))@879094664 (SingleTableEntityPersister(com.microproductos.maestro.model.Producto))

2024-12-13T17:16:23.309-03:00 DEBUG 23116 --- [maestro] [           main] org.hibernate.SQL                        : 
    select
        p1_0.id,
        p1_0.image,
        p1_0.nombre,
        p1_0.precio 
    from
        producto p1_0
Hibernate: 
    select
        p1_0.id,
        p1_0.image,
        p1_0.nombre,
        p1_0.precio 
    from
        producto p1_0
2024-12-13T17:16:23.320-03:00 DEBUG 23116 --- [maestro] [           main] org.hibernate.orm.results                : Extracted JDBC value [0] - [33]
2024-12-13T17:16:23.320-03:00 DEBUG 23116 --- [maestro] [           main] o.hibernate.orm.results.loading.entity   : (EntityResultInitializer) Hydrated EntityKey (com.microproductos.maestro.model.Producto(1)): 33
2024-12-13T17:16:23.321-03:00 DEBUG 23116 --- [maestro] [           main] o.hibernate.orm.results.loading.entity   : (EntityResultInitializer) Created new entity instance [com.microproductos.maestro.model.Producto(1)#33] : 612819495
2024-12-13T17:16:23.321-03:00 DEBUG 23116 --- [maestro] [           main] org.hibernate.orm.results                : Extracted JDBC value [1] - [/images/producto1.jpg]
2024-12-13T17:16:23.321-03:00 DEBUG 23116 --- [maestro] [           main] org.hibernate.orm.results                : Extracted JDBC value [2] - [Producto 1]
2024-12-13T17:16:23.321-03:00 DEBUG 23116 --- [maestro] [           main] org.hibernate.orm.results                : Extracted JDBC value [3] - [150.0]
2024-12-13T17:16:23.322-03:00 DEBUG 23116 --- [maestro] [           main] o.hibernate.orm.results.loading.entity   : (EntityResultInitializer) Done materializing entityInstance : com.microproductos.maestro.model.Producto(1)#33
2024-12-13T17:16:23.322-03:00 DEBUG 23116 --- [maestro] [           main] org.hibernate.orm.results.loading        : Calling top-level assembler (0 / 1) : org.hibernate.sql.results.graph.entity.internal.EntityAssembler@2aa606d5
2024-12-13T17:16:23.322-03:00 DEBUG 23116 --- [maestro] [           main] org.hibernate.orm.results                : Extracted JDBC value [0] - [34]
2024-12-13T17:16:23.322-03:00 DEBUG 23116 --- [maestro] [           main] o.hibernate.orm.results.loading.entity   : (EntityResultInitializer) Hydrated EntityKey (com.microproductos.maestro.model.Producto(1)): 34
2024-12-13T17:16:23.322-03:00 DEBUG 23116 --- [maestro] [           main] o.hibernate.orm.results.loading.entity   : (EntityResultInitializer) Created new entity instance [com.microproductos.maestro.model.Producto(1)#34] : 958553724
2024-12-13T17:16:23.322-03:00 DEBUG 23116 --- [maestro] [           main] org.hibernate.orm.results                : Extracted JDBC value [1] - [/images/producto1.jpg]
2024-12-13T17:16:23.322-03:00 DEBUG 23116 --- [maestro] [           main] org.hibernate.orm.results                : Extracted JDBC value [2] - [Producto 1]
2024-12-13T17:16:23.322-03:00 DEBUG 23116 --- [maestro] [           main] org.hibernate.orm.results                : Extracted JDBC value [3] - [100.0]
2024-12-13T17:16:23.322-03:00 DEBUG 23116 --- [maestro] [           main] o.hibernate.orm.results.loading.entity   : (EntityResultInitializer) Done materializing entityInstance : com.microproductos.maestro.model.Producto(1)#34
2024-12-13T17:16:23.322-03:00 DEBUG 23116 --- [maestro] [           main] org.hibernate.orm.results.loading        : Calling top-level assembler (0 / 1) : org.hibernate.sql.results.graph.entity.internal.EntityAssembler@2aa606d5
2024-12-13T17:16:23.322-03:00 DEBUG 23116 --- [maestro] [           main] org.hibernate.orm.results                : Extracted JDBC value [0] - [35]
2024-12-13T17:16:23.322-03:00 DEBUG 23116 --- [maestro] [           main] o.hibernate.orm.results.loading.entity   : (EntityResultInitializer) Hydrated EntityKey (com.microproductos.maestro.model.Producto(1)): 35
2024-12-13T17:16:23.322-03:00 DEBUG 23116 --- [maestro] [           main] o.hibernate.orm.results.loading.entity   : (EntityResultInitializer) Created new entity instance [com.microproductos.maestro.model.Producto(1)#35] : 624860440
2024-12-13T17:16:23.322-03:00 DEBUG 23116 --- [maestro] [           main] org.hibernate.orm.results                : Extracted JDBC value [1] - [/images/producto2.jpg]
2024-12-13T17:16:23.322-03:00 DEBUG 23116 --- [maestro] [           main] org.hibernate.orm.results                : Extracted JDBC value [2] - [Producto 2]
2024-12-13T17:16:23.323-03:00 DEBUG 23116 --- [maestro] [           main] org.hibernate.orm.results                : Extracted JDBC value [3] - [200.0]
2024-12-13T17:16:23.323-03:00 DEBUG 23116 --- [maestro] [           main] o.hibernate.orm.results.loading.entity   : (EntityResultInitializer) Done materializing entityInstance : com.microproductos.maestro.model.Producto(1)#35
2024-12-13T17:16:23.323-03:00 DEBUG 23116 --- [maestro] [           main] org.hibernate.orm.results.loading        : Calling top-level assembler (0 / 1) : org.hibernate.sql.results.graph.entity.internal.EntityAssembler@2aa606d5
2024-12-13T17:16:23.323-03:00 DEBUG 23116 --- [maestro] [           main] org.hibernate.orm.results                : Extracted JDBC value [0] - [36]
2024-12-13T17:16:23.323-03:00 DEBUG 23116 --- [maestro] [           main] o.hibernate.orm.results.loading.entity   : (EntityResultInitializer) Hydrated EntityKey (com.microproductos.maestro.model.Producto(1)): 36
2024-12-13T17:16:23.323-03:00 DEBUG 23116 --- [maestro] [           main] o.hibernate.orm.results.loading.entity   : (EntityResultInitializer) Created new entity instance [com.microproductos.maestro.model.Producto(1)#36] : 1756503956
2024-12-13T17:16:23.323-03:00 DEBUG 23116 --- [maestro] [           main] org.hibernate.orm.results                : Extracted JDBC value [1] - [/images/producto1.jpg]
2024-12-13T17:16:23.323-03:00 DEBUG 23116 --- [maestro] [           main] org.hibernate.orm.results                : Extracted JDBC value [2] - [Producto 1]
2024-12-13T17:16:23.323-03:00 DEBUG 23116 --- [maestro] [           main] org.hibernate.orm.results                : Extracted JDBC value [3] - [100.0]
2024-12-13T17:16:23.323-03:00 DEBUG 23116 --- [maestro] [           main] o.hibernate.orm.results.loading.entity   : (EntityResultInitializer) Done materializing entityInstance : com.microproductos.maestro.model.Producto(1)#36
2024-12-13T17:16:23.323-03:00 DEBUG 23116 --- [maestro] [           main] org.hibernate.orm.results.loading        : Calling top-level assembler (0 / 1) : org.hibernate.sql.results.graph.entity.internal.EntityAssembler@2aa606d5
2024-12-13T17:16:23.323-03:00 DEBUG 23116 --- [maestro] [           main] org.hibernate.orm.results                : Extracted JDBC value [0] - [40]
2024-12-13T17:16:23.323-03:00 DEBUG 23116 --- [maestro] [           main] o.hibernate.orm.results.loading.entity   : (EntityResultInitializer) Hydrated EntityKey (com.microproductos.maestro.model.Producto(1)): 40
2024-12-13T17:16:23.323-03:00 DEBUG 23116 --- [maestro] [           main] o.hibernate.orm.results.loading.entity   : (EntityResultInitializer) Created new entity instance [com.microproductos.maestro.model.Producto(1)#40] : 1924676857
2024-12-13T17:16:23.323-03:00 DEBUG 23116 --- [maestro] [           main] org.hibernate.orm.results                : Extracted JDBC value [1] - [/images/producto1.jpg]
2024-12-13T17:16:23.323-03:00 DEBUG 23116 --- [maestro] [           main] org.hibernate.orm.results                : Extracted JDBC value [2] - [Producto 1]
2024-12-13T17:16:23.323-03:00 DEBUG 23116 --- [maestro] [           main] org.hibernate.orm.results                : Extracted JDBC value [3] - [100.0]
2024-12-13T17:16:23.323-03:00 DEBUG 23116 --- [maestro] [           main] o.hibernate.orm.results.loading.entity   : (EntityResultInitializer) Done materializing entityInstance : com.microproductos.maestro.model.Producto(1)#40
2024-12-13T17:16:23.323-03:00 DEBUG 23116 --- [maestro] [           main] org.hibernate.orm.results.loading        : Calling top-level assembler (0 / 1) : org.hibernate.sql.results.graph.entity.internal.EntityAssembler@2aa606d5
2024-12-13T17:16:23.323-03:00 DEBUG 23116 --- [maestro] [           main] org.hibernate.orm.results                : Extracted JDBC value [0] - [38]
2024-12-13T17:16:23.323-03:00 DEBUG 23116 --- [maestro] [           main] o.hibernate.orm.results.loading.entity   : (EntityResultInitializer) Hydrated EntityKey (com.microproductos.maestro.model.Producto(1)): 38
2024-12-13T17:16:23.324-03:00 DEBUG 23116 --- [maestro] [           main] o.hibernate.orm.results.loading.entity   : (EntityResultInitializer) Created new entity instance [com.microproductos.maestro.model.Producto(1)#38] : 1886596402
2024-12-13T17:16:23.324-03:00 DEBUG 23116 --- [maestro] [           main] org.hibernate.orm.results                : Extracted JDBC value [1] - [/images/producto1.jpg]
2024-12-13T17:16:23.324-03:00 DEBUG 23116 --- [maestro] [           main] org.hibernate.orm.results                : Extracted JDBC value [2] - [Producto 1]
2024-12-13T17:16:23.324-03:00 DEBUG 23116 --- [maestro] [           main] org.hibernate.orm.results                : Extracted JDBC value [3] - [100.0]
2024-12-13T17:16:23.324-03:00 DEBUG 23116 --- [maestro] [           main] o.hibernate.orm.results.loading.entity   : (EntityResultInitializer) Done materializing entityInstance : com.microproductos.maestro.model.Producto(1)#38
2024-12-13T17:16:23.324-03:00 DEBUG 23116 --- [maestro] [           main] org.hibernate.orm.results.loading        : Calling top-level assembler (0 / 1) : org.hibernate.sql.results.graph.entity.internal.EntityAssembler@2aa606d5
2024-12-13T17:16:23.324-03:00 DEBUG 23116 --- [maestro] [           main] org.hibernate.orm.results                : Extracted JDBC value [0] - [39]
2024-12-13T17:16:23.324-03:00 DEBUG 23116 --- [maestro] [           main] o.hibernate.orm.results.loading.entity   : (EntityResultInitializer) Hydrated EntityKey (com.microproductos.maestro.model.Producto(1)): 39
2024-12-13T17:16:23.324-03:00 DEBUG 23116 --- [maestro] [           main] o.hibernate.orm.results.loading.entity   : (EntityResultInitializer) Created new entity instance [com.microproductos.maestro.model.Producto(1)#39] : 1134532657
2024-12-13T17:16:23.324-03:00 DEBUG 23116 --- [maestro] [           main] org.hibernate.orm.results                : Extracted JDBC value [1] - [/images/producto1.jpg]
2024-12-13T17:16:23.324-03:00 DEBUG 23116 --- [maestro] [           main] org.hibernate.orm.results                : Extracted JDBC value [2] - [Producto 1]
2024-12-13T17:16:23.324-03:00 DEBUG 23116 --- [maestro] [           main] org.hibernate.orm.results                : Extracted JDBC value [3] - [150.0]
2024-12-13T17:16:23.324-03:00 DEBUG 23116 --- [maestro] [           main] o.hibernate.orm.results.loading.entity   : (EntityResultInitializer) Done materializing entityInstance : com.microproductos.maestro.model.Producto(1)#39
2024-12-13T17:16:23.324-03:00 DEBUG 23116 --- [maestro] [           main] org.hibernate.orm.results.loading        : Calling top-level assembler (0 / 1) : org.hibernate.sql.results.graph.entity.internal.EntityAssembler@2aa606d5
2024-12-13T17:16:23.325-03:00 DEBUG 23116 --- [maestro] [           main] org.hibernate.orm.results                : Extracted JDBC value [0] - [41]
2024-12-13T17:16:23.325-03:00 DEBUG 23116 --- [maestro] [           main] o.hibernate.orm.results.loading.entity   : (EntityResultInitializer) Hydrated EntityKey (com.microproductos.maestro.model.Producto(1)): 41
2024-12-13T17:16:23.325-03:00 DEBUG 23116 --- [maestro] [           main] o.hibernate.orm.results.loading.entity   : (EntityResultInitializer) Created new entity instance [com.microproductos.maestro.model.Producto(1)#41] : 142443539
2024-12-13T17:16:23.325-03:00 DEBUG 23116 --- [maestro] [           main] org.hibernate.orm.results                : Extracted JDBC value [1] - [/images/producto2.jpg]
2024-12-13T17:16:23.325-03:00 DEBUG 23116 --- [maestro] [           main] org.hibernate.orm.results                : Extracted JDBC value [2] - [Producto 2]
2024-12-13T17:16:23.325-03:00 DEBUG 23116 --- [maestro] [           main] org.hibernate.orm.results                : Extracted JDBC value [3] - [200.0]
2024-12-13T17:16:23.325-03:00 DEBUG 23116 --- [maestro] [           main] o.hibernate.orm.results.loading.entity   : (EntityResultInitializer) Done materializing entityInstance : com.microproductos.maestro.model.Producto(1)#41
2024-12-13T17:16:23.325-03:00 DEBUG 23116 --- [maestro] [           main] org.hibernate.orm.results.loading        : Calling top-level assembler (0 / 1) : org.hibernate.sql.results.graph.entity.internal.EntityAssembler@2aa606d5
2024-12-13T17:16:23.325-03:00 DEBUG 23116 --- [maestro] [           main] org.hibernate.orm.results                : Extracted JDBC value [0] - [21]
2024-12-13T17:16:23.325-03:00 DEBUG 23116 --- [maestro] [           main] o.hibernate.orm.results.loading.entity   : (EntityResultInitializer) Hydrated EntityKey (com.microproductos.maestro.model.Producto(1)): 21
2024-12-13T17:16:23.325-03:00 DEBUG 23116 --- [maestro] [           main] o.hibernate.orm.results.loading.entity   : (EntityResultInitializer) Created new entity instance [com.microproductos.maestro.model.Producto(1)#21] : 787938632
2024-12-13T17:16:23.325-03:00 DEBUG 23116 --- [maestro] [           main] org.hibernate.orm.results                : Extracted JDBC value [1] - [/images/producto1.jpg]
2024-12-13T17:16:23.325-03:00 DEBUG 23116 --- [maestro] [           main] org.hibernate.orm.results                : Extracted JDBC value [2] - [Producto 1]
2024-12-13T17:16:23.325-03:00 DEBUG 23116 --- [maestro] [           main] org.hibernate.orm.results                : Extracted JDBC value [3] - [150.0]
2024-12-13T17:16:23.325-03:00 DEBUG 23116 --- [maestro] [           main] o.hibernate.orm.results.loading.entity   : (EntityResultInitializer) Done materializing entityInstance : com.microproductos.maestro.model.Producto(1)#21
2024-12-13T17:16:23.325-03:00 DEBUG 23116 --- [maestro] [           main] org.hibernate.orm.results.loading        : Calling top-level assembler (0 / 1) : org.hibernate.sql.results.graph.entity.internal.EntityAssembler@2aa606d5
2024-12-13T17:16:23.325-03:00 DEBUG 23116 --- [maestro] [           main] org.hibernate.orm.results                : Extracted JDBC value [0] - [22]
2024-12-13T17:16:23.325-03:00 DEBUG 23116 --- [maestro] [           main] o.hibernate.orm.results.loading.entity   : (EntityResultInitializer) Hydrated EntityKey (com.microproductos.maestro.model.Producto(1)): 22
2024-12-13T17:16:23.325-03:00 DEBUG 23116 --- [maestro] [           main] o.hibernate.orm.results.loading.entity   : (EntityResultInitializer) Created new entity instance [com.microproductos.maestro.model.Producto(1)#22] : 1199922969
2024-12-13T17:16:23.325-03:00 DEBUG 23116 --- [maestro] [           main] org.hibernate.orm.results                : Extracted JDBC value [1] - [/images/producto1.jpg]
2024-12-13T17:16:23.326-03:00 DEBUG 23116 --- [maestro] [           main] org.hibernate.orm.results                : Extracted JDBC value [2] - [Producto 1]
2024-12-13T17:16:23.326-03:00 DEBUG 23116 --- [maestro] [           main] org.hibernate.orm.results                : Extracted JDBC value [3] - [100.0]
2024-12-13T17:16:23.326-03:00 DEBUG 23116 --- [maestro] [           main] o.hibernate.orm.results.loading.entity   : (EntityResultInitializer) Done materializing entityInstance : com.microproductos.maestro.model.Producto(1)#22
2024-12-13T17:16:23.326-03:00 DEBUG 23116 --- [maestro] [           main] org.hibernate.orm.results.loading        : Calling top-level assembler (0 / 1) : org.hibernate.sql.results.graph.entity.internal.EntityAssembler@2aa606d5
2024-12-13T17:16:23.333-03:00 DEBUG 23116 --- [maestro] [           main] org.hibernate.orm.results                : Extracted JDBC value [0] - [23]
2024-12-13T17:16:23.333-03:00 DEBUG 23116 --- [maestro] [           main] o.hibernate.orm.results.loading.entity   : (EntityResultInitializer) Hydrated EntityKey (com.microproductos.maestro.model.Producto(1)): 23
2024-12-13T17:16:23.333-03:00 DEBUG 23116 --- [maestro] [           main] o.hibernate.orm.results.loading.entity   : (EntityResultInitializer) Created new entity instance [com.microproductos.maestro.model.Producto(1)#23] : 2019826120
2024-12-13T17:16:23.333-03:00 DEBUG 23116 --- [maestro] [           main] org.hibernate.orm.results                : Extracted JDBC value [1] - [/images/producto2.jpg]
2024-12-13T17:16:23.333-03:00 DEBUG 23116 --- [maestro] [           main] org.hibernate.orm.results                : Extracted JDBC value [2] - [Producto 2]
2024-12-13T17:16:23.333-03:00 DEBUG 23116 --- [maestro] [           main] org.hibernate.orm.results                : Extracted JDBC value [3] - [200.0]
2024-12-13T17:16:23.333-03:00 DEBUG 23116 --- [maestro] [           main] o.hibernate.orm.results.loading.entity   : (EntityResultInitializer) Done materializing entityInstance : com.microproductos.maestro.model.Producto(1)#23
2024-12-13T17:16:23.333-03:00 DEBUG 23116 --- [maestro] [           main] org.hibernate.orm.results.loading        : Calling top-level assembler (0 / 1) : org.hibernate.sql.results.graph.entity.internal.EntityAssembler@2aa606d5
2024-12-13T17:16:23.333-03:00 DEBUG 23116 --- [maestro] [           main] org.hibernate.orm.results                : Extracted JDBC value [0] - [24]
2024-12-13T17:16:23.333-03:00 DEBUG 23116 --- [maestro] [           main] o.hibernate.orm.results.loading.entity   : (EntityResultInitializer) Hydrated EntityKey (com.microproductos.maestro.model.Producto(1)): 24
2024-12-13T17:16:23.333-03:00 DEBUG 23116 --- [maestro] [           main] o.hibernate.orm.results.loading.entity   : (EntityResultInitializer) Created new entity instance [com.microproductos.maestro.model.Producto(1)#24] : 475875275
2024-12-13T17:16:23.333-03:00 DEBUG 23116 --- [maestro] [           main] org.hibernate.orm.results                : Extracted JDBC value [1] - [/images/producto1.jpg]
2024-12-13T17:16:23.333-03:00 DEBUG 23116 --- [maestro] [           main] org.hibernate.orm.results                : Extracted JDBC value [2] - [Producto 1]
2024-12-13T17:16:23.333-03:00 DEBUG 23116 --- [maestro] [           main] org.hibernate.orm.results                : Extracted JDBC value [3] - [100.0]
2024-12-13T17:16:23.333-03:00 DEBUG 23116 --- [maestro] [           main] o.hibernate.orm.results.loading.entity   : (EntityResultInitializer) Done materializing entityInstance : com.microproductos.maestro.model.Producto(1)#24
2024-12-13T17:16:23.333-03:00 DEBUG 23116 --- [maestro] [           main] org.hibernate.orm.results.loading        : Calling top-level assembler (0 / 1) : org.hibernate.sql.results.graph.entity.internal.EntityAssembler@2aa606d5
2024-12-13T17:16:23.334-03:00 DEBUG 23116 --- [maestro] [           main] org.hibernate.orm.results                : Extracted JDBC value [0] - [26]
2024-12-13T17:16:23.334-03:00 DEBUG 23116 --- [maestro] [           main] o.hibernate.orm.results.loading.entity   : (EntityResultInitializer) Hydrated EntityKey (com.microproductos.maestro.model.Producto(1)): 26
2024-12-13T17:16:23.334-03:00 DEBUG 23116 --- [maestro] [           main] o.hibernate.orm.results.loading.entity   : (EntityResultInitializer) Created new entity instance [com.microproductos.maestro.model.Producto(1)#26] : 98104757
2024-12-13T17:16:23.334-03:00 DEBUG 23116 --- [maestro] [           main] org.hibernate.orm.results                : Extracted JDBC value [1] - [/images/producto1.jpg]
2024-12-13T17:16:23.334-03:00 DEBUG 23116 --- [maestro] [           main] org.hibernate.orm.results                : Extracted JDBC value [2] - [Producto 1]
2024-12-13T17:16:23.334-03:00 DEBUG 23116 --- [maestro] [           main] org.hibernate.orm.results                : Extracted JDBC value [3] - [100.0]
2024-12-13T17:16:23.334-03:00 DEBUG 23116 --- [maestro] [           main] o.hibernate.orm.results.loading.entity   : (EntityResultInitializer) Done materializing entityInstance : com.microproductos.maestro.model.Producto(1)#26
2024-12-13T17:16:23.334-03:00 DEBUG 23116 --- [maestro] [           main] org.hibernate.orm.results.loading        : Calling top-level assembler (0 / 1) : org.hibernate.sql.results.graph.entity.internal.EntityAssembler@2aa606d5
2024-12-13T17:16:23.334-03:00 DEBUG 23116 --- [maestro] [           main] org.hibernate.orm.results                : Extracted JDBC value [0] - [1]
2024-12-13T17:16:23.334-03:00 DEBUG 23116 --- [maestro] [           main] o.hibernate.orm.results.loading.entity   : (EntityResultInitializer) Hydrated EntityKey (com.microproductos.maestro.model.Producto(1)): 1
2024-12-13T17:16:23.334-03:00 DEBUG 23116 --- [maestro] [           main] o.hibernate.orm.results.loading.entity   : (EntityResultInitializer) Created new entity instance [com.microproductos.maestro.model.Producto(1)#1] : 1757945728
2024-12-13T17:16:23.334-03:00 DEBUG 23116 --- [maestro] [           main] org.hibernate.orm.results                : Extracted JDBC value [1] - [assets/images/1.png]
2024-12-13T17:16:23.334-03:00 DEBUG 23116 --- [maestro] [           main] org.hibernate.orm.results                : Extracted JDBC value [2] - [Camel Up]
2024-12-13T17:16:23.334-03:00 DEBUG 23116 --- [maestro] [           main] org.hibernate.orm.results                : Extracted JDBC value [3] - [19990.0]
2024-12-13T17:16:23.334-03:00 DEBUG 23116 --- [maestro] [           main] o.hibernate.orm.results.loading.entity   : (EntityResultInitializer) Done materializing entityInstance : com.microproductos.maestro.model.Producto(1)#1
2024-12-13T17:16:23.334-03:00 DEBUG 23116 --- [maestro] [           main] org.hibernate.orm.results.loading        : Calling top-level assembler (0 / 1) : org.hibernate.sql.results.graph.entity.internal.EntityAssembler@2aa606d5
2024-12-13T17:16:23.334-03:00 DEBUG 23116 --- [maestro] [           main] org.hibernate.orm.results                : Extracted JDBC value [0] - [2]
2024-12-13T17:16:23.334-03:00 DEBUG 23116 --- [maestro] [           main] o.hibernate.orm.results.loading.entity   : (EntityResultInitializer) Hydrated EntityKey (com.microproductos.maestro.model.Producto(1)): 2
2024-12-13T17:16:23.334-03:00 DEBUG 23116 --- [maestro] [           main] o.hibernate.orm.results.loading.entity   : (EntityResultInitializer) Created new entity instance [com.microproductos.maestro.model.Producto(1)#2] : 817553672
2024-12-13T17:16:23.334-03:00 DEBUG 23116 --- [maestro] [           main] org.hibernate.orm.results                : Extracted JDBC value [1] - [assets/images/2.png]
2024-12-13T17:16:23.334-03:00 DEBUG 23116 --- [maestro] [           main] org.hibernate.orm.results                : Extracted JDBC value [2] - [Casting Shadows]
2024-12-13T17:16:23.335-03:00 DEBUG 23116 --- [maestro] [           main] org.hibernate.orm.results                : Extracted JDBC value [3] - [21300.0]
2024-12-13T17:16:23.335-03:00 DEBUG 23116 --- [maestro] [           main] o.hibernate.orm.results.loading.entity   : (EntityResultInitializer) Done materializing entityInstance : com.microproductos.maestro.model.Producto(1)#2
2024-12-13T17:16:23.335-03:00 DEBUG 23116 --- [maestro] [           main] org.hibernate.orm.results.loading        : Calling top-level assembler (0 / 1) : org.hibernate.sql.results.graph.entity.internal.EntityAssembler@2aa606d5
2024-12-13T17:16:23.335-03:00 DEBUG 23116 --- [maestro] [           main] org.hibernate.orm.results                : Extracted JDBC value [0] - [3]
2024-12-13T17:16:23.335-03:00 DEBUG 23116 --- [maestro] [           main] o.hibernate.orm.results.loading.entity   : (EntityResultInitializer) Hydrated EntityKey (com.microproductos.maestro.model.Producto(1)): 3
2024-12-13T17:16:23.335-03:00 DEBUG 23116 --- [maestro] [           main] o.hibernate.orm.results.loading.entity   : (EntityResultInitializer) Created new entity instance [com.microproductos.maestro.model.Producto(1)#3] : 1185909707
2024-12-13T17:16:23.335-03:00 DEBUG 23116 --- [maestro] [           main] org.hibernate.orm.results                : Extracted JDBC value [1] - [assets/images/3.png]
2024-12-13T17:16:23.335-03:00 DEBUG 23116 --- [maestro] [           main] org.hibernate.orm.results                : Extracted JDBC value [2] - [Danger Danger]
2024-12-13T17:16:23.335-03:00 DEBUG 23116 --- [maestro] [           main] org.hibernate.orm.results                : Extracted JDBC value [3] - [21900.0]
2024-12-13T17:16:23.335-03:00 DEBUG 23116 --- [maestro] [           main] o.hibernate.orm.results.loading.entity   : (EntityResultInitializer) Done materializing entityInstance : com.microproductos.maestro.model.Producto(1)#3
2024-12-13T17:16:23.335-03:00 DEBUG 23116 --- [maestro] [           main] org.hibernate.orm.results.loading        : Calling top-level assembler (0 / 1) : org.hibernate.sql.results.graph.entity.internal.EntityAssembler@2aa606d5
2024-12-13T17:16:23.335-03:00 DEBUG 23116 --- [maestro] [           main] org.hibernate.orm.results                : Extracted JDBC value [0] - [4]
2024-12-13T17:16:23.335-03:00 DEBUG 23116 --- [maestro] [           main] o.hibernate.orm.results.loading.entity   : (EntityResultInitializer) Hydrated EntityKey (com.microproductos.maestro.model.Producto(1)): 4
2024-12-13T17:16:23.335-03:00 DEBUG 23116 --- [maestro] [           main] o.hibernate.orm.results.loading.entity   : (EntityResultInitializer) Created new entity instance [com.microproductos.maestro.model.Producto(1)#4] : 68729846
2024-12-13T17:16:23.335-03:00 DEBUG 23116 --- [maestro] [           main] org.hibernate.orm.results                : Extracted JDBC value [1] - [assets/images/4.png]
2024-12-13T17:16:23.335-03:00 DEBUG 23116 --- [maestro] [           main] org.hibernate.orm.results                : Extracted JDBC value [2] - [Family FaceOff]
2024-12-13T17:16:23.335-03:00 DEBUG 23116 --- [maestro] [           main] org.hibernate.orm.results                : Extracted JDBC value [3] - [19990.0]
2024-12-13T17:16:23.335-03:00 DEBUG 23116 --- [maestro] [           main] o.hibernate.orm.results.loading.entity   : (EntityResultInitializer) Done materializing entityInstance : com.microproductos.maestro.model.Producto(1)#4
2024-12-13T17:16:23.335-03:00 DEBUG 23116 --- [maestro] [           main] org.hibernate.orm.results.loading        : Calling top-level assembler (0 / 1) : org.hibernate.sql.results.graph.entity.internal.EntityAssembler@2aa606d5
2024-12-13T17:16:23.335-03:00 DEBUG 23116 --- [maestro] [           main] org.hibernate.orm.results                : Extracted JDBC value [0] - [5]
2024-12-13T17:16:23.335-03:00 DEBUG 23116 --- [maestro] [           main] o.hibernate.orm.results.loading.entity   : (EntityResultInitializer) Hydrated EntityKey (com.microproductos.maestro.model.Producto(1)): 5
2024-12-13T17:16:23.335-03:00 DEBUG 23116 --- [maestro] [           main] o.hibernate.orm.results.loading.entity   : (EntityResultInitializer) Created new entity instance [com.microproductos.maestro.model.Producto(1)#5] : 738496746
2024-12-13T17:16:23.335-03:00 DEBUG 23116 --- [maestro] [           main] org.hibernate.orm.results                : Extracted JDBC value [1] - [assets/images/5.png]
2024-12-13T17:16:23.336-03:00 DEBUG 23116 --- [maestro] [           main] org.hibernate.orm.results                : Extracted JDBC value [2] - [HeadTrip]
2024-12-13T17:16:23.336-03:00 DEBUG 23116 --- [maestro] [           main] org.hibernate.orm.results                : Extracted JDBC value [3] - [19990.0]
2024-12-13T17:16:23.336-03:00 DEBUG 23116 --- [maestro] [           main] o.hibernate.orm.results.loading.entity   : (EntityResultInitializer) Done materializing entityInstance : com.microproductos.maestro.model.Producto(1)#5
2024-12-13T17:16:23.336-03:00 DEBUG 23116 --- [maestro] [           main] org.hibernate.orm.results.loading        : Calling top-level assembler (0 / 1) : org.hibernate.sql.results.graph.entity.internal.EntityAssembler@2aa606d5
2024-12-13T17:16:23.336-03:00 DEBUG 23116 --- [maestro] [           main] org.hibernate.orm.results                : Extracted JDBC value [0] - [6]
2024-12-13T17:16:23.336-03:00 DEBUG 23116 --- [maestro] [           main] o.hibernate.orm.results.loading.entity   : (EntityResultInitializer) Hydrated EntityKey (com.microproductos.maestro.model.Producto(1)): 6
2024-12-13T17:16:23.336-03:00 DEBUG 23116 --- [maestro] [           main] o.hibernate.orm.results.loading.entity   : (EntityResultInitializer) Created new entity instance [com.microproductos.maestro.model.Producto(1)#6] : 1272022723
2024-12-13T17:16:23.336-03:00 DEBUG 23116 --- [maestro] [           main] org.hibernate.orm.results                : Extracted JDBC value [1] - [assets/images/6.png]
2024-12-13T17:16:23.336-03:00 DEBUG 23116 --- [maestro] [           main] org.hibernate.orm.results                : Extracted JDBC value [2] - [HotBox]
2024-12-13T17:16:23.336-03:00 DEBUG 23116 --- [maestro] [           main] org.hibernate.orm.results                : Extracted JDBC value [3] - [19990.0]
2024-12-13T17:16:23.336-03:00 DEBUG 23116 --- [maestro] [           main] o.hibernate.orm.results.loading.entity   : (EntityResultInitializer) Done materializing entityInstance : com.microproductos.maestro.model.Producto(1)#6
2024-12-13T17:16:23.336-03:00 DEBUG 23116 --- [maestro] [           main] org.hibernate.orm.results.loading        : Calling top-level assembler (0 / 1) : org.hibernate.sql.results.graph.entity.internal.EntityAssembler@2aa606d5
2024-12-13T17:16:23.336-03:00 DEBUG 23116 --- [maestro] [           main] org.hibernate.orm.results                : Extracted JDBC value [0] - [7]
2024-12-13T17:16:23.336-03:00 DEBUG 23116 --- [maestro] [           main] o.hibernate.orm.results.loading.entity   : (EntityResultInitializer) Hydrated EntityKey (com.microproductos.maestro.model.Producto(1)): 7
2024-12-13T17:16:23.336-03:00 DEBUG 23116 --- [maestro] [           main] o.hibernate.orm.results.loading.entity   : (EntityResultInitializer) Created new entity instance [com.microproductos.maestro.model.Producto(1)#7] : 1905962401
2024-12-13T17:16:23.336-03:00 DEBUG 23116 --- [maestro] [           main] org.hibernate.orm.results                : Extracted JDBC value [1] - [assets/images/7.png]
2024-12-13T17:16:23.336-03:00 DEBUG 23116 --- [maestro] [           main] org.hibernate.orm.results                : Extracted JDBC value [2] - [HotOnes]
2024-12-13T17:16:23.336-03:00 DEBUG 23116 --- [maestro] [           main] org.hibernate.orm.results                : Extracted JDBC value [3] - [19990.0]
2024-12-13T17:16:23.336-03:00 DEBUG 23116 --- [maestro] [           main] o.hibernate.orm.results.loading.entity   : (EntityResultInitializer) Done materializing entityInstance : com.microproductos.maestro.model.Producto(1)#7
2024-12-13T17:16:23.336-03:00 DEBUG 23116 --- [maestro] [           main] org.hibernate.orm.results.loading        : Calling top-level assembler (0 / 1) : org.hibernate.sql.results.graph.entity.internal.EntityAssembler@2aa606d5
2024-12-13T17:16:23.341-03:00 DEBUG 23116 --- [maestro] [           main] org.hibernate.orm.results                : Extracted JDBC value [0] - [8]
2024-12-13T17:16:23.341-03:00 DEBUG 23116 --- [maestro] [           main] o.hibernate.orm.results.loading.entity   : (EntityResultInitializer) Hydrated EntityKey (com.microproductos.maestro.model.Producto(1)): 8
2024-12-13T17:16:23.341-03:00 DEBUG 23116 --- [maestro] [           main] o.hibernate.orm.results.loading.entity   : (EntityResultInitializer) Created new entity instance [com.microproductos.maestro.model.Producto(1)#8] : 815562607
2024-12-13T17:16:23.341-03:00 DEBUG 23116 --- [maestro] [           main] org.hibernate.orm.results                : Extracted JDBC value [1] - [assets/images/8.png]
2024-12-13T17:16:23.341-03:00 DEBUG 23116 --- [maestro] [           main] org.hibernate.orm.results                : Extracted JDBC value [2] - [Hues and Cues]
2024-12-13T17:16:23.341-03:00 DEBUG 23116 --- [maestro] [           main] org.hibernate.orm.results                : Extracted JDBC value [3] - [19990.0]
2024-12-13T17:16:23.341-03:00 DEBUG 23116 --- [maestro] [           main] o.hibernate.orm.results.loading.entity   : (EntityResultInitializer) Done materializing entityInstance : com.microproductos.maestro.model.Producto(1)#8
2024-12-13T17:16:23.342-03:00 DEBUG 23116 --- [maestro] [           main] org.hibernate.orm.results.loading        : Calling top-level assembler (0 / 1) : org.hibernate.sql.results.graph.entity.internal.EntityAssembler@2aa606d5
2024-12-13T17:16:23.342-03:00 DEBUG 23116 --- [maestro] [           main] org.hibernate.orm.results                : Extracted JDBC value [0] - [9]
2024-12-13T17:16:23.342-03:00 DEBUG 23116 --- [maestro] [           main] o.hibernate.orm.results.loading.entity   : (EntityResultInitializer) Hydrated EntityKey (com.microproductos.maestro.model.Producto(1)): 9
2024-12-13T17:16:23.342-03:00 DEBUG 23116 --- [maestro] [           main] o.hibernate.orm.results.loading.entity   : (EntityResultInitializer) Created new entity instance [com.microproductos.maestro.model.Producto(1)#9] : 941046358
2024-12-13T17:16:23.342-03:00 DEBUG 23116 --- [maestro] [           main] org.hibernate.orm.results                : Extracted JDBC value [1] - [assets/images/9.png]
2024-12-13T17:16:23.342-03:00 DEBUG 23116 --- [maestro] [           main] org.hibernate.orm.results                : Extracted JDBC value [2] - [Match MadNess]
2024-12-13T17:16:23.342-03:00 DEBUG 23116 --- [maestro] [           main] org.hibernate.orm.results                : Extracted JDBC value [3] - [19990.0]
2024-12-13T17:16:23.342-03:00 DEBUG 23116 --- [maestro] [           main] o.hibernate.orm.results.loading.entity   : (EntityResultInitializer) Done materializing entityInstance : com.microproductos.maestro.model.Producto(1)#9
2024-12-13T17:16:23.342-03:00 DEBUG 23116 --- [maestro] [           main] org.hibernate.orm.results.loading        : Calling top-level assembler (0 / 1) : org.hibernate.sql.results.graph.entity.internal.EntityAssembler@2aa606d5
2024-12-13T17:16:23.342-03:00 DEBUG 23116 --- [maestro] [           main] org.hibernate.orm.results                : Extracted JDBC value [0] - [27]
2024-12-13T17:16:23.342-03:00 DEBUG 23116 --- [maestro] [           main] o.hibernate.orm.results.loading.entity   : (EntityResultInitializer) Hydrated EntityKey (com.microproductos.maestro.model.Producto(1)): 27
2024-12-13T17:16:23.342-03:00 DEBUG 23116 --- [maestro] [           main] o.hibernate.orm.results.loading.entity   : (EntityResultInitializer) Created new entity instance [com.microproductos.maestro.model.Producto(1)#27] : 2134328329
2024-12-13T17:16:23.342-03:00 DEBUG 23116 --- [maestro] [           main] org.hibernate.orm.results                : Extracted JDBC value [1] - [/images/producto1.jpg]
2024-12-13T17:16:23.342-03:00 DEBUG 23116 --- [maestro] [           main] org.hibernate.orm.results                : Extracted JDBC value [2] - [Producto 1]
2024-12-13T17:16:23.342-03:00 DEBUG 23116 --- [maestro] [           main] org.hibernate.orm.results                : Extracted JDBC value [3] - [150.0]
2024-12-13T17:16:23.342-03:00 DEBUG 23116 --- [maestro] [           main] o.hibernate.orm.results.loading.entity   : (EntityResultInitializer) Done materializing entityInstance : com.microproductos.maestro.model.Producto(1)#27
2024-12-13T17:16:23.342-03:00 DEBUG 23116 --- [maestro] [           main] org.hibernate.orm.results.loading        : Calling top-level assembler (0 / 1) : org.hibernate.sql.results.graph.entity.internal.EntityAssembler@2aa606d5
2024-12-13T17:16:23.342-03:00 DEBUG 23116 --- [maestro] [           main] org.hibernate.orm.results                : Extracted JDBC value [0] - [28]
2024-12-13T17:16:23.342-03:00 DEBUG 23116 --- [maestro] [           main] o.hibernate.orm.results.loading.entity   : (EntityResultInitializer) Hydrated EntityKey (com.microproductos.maestro.model.Producto(1)): 28
2024-12-13T17:16:23.342-03:00 DEBUG 23116 --- [maestro] [           main] o.hibernate.orm.results.loading.entity   : (EntityResultInitializer) Created new entity instance [com.microproductos.maestro.model.Producto(1)#28] : 1541671403
2024-12-13T17:16:23.342-03:00 DEBUG 23116 --- [maestro] [           main] org.hibernate.orm.results                : Extracted JDBC value [1] - [/images/producto1.jpg]
2024-12-13T17:16:23.342-03:00 DEBUG 23116 --- [maestro] [           main] org.hibernate.orm.results                : Extracted JDBC value [2] - [Producto 1]
2024-12-13T17:16:23.343-03:00 DEBUG 23116 --- [maestro] [           main] org.hibernate.orm.results                : Extracted JDBC value [3] - [100.0]
2024-12-13T17:16:23.343-03:00 DEBUG 23116 --- [maestro] [           main] o.hibernate.orm.results.loading.entity   : (EntityResultInitializer) Done materializing entityInstance : com.microproductos.maestro.model.Producto(1)#28
2024-12-13T17:16:23.343-03:00 DEBUG 23116 --- [maestro] [           main] org.hibernate.orm.results.loading        : Calling top-level assembler (0 / 1) : org.hibernate.sql.results.graph.entity.internal.EntityAssembler@2aa606d5
2024-12-13T17:16:23.343-03:00 DEBUG 23116 --- [maestro] [           main] org.hibernate.orm.results                : Extracted JDBC value [0] - [29]
2024-12-13T17:16:23.343-03:00 DEBUG 23116 --- [maestro] [           main] o.hibernate.orm.results.loading.entity   : (EntityResultInitializer) Hydrated EntityKey (com.microproductos.maestro.model.Producto(1)): 29
2024-12-13T17:16:23.343-03:00 DEBUG 23116 --- [maestro] [           main] o.hibernate.orm.results.loading.entity   : (EntityResultInitializer) Created new entity instance [com.microproductos.maestro.model.Producto(1)#29] : 139490047
2024-12-13T17:16:23.343-03:00 DEBUG 23116 --- [maestro] [           main] org.hibernate.orm.results                : Extracted JDBC value [1] - [/images/producto2.jpg]
2024-12-13T17:16:23.343-03:00 DEBUG 23116 --- [maestro] [           main] org.hibernate.orm.results                : Extracted JDBC value [2] - [Producto 2]
2024-12-13T17:16:23.343-03:00 DEBUG 23116 --- [maestro] [           main] org.hibernate.orm.results                : Extracted JDBC value [3] - [200.0]
2024-12-13T17:16:23.343-03:00 DEBUG 23116 --- [maestro] [           main] o.hibernate.orm.results.loading.entity   : (EntityResultInitializer) Done materializing entityInstance : com.microproductos.maestro.model.Producto(1)#29
2024-12-13T17:16:23.343-03:00 DEBUG 23116 --- [maestro] [           main] org.hibernate.orm.results.loading        : Calling top-level assembler (0 / 1) : org.hibernate.sql.results.graph.entity.internal.EntityAssembler@2aa606d5
2024-12-13T17:16:23.343-03:00 DEBUG 23116 --- [maestro] [           main] org.hibernate.orm.results                : Extracted JDBC value [0] - [30]
2024-12-13T17:16:23.343-03:00 DEBUG 23116 --- [maestro] [           main] o.hibernate.orm.results.loading.entity   : (EntityResultInitializer) Hydrated EntityKey (com.microproductos.maestro.model.Producto(1)): 30
2024-12-13T17:16:23.343-03:00 DEBUG 23116 --- [maestro] [           main] o.hibernate.orm.results.loading.entity   : (EntityResultInitializer) Created new entity instance [com.microproductos.maestro.model.Producto(1)#30] : 152321065
2024-12-13T17:16:23.343-03:00 DEBUG 23116 --- [maestro] [           main] org.hibernate.orm.results                : Extracted JDBC value [1] - [/images/producto1.jpg]
2024-12-13T17:16:23.343-03:00 DEBUG 23116 --- [maestro] [           main] org.hibernate.orm.results                : Extracted JDBC value [2] - [Producto 1]
2024-12-13T17:16:23.343-03:00 DEBUG 23116 --- [maestro] [           main] org.hibernate.orm.results                : Extracted JDBC value [3] - [100.0]
2024-12-13T17:16:23.343-03:00 DEBUG 23116 --- [maestro] [           main] o.hibernate.orm.results.loading.entity   : (EntityResultInitializer) Done materializing entityInstance : com.microproductos.maestro.model.Producto(1)#30
2024-12-13T17:16:23.343-03:00 DEBUG 23116 --- [maestro] [           main] org.hibernate.orm.results.loading        : Calling top-level assembler (0 / 1) : org.hibernate.sql.results.graph.entity.internal.EntityAssembler@2aa606d5
2024-12-13T17:16:23.343-03:00 DEBUG 23116 --- [maestro] [           main] org.hibernate.orm.results                : Extracted JDBC value [0] - [32]
2024-12-13T17:16:23.343-03:00 DEBUG 23116 --- [maestro] [           main] o.hibernate.orm.results.loading.entity   : (EntityResultInitializer) Hydrated EntityKey (com.microproductos.maestro.model.Producto(1)): 32
2024-12-13T17:16:23.343-03:00 DEBUG 23116 --- [maestro] [           main] o.hibernate.orm.results.loading.entity   : (EntityResultInitializer) Created new entity instance [com.microproductos.maestro.model.Producto(1)#32] : 1279669774
2024-12-13T17:16:23.343-03:00 DEBUG 23116 --- [maestro] [           main] org.hibernate.orm.results                : Extracted JDBC value [1] - [/images/producto1.jpg]
2024-12-13T17:16:23.344-03:00 DEBUG 23116 --- [maestro] [           main] org.hibernate.orm.results                : Extracted JDBC value [2] - [Producto 1]
2024-12-13T17:16:23.344-03:00 DEBUG 23116 --- [maestro] [           main] org.hibernate.orm.results                : Extracted JDBC value [3] - [100.0]
2024-12-13T17:16:23.344-03:00 DEBUG 23116 --- [maestro] [           main] o.hibernate.orm.results.loading.entity   : (EntityResultInitializer) Done materializing entityInstance : com.microproductos.maestro.model.Producto(1)#32
2024-12-13T17:16:23.344-03:00 DEBUG 23116 --- [maestro] [           main] org.hibernate.orm.results.loading        : Calling top-level assembler (0 / 1) : org.hibernate.sql.results.graph.entity.internal.EntityAssembler@2aa606d5
2024-12-13T17:16:23.346-03:00 DEBUG 23116 --- [maestro] [           main] o.s.orm.jpa.JpaTransactionManager        : Initiating transaction commit
2024-12-13T17:16:23.347-03:00 DEBUG 23116 --- [maestro] [           main] o.s.orm.jpa.JpaTransactionManager        : Committing JPA transaction on EntityManager [SessionImpl(541696734<open>)]
2024-12-13T17:16:23.347-03:00 DEBUG 23116 --- [maestro] [           main] o.h.e.t.internal.TransactionImpl         : committing
2024-12-13T17:16:23.352-03:00 DEBUG 23116 --- [maestro] [           main] o.s.jdbc.datasource.DataSourceUtils      : Resetting read-only flag of JDBC Connection [HikariProxyConnection@1640129242 wrapping oracle.jdbc.driver.T4CConnection@37e851a3]
2024-12-13T17:16:23.352-03:00 DEBUG 23116 --- [maestro] [           main] o.s.orm.jpa.JpaTransactionManager        : Closing JPA EntityManager [SessionImpl(541696734<open>)] after transaction
2024-12-13T17:16:23.352-03:00 DEBUG 23116 --- [maestro] [           main] org.springframework.test.context.cache   : Spring test ApplicationContext cache statistics: [DefaultContextCache@3af9164b size = 2, maxSize = 32, parentContextCount = 0, hitCount = 177, missCount = 2, failureCount = 0]
2024-12-13T17:16:23.353-03:00 DEBUG 23116 --- [maestro] [           main] org.springframework.test.context.cache   : Spring test ApplicationContext cache statistics: [DefaultContextCache@3af9164b size = 2, maxSize = 32, parentContextCount = 0, hitCount = 178, missCount = 2, failureCount = 0]
2024-12-13T17:16:23.353-03:00 DEBUG 23116 --- [maestro] [           main] org.springframework.test.context.cache   : Spring test ApplicationContext cache statistics: [DefaultContextCache@3af9164b size = 2, maxSize = 32, parentContextCount = 0, hitCount = 179, missCount = 2, failureCount = 0]
2024-12-13T17:16:23.353-03:00 DEBUG 23116 --- [maestro] [           main] org.springframework.test.context.cache   : Spring test ApplicationContext cache statistics: [DefaultContextCache@3af9164b size = 2, maxSize = 32, parentContextCount = 0, hitCount = 180, missCount = 2, failureCount = 0]
2024-12-13T17:16:23.353-03:00 DEBUG 23116 --- [maestro] [           main] org.springframework.test.context.cache   : Spring test ApplicationContext cache statistics: [DefaultContextCache@3af9164b size = 2, maxSize = 32, parentContextCount = 0, hitCount = 181, missCount = 2, failureCount = 0]
2024-12-13T17:16:23.354-03:00 DEBUG 23116 --- [maestro] [           main] org.springframework.test.context.cache   : Spring test ApplicationContext cache statistics: [DefaultContextCache@3af9164b size = 2, maxSize = 32, parentContextCount = 0, hitCount = 182, missCount = 2, failureCount = 0]
2024-12-13T17:16:23.354-03:00 DEBUG 23116 --- [maestro] [           main] org.springframework.test.context.cache   : Spring test ApplicationContext cache statistics: [DefaultContextCache@3af9164b size = 2, maxSize = 32, parentContextCount = 0, hitCount = 183, missCount = 2, failureCount = 0]
2024-12-13T17:16:23.354-03:00 DEBUG 23116 --- [maestro] [           main] .c.s.DirtiesContextTestExecutionListener : After test method: class [ProductoRepositoryTest], method [testFindAllProductos], class annotated with @DirtiesContext [false] with mode [null], method annotated with @DirtiesContext [false] with mode [null]
2024-12-13T17:16:23.354-03:00 DEBUG 23116 --- [maestro] [           main] o.s.t.c.w.ServletTestExecutionListener   : Resetting RequestContextHolder for test class com.microproductos.maestro.repository.ProductoRepositoryTest
]]></system-out>
  </testcase>
  <testcase name="testSaveProducto" classname="com.microproductos.maestro.repository.ProductoRepositoryTest" time="0.023">
    <system-out><![CDATA[2024-12-13T17:16:23.355-03:00 DEBUG 23116 --- [maestro] [           main] org.springframework.test.context.cache   : Spring test ApplicationContext cache statistics: [DefaultContextCache@3af9164b size = 2, maxSize = 32, parentContextCount = 0, hitCount = 184, missCount = 2, failureCount = 0]
2024-12-13T17:16:23.355-03:00 DEBUG 23116 --- [maestro] [           main] o.s.t.c.w.ServletTestExecutionListener   : Setting up MockHttpServletRequest, MockHttpServletResponse, ServletWebRequest, and RequestContextHolder for test class com.microproductos.maestro.repository.ProductoRepositoryTest
2024-12-13T17:16:23.355-03:00 DEBUG 23116 --- [maestro] [           main] DependencyInjectionTestExecutionListener : Performing dependency injection for test class com.microproductos.maestro.repository.ProductoRepositoryTest
2024-12-13T17:16:23.355-03:00 DEBUG 23116 --- [maestro] [           main] org.springframework.test.context.cache   : Spring test ApplicationContext cache statistics: [DefaultContextCache@3af9164b size = 2, maxSize = 32, parentContextCount = 0, hitCount = 185, missCount = 2, failureCount = 0]
2024-12-13T17:16:23.355-03:00 DEBUG 23116 --- [maestro] [           main] org.springframework.test.context.cache   : Spring test ApplicationContext cache statistics: [DefaultContextCache@3af9164b size = 2, maxSize = 32, parentContextCount = 0, hitCount = 186, missCount = 2, failureCount = 0]
2024-12-13T17:16:23.356-03:00 DEBUG 23116 --- [maestro] [           main] sContextBeforeModesTestExecutionListener : Before test method: class [ProductoRepositoryTest], method [testSaveProducto], class annotated with @DirtiesContext [false] with mode [null], method annotated with @DirtiesContext [false] with mode [null]
2024-12-13T17:16:23.357-03:00 DEBUG 23116 --- [maestro] [           main] org.springframework.test.context.cache   : Spring test ApplicationContext cache statistics: [DefaultContextCache@3af9164b size = 2, maxSize = 32, parentContextCount = 0, hitCount = 187, missCount = 2, failureCount = 0]
2024-12-13T17:16:23.357-03:00 DEBUG 23116 --- [maestro] [           main] org.springframework.test.context.cache   : Spring test ApplicationContext cache statistics: [DefaultContextCache@3af9164b size = 2, maxSize = 32, parentContextCount = 0, hitCount = 188, missCount = 2, failureCount = 0]
2024-12-13T17:16:23.358-03:00 DEBUG 23116 --- [maestro] [           main] o.s.orm.jpa.JpaTransactionManager        : Creating new transaction with name [org.springframework.data.jpa.repository.support.SimpleJpaRepository.save]: PROPAGATION_REQUIRED,ISOLATION_DEFAULT
2024-12-13T17:16:23.358-03:00 DEBUG 23116 --- [maestro] [           main] o.s.orm.jpa.JpaTransactionManager        : Opened new EntityManager [SessionImpl(666253481<open>)] for JPA transaction
2024-12-13T17:16:23.358-03:00 DEBUG 23116 --- [maestro] [           main] o.h.e.t.internal.TransactionImpl         : On TransactionImpl creation, JpaCompliance#isJpaTransactionComplianceEnabled == false
2024-12-13T17:16:23.358-03:00 DEBUG 23116 --- [maestro] [           main] o.h.e.t.internal.TransactionImpl         : begin
2024-12-13T17:16:23.359-03:00 DEBUG 23116 --- [maestro] [           main] o.s.orm.jpa.JpaTransactionManager        : Exposing JPA transaction as JDBC [org.springframework.orm.jpa.vendor.HibernateJpaDialect$HibernateConnectionHandle@42fd65b5]
2024-12-13T17:16:23.359-03:00 DEBUG 23116 --- [maestro] [           main] o.h.j.internal.PersistenceUnitUtilImpl   : jakarta.persistence.PersistenceUnitUtil.getIdentifier is only intended to work with enhanced entities (although Hibernate also adapts this support to its proxies); however the passed entity was not enhanced (nor a proxy).. may not be able to read identifier
2024-12-13T17:16:23.359-03:00 DEBUG 23116 --- [maestro] [           main] org.hibernate.engine.spi.ActionQueue     : Executing identity-insert immediately
2024-12-13T17:16:23.359-03:00 DEBUG 23116 --- [maestro] [           main] org.hibernate.SQL                        : 
    insert 
    into
        producto
        (image, nombre, precio, id) 
    values
        (?, ?, ?, default)
Hibernate: 
    insert 
    into
        producto
        (image, nombre, precio, id) 
    values
        (?, ?, ?, default)
2024-12-13T17:16:23.368-03:00 DEBUG 23116 --- [maestro] [           main] org.hibernate.orm.results                : Initializer list is empty
2024-12-13T17:16:23.368-03:00 DEBUG 23116 --- [maestro] [           main] org.hibernate.orm.results.loading        : Calling top-level assembler (0 / 1) : org.hibernate.sql.results.graph.basic.BasicResultAssembler@556c4c7b
2024-12-13T17:16:23.368-03:00 DEBUG 23116 --- [maestro] [           main] org.hibernate.orm.results                : Extracted JDBC value [0] - [42]
2024-12-13T17:16:23.368-03:00 DEBUG 23116 --- [maestro] [           main] o.h.id.IdentifierGeneratorHelper         : Extracted generated values [com.microproductos.maestro.model.Producto]: [Ljava.lang.Object;@7661cd3d
2024-12-13T17:16:23.368-03:00 DEBUG 23116 --- [maestro] [           main] o.s.orm.jpa.JpaTransactionManager        : Initiating transaction commit
2024-12-13T17:16:23.368-03:00 DEBUG 23116 --- [maestro] [           main] o.s.orm.jpa.JpaTransactionManager        : Committing JPA transaction on EntityManager [SessionImpl(666253481<open>)]
2024-12-13T17:16:23.368-03:00 DEBUG 23116 --- [maestro] [           main] o.h.e.t.internal.TransactionImpl         : committing
2024-12-13T17:16:23.368-03:00 DEBUG 23116 --- [maestro] [           main] o.h.e.i.AbstractFlushingEventListener    : Processing flush-time cascades
2024-12-13T17:16:23.368-03:00 DEBUG 23116 --- [maestro] [           main] o.h.e.i.AbstractFlushingEventListener    : Dirty checking collections
2024-12-13T17:16:23.368-03:00 DEBUG 23116 --- [maestro] [           main] o.h.e.i.AbstractFlushingEventListener    : Flushed: 0 insertions, 0 updates, 0 deletions to 1 objects
2024-12-13T17:16:23.368-03:00 DEBUG 23116 --- [maestro] [           main] o.h.e.i.AbstractFlushingEventListener    : Flushed: 0 (re)creations, 0 updates, 0 removals to 0 collections
2024-12-13T17:16:23.368-03:00 DEBUG 23116 --- [maestro] [           main] o.hibernate.internal.util.EntityPrinter  : Listing entities:
2024-12-13T17:16:23.368-03:00 DEBUG 23116 --- [maestro] [           main] o.hibernate.internal.util.EntityPrinter  : com.microproductos.maestro.model.Producto{image=/images/producto1.jpg, precio=100.0, id=42, nombre=Producto 1}
2024-12-13T17:16:23.376-03:00 DEBUG 23116 --- [maestro] [           main] o.s.orm.jpa.JpaTransactionManager        : Closing JPA EntityManager [SessionImpl(666253481<open>)] after transaction
2024-12-13T17:16:23.376-03:00 DEBUG 23116 --- [maestro] [           main] org.springframework.test.context.cache   : Spring test ApplicationContext cache statistics: [DefaultContextCache@3af9164b size = 2, maxSize = 32, parentContextCount = 0, hitCount = 189, missCount = 2, failureCount = 0]
2024-12-13T17:16:23.377-03:00 DEBUG 23116 --- [maestro] [           main] org.springframework.test.context.cache   : Spring test ApplicationContext cache statistics: [DefaultContextCache@3af9164b size = 2, maxSize = 32, parentContextCount = 0, hitCount = 190, missCount = 2, failureCount = 0]
2024-12-13T17:16:23.377-03:00 DEBUG 23116 --- [maestro] [           main] org.springframework.test.context.cache   : Spring test ApplicationContext cache statistics: [DefaultContextCache@3af9164b size = 2, maxSize = 32, parentContextCount = 0, hitCount = 191, missCount = 2, failureCount = 0]
2024-12-13T17:16:23.377-03:00 DEBUG 23116 --- [maestro] [           main] org.springframework.test.context.cache   : Spring test ApplicationContext cache statistics: [DefaultContextCache@3af9164b size = 2, maxSize = 32, parentContextCount = 0, hitCount = 192, missCount = 2, failureCount = 0]
2024-12-13T17:16:23.377-03:00 DEBUG 23116 --- [maestro] [           main] org.springframework.test.context.cache   : Spring test ApplicationContext cache statistics: [DefaultContextCache@3af9164b size = 2, maxSize = 32, parentContextCount = 0, hitCount = 193, missCount = 2, failureCount = 0]
2024-12-13T17:16:23.378-03:00 DEBUG 23116 --- [maestro] [           main] org.springframework.test.context.cache   : Spring test ApplicationContext cache statistics: [DefaultContextCache@3af9164b size = 2, maxSize = 32, parentContextCount = 0, hitCount = 194, missCount = 2, failureCount = 0]
2024-12-13T17:16:23.378-03:00 DEBUG 23116 --- [maestro] [           main] org.springframework.test.context.cache   : Spring test ApplicationContext cache statistics: [DefaultContextCache@3af9164b size = 2, maxSize = 32, parentContextCount = 0, hitCount = 195, missCount = 2, failureCount = 0]
2024-12-13T17:16:23.378-03:00 DEBUG 23116 --- [maestro] [           main] org.springframework.test.context.cache   : Spring test ApplicationContext cache statistics: [DefaultContextCache@3af9164b size = 2, maxSize = 32, parentContextCount = 0, hitCount = 196, missCount = 2, failureCount = 0]
2024-12-13T17:16:23.379-03:00 DEBUG 23116 --- [maestro] [           main] .c.s.DirtiesContextTestExecutionListener : After test method: class [ProductoRepositoryTest], method [testSaveProducto], class annotated with @DirtiesContext [false] with mode [null], method annotated with @DirtiesContext [false] with mode [null]
2024-12-13T17:16:23.379-03:00 DEBUG 23116 --- [maestro] [           main] o.s.t.c.w.ServletTestExecutionListener   : Resetting RequestContextHolder for test class com.microproductos.maestro.repository.ProductoRepositoryTest
]]></system-out>
  </testcase>
  <testcase name="testDeleteProducto" classname="com.microproductos.maestro.repository.ProductoRepositoryTest" time="0.087">
    <system-out><![CDATA[2024-12-13T17:16:23.379-03:00 DEBUG 23116 --- [maestro] [           main] org.springframework.test.context.cache   : Spring test ApplicationContext cache statistics: [DefaultContextCache@3af9164b size = 2, maxSize = 32, parentContextCount = 0, hitCount = 197, missCount = 2, failureCount = 0]
2024-12-13T17:16:23.379-03:00 DEBUG 23116 --- [maestro] [           main] o.s.t.c.w.ServletTestExecutionListener   : Setting up MockHttpServletRequest, MockHttpServletResponse, ServletWebRequest, and RequestContextHolder for test class com.microproductos.maestro.repository.ProductoRepositoryTest
2024-12-13T17:16:23.380-03:00 DEBUG 23116 --- [maestro] [           main] DependencyInjectionTestExecutionListener : Performing dependency injection for test class com.microproductos.maestro.repository.ProductoRepositoryTest
2024-12-13T17:16:23.380-03:00 DEBUG 23116 --- [maestro] [           main] org.springframework.test.context.cache   : Spring test ApplicationContext cache statistics: [DefaultContextCache@3af9164b size = 2, maxSize = 32, parentContextCount = 0, hitCount = 198, missCount = 2, failureCount = 0]
2024-12-13T17:16:23.380-03:00 DEBUG 23116 --- [maestro] [           main] org.springframework.test.context.cache   : Spring test ApplicationContext cache statistics: [DefaultContextCache@3af9164b size = 2, maxSize = 32, parentContextCount = 0, hitCount = 199, missCount = 2, failureCount = 0]
2024-12-13T17:16:23.380-03:00 DEBUG 23116 --- [maestro] [           main] sContextBeforeModesTestExecutionListener : Before test method: class [ProductoRepositoryTest], method [testDeleteProducto], class annotated with @DirtiesContext [false] with mode [null], method annotated with @DirtiesContext [false] with mode [null]
2024-12-13T17:16:23.381-03:00 DEBUG 23116 --- [maestro] [           main] org.springframework.test.context.cache   : Spring test ApplicationContext cache statistics: [DefaultContextCache@3af9164b size = 2, maxSize = 32, parentContextCount = 0, hitCount = 200, missCount = 2, failureCount = 0]
2024-12-13T17:16:23.381-03:00 DEBUG 23116 --- [maestro] [           main] org.springframework.test.context.cache   : Spring test ApplicationContext cache statistics: [DefaultContextCache@3af9164b size = 2, maxSize = 32, parentContextCount = 0, hitCount = 201, missCount = 2, failureCount = 0]
2024-12-13T17:16:23.382-03:00 DEBUG 23116 --- [maestro] [           main] o.s.orm.jpa.JpaTransactionManager        : Creating new transaction with name [org.springframework.data.jpa.repository.support.SimpleJpaRepository.save]: PROPAGATION_REQUIRED,ISOLATION_DEFAULT
2024-12-13T17:16:23.382-03:00 DEBUG 23116 --- [maestro] [           main] o.s.orm.jpa.JpaTransactionManager        : Opened new EntityManager [SessionImpl(951002986<open>)] for JPA transaction
2024-12-13T17:16:23.382-03:00 DEBUG 23116 --- [maestro] [           main] o.h.e.t.internal.TransactionImpl         : On TransactionImpl creation, JpaCompliance#isJpaTransactionComplianceEnabled == false
2024-12-13T17:16:23.382-03:00 DEBUG 23116 --- [maestro] [           main] o.h.e.t.internal.TransactionImpl         : begin
2024-12-13T17:16:23.382-03:00 DEBUG 23116 --- [maestro] [           main] o.s.orm.jpa.JpaTransactionManager        : Exposing JPA transaction as JDBC [org.springframework.orm.jpa.vendor.HibernateJpaDialect$HibernateConnectionHandle@1b458334]
2024-12-13T17:16:23.382-03:00 DEBUG 23116 --- [maestro] [           main] o.h.j.internal.PersistenceUnitUtilImpl   : jakarta.persistence.PersistenceUnitUtil.getIdentifier is only intended to work with enhanced entities (although Hibernate also adapts this support to its proxies); however the passed entity was not enhanced (nor a proxy).. may not be able to read identifier
2024-12-13T17:16:23.383-03:00 DEBUG 23116 --- [maestro] [           main] org.hibernate.engine.spi.ActionQueue     : Executing identity-insert immediately
2024-12-13T17:16:23.383-03:00 DEBUG 23116 --- [maestro] [           main] org.hibernate.SQL                        : 
    insert 
    into
        producto
        (image, nombre, precio, id) 
    values
        (?, ?, ?, default)
Hibernate: 
    insert 
    into
        producto
        (image, nombre, precio, id) 
    values
        (?, ?, ?, default)
2024-12-13T17:16:23.392-03:00 DEBUG 23116 --- [maestro] [           main] org.hibernate.orm.results                : Initializer list is empty
2024-12-13T17:16:23.392-03:00 DEBUG 23116 --- [maestro] [           main] org.hibernate.orm.results.loading        : Calling top-level assembler (0 / 1) : org.hibernate.sql.results.graph.basic.BasicResultAssembler@6d1a48c5
2024-12-13T17:16:23.392-03:00 DEBUG 23116 --- [maestro] [           main] org.hibernate.orm.results                : Extracted JDBC value [0] - [43]
2024-12-13T17:16:23.392-03:00 DEBUG 23116 --- [maestro] [           main] o.h.id.IdentifierGeneratorHelper         : Extracted generated values [com.microproductos.maestro.model.Producto]: [Ljava.lang.Object;@4293100a
2024-12-13T17:16:23.392-03:00 DEBUG 23116 --- [maestro] [           main] o.s.orm.jpa.JpaTransactionManager        : Initiating transaction commit
2024-12-13T17:16:23.392-03:00 DEBUG 23116 --- [maestro] [           main] o.s.orm.jpa.JpaTransactionManager        : Committing JPA transaction on EntityManager [SessionImpl(951002986<open>)]
2024-12-13T17:16:23.392-03:00 DEBUG 23116 --- [maestro] [           main] o.h.e.t.internal.TransactionImpl         : committing
2024-12-13T17:16:23.392-03:00 DEBUG 23116 --- [maestro] [           main] o.h.e.i.AbstractFlushingEventListener    : Processing flush-time cascades
2024-12-13T17:16:23.392-03:00 DEBUG 23116 --- [maestro] [           main] o.h.e.i.AbstractFlushingEventListener    : Dirty checking collections
2024-12-13T17:16:23.392-03:00 DEBUG 23116 --- [maestro] [           main] o.h.e.i.AbstractFlushingEventListener    : Flushed: 0 insertions, 0 updates, 0 deletions to 1 objects
2024-12-13T17:16:23.392-03:00 DEBUG 23116 --- [maestro] [           main] o.h.e.i.AbstractFlushingEventListener    : Flushed: 0 (re)creations, 0 updates, 0 removals to 0 collections
2024-12-13T17:16:23.392-03:00 DEBUG 23116 --- [maestro] [           main] o.hibernate.internal.util.EntityPrinter  : Listing entities:
2024-12-13T17:16:23.392-03:00 DEBUG 23116 --- [maestro] [           main] o.hibernate.internal.util.EntityPrinter  : com.microproductos.maestro.model.Producto{image=/images/producto1.jpg, precio=100.0, id=43, nombre=Producto 1}
2024-12-13T17:16:23.400-03:00 DEBUG 23116 --- [maestro] [           main] o.s.orm.jpa.JpaTransactionManager        : Closing JPA EntityManager [SessionImpl(951002986<open>)] after transaction
2024-12-13T17:16:23.400-03:00 DEBUG 23116 --- [maestro] [           main] org.springframework.test.context.cache   : Spring test ApplicationContext cache statistics: [DefaultContextCache@3af9164b size = 2, maxSize = 32, parentContextCount = 0, hitCount = 202, missCount = 2, failureCount = 0]
2024-12-13T17:16:23.400-03:00 DEBUG 23116 --- [maestro] [           main] o.s.orm.jpa.JpaTransactionManager        : Creating new transaction with name [org.springframework.data.jpa.repository.support.SimpleJpaRepository.deleteById]: PROPAGATION_REQUIRED,ISOLATION_DEFAULT
2024-12-13T17:16:23.400-03:00 DEBUG 23116 --- [maestro] [           main] o.s.orm.jpa.JpaTransactionManager        : Opened new EntityManager [SessionImpl(1317077261<open>)] for JPA transaction
2024-12-13T17:16:23.400-03:00 DEBUG 23116 --- [maestro] [           main] o.h.e.t.internal.TransactionImpl         : On TransactionImpl creation, JpaCompliance#isJpaTransactionComplianceEnabled == false
2024-12-13T17:16:23.400-03:00 DEBUG 23116 --- [maestro] [           main] o.h.e.t.internal.TransactionImpl         : begin
2024-12-13T17:16:23.401-03:00 DEBUG 23116 --- [maestro] [           main] o.s.orm.jpa.JpaTransactionManager        : Exposing JPA transaction as JDBC [org.springframework.orm.jpa.vendor.HibernateJpaDialect$HibernateConnectionHandle@5950ecba]
2024-12-13T17:16:23.401-03:00 DEBUG 23116 --- [maestro] [           main] org.hibernate.orm.sql.exec               : Skipping reading Query result cache data: cache-enabled = false, cache-mode = IGNORE
2024-12-13T17:16:23.401-03:00 DEBUG 23116 --- [maestro] [           main] org.hibernate.orm.results                : Initializer list:
	  com.microproductos.maestro.model.Producto -> EntityResultInitializer(com.microproductos.maestro.model.Producto)@1723063093 (SingleTableEntityPersister(com.microproductos.maestro.model.Producto))

2024-12-13T17:16:23.401-03:00 DEBUG 23116 --- [maestro] [           main] org.hibernate.SQL                        : 
    select
        p1_0.id,
        p1_0.image,
        p1_0.nombre,
        p1_0.precio 
    from
        producto p1_0 
    where
        p1_0.id=?
Hibernate: 
    select
        p1_0.id,
        p1_0.image,
        p1_0.nombre,
        p1_0.precio 
    from
        producto p1_0 
    where
        p1_0.id=?
2024-12-13T17:16:23.420-03:00 DEBUG 23116 --- [maestro] [           main] o.hibernate.orm.results.loading.entity   : (EntityResultInitializer) Hydrated EntityKey (com.microproductos.maestro.model.Producto): 43
2024-12-13T17:16:23.421-03:00 DEBUG 23116 --- [maestro] [           main] o.hibernate.orm.results.loading.entity   : (EntityResultInitializer) Created new entity instance [com.microproductos.maestro.model.Producto#43] : 618558866
2024-12-13T17:16:23.421-03:00 DEBUG 23116 --- [maestro] [           main] org.hibernate.orm.results                : Extracted JDBC value [1] - [/images/producto1.jpg]
2024-12-13T17:16:23.421-03:00 DEBUG 23116 --- [maestro] [           main] org.hibernate.orm.results                : Extracted JDBC value [2] - [Producto 1]
2024-12-13T17:16:23.421-03:00 DEBUG 23116 --- [maestro] [           main] org.hibernate.orm.results                : Extracted JDBC value [3] - [100.0]
2024-12-13T17:16:23.421-03:00 DEBUG 23116 --- [maestro] [           main] o.hibernate.orm.results.loading.entity   : (EntityResultInitializer) Done materializing entityInstance : com.microproductos.maestro.model.Producto#43
2024-12-13T17:16:23.421-03:00 DEBUG 23116 --- [maestro] [           main] org.hibernate.orm.results.loading        : Calling top-level assembler (0 / 1) : org.hibernate.sql.results.graph.entity.internal.EntityAssembler@5ccc684f
2024-12-13T17:16:23.421-03:00 DEBUG 23116 --- [maestro] [           main] o.h.j.internal.PersistenceUnitUtilImpl   : jakarta.persistence.PersistenceUnitUtil.getIdentifier is only intended to work with enhanced entities (although Hibernate also adapts this support to its proxies); however the passed entity was not enhanced (nor a proxy).. may not be able to read identifier
2024-12-13T17:16:23.425-03:00 DEBUG 23116 --- [maestro] [           main] o.s.orm.jpa.JpaTransactionManager        : Initiating transaction commit
2024-12-13T17:16:23.425-03:00 DEBUG 23116 --- [maestro] [           main] o.s.orm.jpa.JpaTransactionManager        : Committing JPA transaction on EntityManager [SessionImpl(1317077261<open>)]
2024-12-13T17:16:23.425-03:00 DEBUG 23116 --- [maestro] [           main] o.h.e.t.internal.TransactionImpl         : committing
2024-12-13T17:16:23.425-03:00 DEBUG 23116 --- [maestro] [           main] o.h.e.i.AbstractFlushingEventListener    : Processing flush-time cascades
2024-12-13T17:16:23.425-03:00 DEBUG 23116 --- [maestro] [           main] o.h.e.i.AbstractFlushingEventListener    : Dirty checking collections
2024-12-13T17:16:23.425-03:00 DEBUG 23116 --- [maestro] [           main] o.h.e.i.AbstractFlushingEventListener    : Flushed: 0 insertions, 0 updates, 1 deletions to 1 objects
2024-12-13T17:16:23.425-03:00 DEBUG 23116 --- [maestro] [           main] o.h.e.i.AbstractFlushingEventListener    : Flushed: 0 (re)creations, 0 updates, 0 removals to 0 collections
2024-12-13T17:16:23.425-03:00 DEBUG 23116 --- [maestro] [           main] o.hibernate.internal.util.EntityPrinter  : Listing entities:
2024-12-13T17:16:23.425-03:00 DEBUG 23116 --- [maestro] [           main] o.hibernate.internal.util.EntityPrinter  : com.microproductos.maestro.model.Producto{image=/images/producto1.jpg, precio=100.0, id=43, nombre=Producto 1}
2024-12-13T17:16:23.426-03:00 DEBUG 23116 --- [maestro] [           main] org.hibernate.SQL                        : 
    delete 
    from
        producto 
    where
        id=?
Hibernate: 
    delete 
    from
        producto 
    where
        id=?
2024-12-13T17:16:23.439-03:00 DEBUG 23116 --- [maestro] [           main] o.s.orm.jpa.JpaTransactionManager        : Closing JPA EntityManager [SessionImpl(1317077261<open>)] after transaction
2024-12-13T17:16:23.439-03:00 DEBUG 23116 --- [maestro] [           main] o.s.orm.jpa.JpaTransactionManager        : Creating new transaction with name [org.springframework.data.jpa.repository.support.SimpleJpaRepository.findById]: PROPAGATION_REQUIRED,ISOLATION_DEFAULT,readOnly
2024-12-13T17:16:23.439-03:00 DEBUG 23116 --- [maestro] [           main] o.s.orm.jpa.JpaTransactionManager        : Opened new EntityManager [SessionImpl(1762251725<open>)] for JPA transaction
2024-12-13T17:16:23.439-03:00 DEBUG 23116 --- [maestro] [           main] o.s.jdbc.datasource.DataSourceUtils      : Setting JDBC Connection [HikariProxyConnection@1705124913 wrapping oracle.jdbc.driver.T4CConnection@37e851a3] read-only
2024-12-13T17:16:23.439-03:00 DEBUG 23116 --- [maestro] [           main] o.h.e.t.internal.TransactionImpl         : On TransactionImpl creation, JpaCompliance#isJpaTransactionComplianceEnabled == false
2024-12-13T17:16:23.439-03:00 DEBUG 23116 --- [maestro] [           main] o.h.e.t.internal.TransactionImpl         : begin
2024-12-13T17:16:23.439-03:00 DEBUG 23116 --- [maestro] [           main] o.s.orm.jpa.JpaTransactionManager        : Exposing JPA transaction as JDBC [org.springframework.orm.jpa.vendor.HibernateJpaDialect$HibernateConnectionHandle@1c4e8e00]
2024-12-13T17:16:23.440-03:00 DEBUG 23116 --- [maestro] [           main] org.hibernate.orm.sql.exec               : Skipping reading Query result cache data: cache-enabled = false, cache-mode = IGNORE
2024-12-13T17:16:23.440-03:00 DEBUG 23116 --- [maestro] [           main] org.hibernate.orm.results                : Initializer list:
	  com.microproductos.maestro.model.Producto -> EntityResultInitializer(com.microproductos.maestro.model.Producto)@554193761 (SingleTableEntityPersister(com.microproductos.maestro.model.Producto))

2024-12-13T17:16:23.440-03:00 DEBUG 23116 --- [maestro] [           main] org.hibernate.SQL                        : 
    select
        p1_0.id,
        p1_0.image,
        p1_0.nombre,
        p1_0.precio 
    from
        producto p1_0 
    where
        p1_0.id=?
Hibernate: 
    select
        p1_0.id,
        p1_0.image,
        p1_0.nombre,
        p1_0.precio 
    from
        producto p1_0 
    where
        p1_0.id=?
2024-12-13T17:16:23.458-03:00 DEBUG 23116 --- [maestro] [           main] o.s.orm.jpa.JpaTransactionManager        : Initiating transaction commit
2024-12-13T17:16:23.459-03:00 DEBUG 23116 --- [maestro] [           main] o.s.orm.jpa.JpaTransactionManager        : Committing JPA transaction on EntityManager [SessionImpl(1762251725<open>)]
2024-12-13T17:16:23.459-03:00 DEBUG 23116 --- [maestro] [           main] o.h.e.t.internal.TransactionImpl         : committing
2024-12-13T17:16:23.464-03:00 DEBUG 23116 --- [maestro] [           main] o.s.jdbc.datasource.DataSourceUtils      : Resetting read-only flag of JDBC Connection [HikariProxyConnection@1705124913 wrapping oracle.jdbc.driver.T4CConnection@37e851a3]
2024-12-13T17:16:23.464-03:00 DEBUG 23116 --- [maestro] [           main] o.s.orm.jpa.JpaTransactionManager        : Closing JPA EntityManager [SessionImpl(1762251725<open>)] after transaction
2024-12-13T17:16:23.465-03:00 DEBUG 23116 --- [maestro] [           main] org.springframework.test.context.cache   : Spring test ApplicationContext cache statistics: [DefaultContextCache@3af9164b size = 2, maxSize = 32, parentContextCount = 0, hitCount = 203, missCount = 2, failureCount = 0]
2024-12-13T17:16:23.465-03:00 DEBUG 23116 --- [maestro] [           main] org.springframework.test.context.cache   : Spring test ApplicationContext cache statistics: [DefaultContextCache@3af9164b size = 2, maxSize = 32, parentContextCount = 0, hitCount = 204, missCount = 2, failureCount = 0]
2024-12-13T17:16:23.466-03:00 DEBUG 23116 --- [maestro] [           main] org.springframework.test.context.cache   : Spring test ApplicationContext cache statistics: [DefaultContextCache@3af9164b size = 2, maxSize = 32, parentContextCount = 0, hitCount = 205, missCount = 2, failureCount = 0]
2024-12-13T17:16:23.466-03:00 DEBUG 23116 --- [maestro] [           main] org.springframework.test.context.cache   : Spring test ApplicationContext cache statistics: [DefaultContextCache@3af9164b size = 2, maxSize = 32, parentContextCount = 0, hitCount = 206, missCount = 2, failureCount = 0]
2024-12-13T17:16:23.466-03:00 DEBUG 23116 --- [maestro] [           main] org.springframework.test.context.cache   : Spring test ApplicationContext cache statistics: [DefaultContextCache@3af9164b size = 2, maxSize = 32, parentContextCount = 0, hitCount = 207, missCount = 2, failureCount = 0]
2024-12-13T17:16:23.467-03:00 DEBUG 23116 --- [maestro] [           main] org.springframework.test.context.cache   : Spring test ApplicationContext cache statistics: [DefaultContextCache@3af9164b size = 2, maxSize = 32, parentContextCount = 0, hitCount = 208, missCount = 2, failureCount = 0]
2024-12-13T17:16:23.467-03:00 DEBUG 23116 --- [maestro] [           main] org.springframework.test.context.cache   : Spring test ApplicationContext cache statistics: [DefaultContextCache@3af9164b size = 2, maxSize = 32, parentContextCount = 0, hitCount = 209, missCount = 2, failureCount = 0]
2024-12-13T17:16:23.467-03:00 DEBUG 23116 --- [maestro] [           main] .c.s.DirtiesContextTestExecutionListener : After test method: class [ProductoRepositoryTest], method [testDeleteProducto], class annotated with @DirtiesContext [false] with mode [null], method annotated with @DirtiesContext [false] with mode [null]
2024-12-13T17:16:23.467-03:00 DEBUG 23116 --- [maestro] [           main] o.s.t.c.w.ServletTestExecutionListener   : Resetting RequestContextHolder for test class com.microproductos.maestro.repository.ProductoRepositoryTest
]]></system-out>
  </testcase>
  <testcase name="testFindById" classname="com.microproductos.maestro.repository.ProductoRepositoryTest" time="0.046">
    <system-out><![CDATA[2024-12-13T17:16:23.468-03:00 DEBUG 23116 --- [maestro] [           main] org.springframework.test.context.cache   : Spring test ApplicationContext cache statistics: [DefaultContextCache@3af9164b size = 2, maxSize = 32, parentContextCount = 0, hitCount = 210, missCount = 2, failureCount = 0]
2024-12-13T17:16:23.468-03:00 DEBUG 23116 --- [maestro] [           main] o.s.t.c.w.ServletTestExecutionListener   : Setting up MockHttpServletRequest, MockHttpServletResponse, ServletWebRequest, and RequestContextHolder for test class com.microproductos.maestro.repository.ProductoRepositoryTest
2024-12-13T17:16:23.468-03:00 DEBUG 23116 --- [maestro] [           main] DependencyInjectionTestExecutionListener : Performing dependency injection for test class com.microproductos.maestro.repository.ProductoRepositoryTest
2024-12-13T17:16:23.468-03:00 DEBUG 23116 --- [maestro] [           main] org.springframework.test.context.cache   : Spring test ApplicationContext cache statistics: [DefaultContextCache@3af9164b size = 2, maxSize = 32, parentContextCount = 0, hitCount = 211, missCount = 2, failureCount = 0]
2024-12-13T17:16:23.468-03:00 DEBUG 23116 --- [maestro] [           main] org.springframework.test.context.cache   : Spring test ApplicationContext cache statistics: [DefaultContextCache@3af9164b size = 2, maxSize = 32, parentContextCount = 0, hitCount = 212, missCount = 2, failureCount = 0]
2024-12-13T17:16:23.469-03:00 DEBUG 23116 --- [maestro] [           main] sContextBeforeModesTestExecutionListener : Before test method: class [ProductoRepositoryTest], method [testFindById], class annotated with @DirtiesContext [false] with mode [null], method annotated with @DirtiesContext [false] with mode [null]
2024-12-13T17:16:23.469-03:00 DEBUG 23116 --- [maestro] [           main] org.springframework.test.context.cache   : Spring test ApplicationContext cache statistics: [DefaultContextCache@3af9164b size = 2, maxSize = 32, parentContextCount = 0, hitCount = 213, missCount = 2, failureCount = 0]
2024-12-13T17:16:23.469-03:00 DEBUG 23116 --- [maestro] [           main] org.springframework.test.context.cache   : Spring test ApplicationContext cache statistics: [DefaultContextCache@3af9164b size = 2, maxSize = 32, parentContextCount = 0, hitCount = 214, missCount = 2, failureCount = 0]
2024-12-13T17:16:23.470-03:00 DEBUG 23116 --- [maestro] [           main] o.s.orm.jpa.JpaTransactionManager        : Creating new transaction with name [org.springframework.data.jpa.repository.support.SimpleJpaRepository.save]: PROPAGATION_REQUIRED,ISOLATION_DEFAULT
2024-12-13T17:16:23.470-03:00 DEBUG 23116 --- [maestro] [           main] o.s.orm.jpa.JpaTransactionManager        : Opened new EntityManager [SessionImpl(875125571<open>)] for JPA transaction
2024-12-13T17:16:23.470-03:00 DEBUG 23116 --- [maestro] [           main] o.h.e.t.internal.TransactionImpl         : On TransactionImpl creation, JpaCompliance#isJpaTransactionComplianceEnabled == false
2024-12-13T17:16:23.470-03:00 DEBUG 23116 --- [maestro] [           main] o.h.e.t.internal.TransactionImpl         : begin
2024-12-13T17:16:23.470-03:00 DEBUG 23116 --- [maestro] [           main] o.s.orm.jpa.JpaTransactionManager        : Exposing JPA transaction as JDBC [org.springframework.orm.jpa.vendor.HibernateJpaDialect$HibernateConnectionHandle@61b0335f]
2024-12-13T17:16:23.471-03:00 DEBUG 23116 --- [maestro] [           main] o.h.j.internal.PersistenceUnitUtilImpl   : jakarta.persistence.PersistenceUnitUtil.getIdentifier is only intended to work with enhanced entities (although Hibernate also adapts this support to its proxies); however the passed entity was not enhanced (nor a proxy).. may not be able to read identifier
2024-12-13T17:16:23.471-03:00 DEBUG 23116 --- [maestro] [           main] org.hibernate.engine.spi.ActionQueue     : Executing identity-insert immediately
2024-12-13T17:16:23.471-03:00 DEBUG 23116 --- [maestro] [           main] org.hibernate.SQL                        : 
    insert 
    into
        producto
        (image, nombre, precio, id) 
    values
        (?, ?, ?, default)
Hibernate: 
    insert 
    into
        producto
        (image, nombre, precio, id) 
    values
        (?, ?, ?, default)
2024-12-13T17:16:23.479-03:00 DEBUG 23116 --- [maestro] [           main] org.hibernate.orm.results                : Initializer list is empty
2024-12-13T17:16:23.479-03:00 DEBUG 23116 --- [maestro] [           main] org.hibernate.orm.results.loading        : Calling top-level assembler (0 / 1) : org.hibernate.sql.results.graph.basic.BasicResultAssembler@4ecb21
2024-12-13T17:16:23.480-03:00 DEBUG 23116 --- [maestro] [           main] org.hibernate.orm.results                : Extracted JDBC value [0] - [44]
2024-12-13T17:16:23.480-03:00 DEBUG 23116 --- [maestro] [           main] o.h.id.IdentifierGeneratorHelper         : Extracted generated values [com.microproductos.maestro.model.Producto]: [Ljava.lang.Object;@162bc2e6
2024-12-13T17:16:23.480-03:00 DEBUG 23116 --- [maestro] [           main] o.s.orm.jpa.JpaTransactionManager        : Initiating transaction commit
2024-12-13T17:16:23.480-03:00 DEBUG 23116 --- [maestro] [           main] o.s.orm.jpa.JpaTransactionManager        : Committing JPA transaction on EntityManager [SessionImpl(875125571<open>)]
2024-12-13T17:16:23.480-03:00 DEBUG 23116 --- [maestro] [           main] o.h.e.t.internal.TransactionImpl         : committing
2024-12-13T17:16:23.480-03:00 DEBUG 23116 --- [maestro] [           main] o.h.e.i.AbstractFlushingEventListener    : Processing flush-time cascades
2024-12-13T17:16:23.480-03:00 DEBUG 23116 --- [maestro] [           main] o.h.e.i.AbstractFlushingEventListener    : Dirty checking collections
2024-12-13T17:16:23.480-03:00 DEBUG 23116 --- [maestro] [           main] o.h.e.i.AbstractFlushingEventListener    : Flushed: 0 insertions, 0 updates, 0 deletions to 1 objects
2024-12-13T17:16:23.480-03:00 DEBUG 23116 --- [maestro] [           main] o.h.e.i.AbstractFlushingEventListener    : Flushed: 0 (re)creations, 0 updates, 0 removals to 0 collections
2024-12-13T17:16:23.480-03:00 DEBUG 23116 --- [maestro] [           main] o.hibernate.internal.util.EntityPrinter  : Listing entities:
2024-12-13T17:16:23.480-03:00 DEBUG 23116 --- [maestro] [           main] o.hibernate.internal.util.EntityPrinter  : com.microproductos.maestro.model.Producto{image=/images/producto1.jpg, precio=100.0, id=44, nombre=Producto 1}
2024-12-13T17:16:23.487-03:00 DEBUG 23116 --- [maestro] [           main] o.s.orm.jpa.JpaTransactionManager        : Closing JPA EntityManager [SessionImpl(875125571<open>)] after transaction
2024-12-13T17:16:23.488-03:00 DEBUG 23116 --- [maestro] [           main] org.springframework.test.context.cache   : Spring test ApplicationContext cache statistics: [DefaultContextCache@3af9164b size = 2, maxSize = 32, parentContextCount = 0, hitCount = 215, missCount = 2, failureCount = 0]
2024-12-13T17:16:23.488-03:00 DEBUG 23116 --- [maestro] [           main] o.s.orm.jpa.JpaTransactionManager        : Creating new transaction with name [org.springframework.data.jpa.repository.support.SimpleJpaRepository.findById]: PROPAGATION_REQUIRED,ISOLATION_DEFAULT,readOnly
2024-12-13T17:16:23.488-03:00 DEBUG 23116 --- [maestro] [           main] o.s.orm.jpa.JpaTransactionManager        : Opened new EntityManager [SessionImpl(1776884253<open>)] for JPA transaction
2024-12-13T17:16:23.488-03:00 DEBUG 23116 --- [maestro] [           main] o.s.jdbc.datasource.DataSourceUtils      : Setting JDBC Connection [HikariProxyConnection@429766285 wrapping oracle.jdbc.driver.T4CConnection@37e851a3] read-only
2024-12-13T17:16:23.488-03:00 DEBUG 23116 --- [maestro] [           main] o.h.e.t.internal.TransactionImpl         : On TransactionImpl creation, JpaCompliance#isJpaTransactionComplianceEnabled == false
2024-12-13T17:16:23.488-03:00 DEBUG 23116 --- [maestro] [           main] o.h.e.t.internal.TransactionImpl         : begin
2024-12-13T17:16:23.488-03:00 DEBUG 23116 --- [maestro] [           main] o.s.orm.jpa.JpaTransactionManager        : Exposing JPA transaction as JDBC [org.springframework.orm.jpa.vendor.HibernateJpaDialect$HibernateConnectionHandle@6f7c615c]
2024-12-13T17:16:23.488-03:00 DEBUG 23116 --- [maestro] [           main] org.hibernate.orm.sql.exec               : Skipping reading Query result cache data: cache-enabled = false, cache-mode = IGNORE
2024-12-13T17:16:23.488-03:00 DEBUG 23116 --- [maestro] [           main] org.hibernate.orm.results                : Initializer list:
	  com.microproductos.maestro.model.Producto -> EntityResultInitializer(com.microproductos.maestro.model.Producto)@654881447 (SingleTableEntityPersister(com.microproductos.maestro.model.Producto))

2024-12-13T17:16:23.489-03:00 DEBUG 23116 --- [maestro] [           main] org.hibernate.SQL                        : 
    select
        p1_0.id,
        p1_0.image,
        p1_0.nombre,
        p1_0.precio 
    from
        producto p1_0 
    where
        p1_0.id=?
Hibernate: 
    select
        p1_0.id,
        p1_0.image,
        p1_0.nombre,
        p1_0.precio 
    from
        producto p1_0 
    where
        p1_0.id=?
2024-12-13T17:16:23.508-03:00 DEBUG 23116 --- [maestro] [           main] o.hibernate.orm.results.loading.entity   : (EntityResultInitializer) Hydrated EntityKey (com.microproductos.maestro.model.Producto): 44
2024-12-13T17:16:23.508-03:00 DEBUG 23116 --- [maestro] [           main] o.hibernate.orm.results.loading.entity   : (EntityResultInitializer) Created new entity instance [com.microproductos.maestro.model.Producto#44] : 2117563324
2024-12-13T17:16:23.508-03:00 DEBUG 23116 --- [maestro] [           main] org.hibernate.orm.results                : Extracted JDBC value [1] - [/images/producto1.jpg]
2024-12-13T17:16:23.508-03:00 DEBUG 23116 --- [maestro] [           main] org.hibernate.orm.results                : Extracted JDBC value [2] - [Producto 1]
2024-12-13T17:16:23.508-03:00 DEBUG 23116 --- [maestro] [           main] org.hibernate.orm.results                : Extracted JDBC value [3] - [100.0]
2024-12-13T17:16:23.508-03:00 DEBUG 23116 --- [maestro] [           main] o.hibernate.orm.results.loading.entity   : (EntityResultInitializer) Done materializing entityInstance : com.microproductos.maestro.model.Producto#44
2024-12-13T17:16:23.508-03:00 DEBUG 23116 --- [maestro] [           main] org.hibernate.orm.results.loading        : Calling top-level assembler (0 / 1) : org.hibernate.sql.results.graph.entity.internal.EntityAssembler@1c487b57
2024-12-13T17:16:23.508-03:00 DEBUG 23116 --- [maestro] [           main] o.s.orm.jpa.JpaTransactionManager        : Initiating transaction commit
2024-12-13T17:16:23.508-03:00 DEBUG 23116 --- [maestro] [           main] o.s.orm.jpa.JpaTransactionManager        : Committing JPA transaction on EntityManager [SessionImpl(1776884253<open>)]
2024-12-13T17:16:23.508-03:00 DEBUG 23116 --- [maestro] [           main] o.h.e.t.internal.TransactionImpl         : committing
2024-12-13T17:16:23.512-03:00 DEBUG 23116 --- [maestro] [           main] o.s.jdbc.datasource.DataSourceUtils      : Resetting read-only flag of JDBC Connection [HikariProxyConnection@429766285 wrapping oracle.jdbc.driver.T4CConnection@37e851a3]
2024-12-13T17:16:23.512-03:00 DEBUG 23116 --- [maestro] [           main] o.s.orm.jpa.JpaTransactionManager        : Closing JPA EntityManager [SessionImpl(1776884253<open>)] after transaction
2024-12-13T17:16:23.512-03:00 DEBUG 23116 --- [maestro] [           main] org.springframework.test.context.cache   : Spring test ApplicationContext cache statistics: [DefaultContextCache@3af9164b size = 2, maxSize = 32, parentContextCount = 0, hitCount = 216, missCount = 2, failureCount = 0]
2024-12-13T17:16:23.512-03:00 DEBUG 23116 --- [maestro] [           main] org.springframework.test.context.cache   : Spring test ApplicationContext cache statistics: [DefaultContextCache@3af9164b size = 2, maxSize = 32, parentContextCount = 0, hitCount = 217, missCount = 2, failureCount = 0]
2024-12-13T17:16:23.513-03:00 DEBUG 23116 --- [maestro] [           main] org.springframework.test.context.cache   : Spring test ApplicationContext cache statistics: [DefaultContextCache@3af9164b size = 2, maxSize = 32, parentContextCount = 0, hitCount = 218, missCount = 2, failureCount = 0]
2024-12-13T17:16:23.513-03:00 DEBUG 23116 --- [maestro] [           main] org.springframework.test.context.cache   : Spring test ApplicationContext cache statistics: [DefaultContextCache@3af9164b size = 2, maxSize = 32, parentContextCount = 0, hitCount = 219, missCount = 2, failureCount = 0]
2024-12-13T17:16:23.513-03:00 DEBUG 23116 --- [maestro] [           main] org.springframework.test.context.cache   : Spring test ApplicationContext cache statistics: [DefaultContextCache@3af9164b size = 2, maxSize = 32, parentContextCount = 0, hitCount = 220, missCount = 2, failureCount = 0]
2024-12-13T17:16:23.514-03:00 DEBUG 23116 --- [maestro] [           main] org.springframework.test.context.cache   : Spring test ApplicationContext cache statistics: [DefaultContextCache@3af9164b size = 2, maxSize = 32, parentContextCount = 0, hitCount = 221, missCount = 2, failureCount = 0]
2024-12-13T17:16:23.514-03:00 DEBUG 23116 --- [maestro] [           main] org.springframework.test.context.cache   : Spring test ApplicationContext cache statistics: [DefaultContextCache@3af9164b size = 2, maxSize = 32, parentContextCount = 0, hitCount = 222, missCount = 2, failureCount = 0]
2024-12-13T17:16:23.514-03:00 DEBUG 23116 --- [maestro] [           main] .c.s.DirtiesContextTestExecutionListener : After test method: class [ProductoRepositoryTest], method [testFindById], class annotated with @DirtiesContext [false] with mode [null], method annotated with @DirtiesContext [false] with mode [null]
2024-12-13T17:16:23.514-03:00 DEBUG 23116 --- [maestro] [           main] o.s.t.c.w.ServletTestExecutionListener   : Resetting RequestContextHolder for test class com.microproductos.maestro.repository.ProductoRepositoryTest
]]></system-out>
  </testcase>
</testsuite>